Flow report for DESIGN4TG
Thu Jan 16 20:02:34 2014
Quartus II 64-Bit Version 9.0 Build 235 06/17/2009 Service Pack 2 SJ Full Version


---------------------
; Table of Contents ;
---------------------
  1. Legal Notice
  2. Flow Summary
  3. Flow Settings
  4. Flow Non-Default Global Settings
  5. Flow Elapsed Time
  6. Flow OS Summary
  7. Flow Log



----------------
; Legal Notice ;
----------------
Copyright (C) 1991-2009 Altera Corporation
Your use of Altera Corporation's design tools, logic functions 
and other software and tools, and its AMPP partner logic 
functions, and any output files from any of the foregoing 
(including device programming or simulation files), and any 
associated documentation or information are expressly subject 
to the terms and conditions of the Altera Program License 
Subscription Agreement, Altera MegaCore Function License 
Agreement, or other applicable license agreement, including, 
without limitation, that your use is for the sole purpose of 
programming logic devices manufactured by Altera and sold by 
Altera or its authorized distributors.  Please refer to the 
applicable agreement for further details.



+---------------------------------------------------------------------------+
; Flow Summary                                                              ;
+---------------------------+-----------------------------------------------+
; Flow Status               ; Successful - Thu Jan 16 20:02:34 2014         ;
; Quartus II 64-Bit Version ; 9.0 Build 235 06/17/2009 SP 2 SJ Full Version ;
; Revision Name             ; DESIGN4TG                                     ;
; Top-level Entity Name     ; DESIGN4TG                                     ;
; Family                    ; FLEX10K                                       ;
; Device                    ; EPF10K70RC240-4                               ;
; Timing Models             ; Final                                         ;
; Met timing requirements   ; Yes                                           ;
; Total logic elements      ; 113 / 3,744 ( 3 % )                           ;
; Total pins                ; 28 / 189 ( 15 % )                             ;
; Total memory bits         ; 0 / 18,432 ( 0 % )                            ;
+---------------------------+-----------------------------------------------+


+-----------------------------------------+
; Flow Settings                           ;
+-------------------+---------------------+
; Option            ; Setting             ;
+-------------------+---------------------+
; Start date & time ; 01/16/2014 20:02:15 ;
; Main task         ; Compilation         ;
; Revision Name     ; DESIGN4TG           ;
+-------------------+---------------------+


+-----------------------------------------------------------------------------------------------------------------------------------+
; Flow Non-Default Global Settings                                                                                                  ;
+------------------------------------+--------------------------------+------------------------------+-------------+----------------+
; Assignment Name                    ; Value                          ; Default Value                ; Entity Name ; Section Id     ;
+------------------------------------+--------------------------------+------------------------------+-------------+----------------+
; COMPILER_SIGNATURE_ID              ; 48549626552477.138992053505620 ; --                           ; --          ; --             ;
; INCREMENTAL_COMPILATION            ; Off                            ; FULL_INCREMENTAL_COMPILATION ; --          ; --             ;
; MISC_FILE                          ; Z:/DESIGN4TG/DESIGN4TG.dpf     ; --                           ; --          ; --             ;
; USE_GENERATED_PHYSICAL_CONSTRAINTS ; Off                            ; --                           ; --          ; eda_blast_fpga ;
+------------------------------------+--------------------------------+------------------------------+-------------+----------------+


+-----------------------------------------------------------------------------------------------------------------------------+
; Flow Elapsed Time                                                                                                           ;
+-------------------------+--------------+-------------------------+---------------------+------------------------------------+
; Module Name             ; Elapsed Time ; Average Processors Used ; Peak Virtual Memory ; Total CPU Time (on all processors) ;
+-------------------------+--------------+-------------------------+---------------------+------------------------------------+
; Analysis & Synthesis    ; 00:00:07     ; 1.0                     ; 376 MB              ; 00:00:02                           ;
; Fitter                  ; 00:00:04     ; 1.0                     ; 400 MB              ; 00:00:02                           ;
; Assembler               ; 00:00:01     ; 1.0                     ; 294 MB              ; 00:00:00                           ;
; Classic Timing Analyzer ; 00:00:02     ; 1.0                     ; 276 MB              ; 00:00:00                           ;
; Total                   ; 00:00:14     ; --                      ; --                  ; 00:00:04                           ;
+-------------------------+--------------+-------------------------+---------------------+------------------------------------+


+------------------------------------------------------------------------------------------+
; Flow OS Summary                                                                          ;
+-------------------------+------------------+---------------+------------+----------------+
; Module Name             ; Machine Hostname ; OS Name       ; OS Version ; Processor type ;
+-------------------------+------------------+---------------+------------+----------------+
; Analysis & Synthesis    ; PVDACD516-09     ; Windows Vista ; 6.1        ; x86_64         ;
; Fitter                  ; PVDACD516-09     ; Windows Vista ; 6.1        ; x86_64         ;
; Assembler               ; PVDACD516-09     ; Windows Vista ; 6.1        ; x86_64         ;
; Classic Timing Analyzer ; PVDACD516-09     ; Windows Vista ; 6.1        ; x86_64         ;
+-------------------------+------------------+---------------+------------+----------------+


------------
; Flow Log ;
------------
quartus_map --read_settings_files=on --write_settings_files=off DESIGN4TG -c DESIGN4TG
quartus_fit --read_settings_files=off --write_settings_files=off DESIGN4TG -c DESIGN4TG
quartus_asm --read_settings_files=off --write_settings_files=off DESIGN4TG -c DESIGN4TG
quartus_tan --read_settings_files=off --write_settings_files=off DESIGN4TG -c DESIGN4TG



