Analysis & Synthesis report for DESIGN4TG
Thu Jan 16 20:02:20 2014
Quartus II 64-Bit Version 9.0 Build 235 06/17/2009 Service Pack 2 SJ Full Version


---------------------
; Table of Contents ;
---------------------
  1. Legal Notice
  2. Analysis & Synthesis Summary
  3. Analysis & Synthesis Settings
  4. Analysis & Synthesis Source Files Read
  5. Analysis & Synthesis Resource Usage Summary
  6. Analysis & Synthesis Resource Utilization by Entity
  7. Registers Removed During Synthesis
  8. General Register Statistics
  9. Source assignments for CLK_GEN:inst5|lpm_add_sub:Add0|addcore:adder
 10. Parameter Settings for Inferred Entity Instance: CLK_GEN:inst5|lpm_add_sub:Add0
 11. Analysis & Synthesis Messages



----------------
; Legal Notice ;
----------------
Copyright (C) 1991-2009 Altera Corporation
Your use of Altera Corporation's design tools, logic functions 
and other software and tools, and its AMPP partner logic 
functions, and any output files from any of the foregoing 
(including device programming or simulation files), and any 
associated documentation or information are expressly subject 
to the terms and conditions of the Altera Program License 
Subscription Agreement, Altera MegaCore Function License 
Agreement, or other applicable license agreement, including, 
without limitation, that your use is for the sole purpose of 
programming logic devices manufactured by Altera and sold by 
Altera or its authorized distributors.  Please refer to the 
applicable agreement for further details.



+-----------------------------------------------------------------------------+
; Analysis & Synthesis Summary                                                ;
+-----------------------------+-----------------------------------------------+
; Analysis & Synthesis Status ; Successful - Thu Jan 16 20:02:20 2014         ;
; Quartus II 64-Bit Version   ; 9.0 Build 235 06/17/2009 SP 2 SJ Full Version ;
; Revision Name               ; DESIGN4TG                                     ;
; Top-level Entity Name       ; DESIGN4TG                                     ;
; Family                      ; FLEX10K                                       ;
; Total logic elements        ; 113                                           ;
; Total pins                  ; 28                                            ;
; Total memory bits           ; 0                                             ;
+-----------------------------+-----------------------------------------------+


+------------------------------------------------------------------------------------------------+
; Analysis & Synthesis Settings                                                                  ;
+--------------------------------------------------------------+-----------------+---------------+
; Option                                                       ; Setting         ; Default Value ;
+--------------------------------------------------------------+-----------------+---------------+
; Device                                                       ; EPF10K70RC240-4 ;               ;
; Top-level entity name                                        ; DESIGN4TG       ; DESIGN4TG     ;
; Family name                                                  ; FLEX10K         ; Stratix II    ;
; Use Generated Physical Constraints File                      ; Off             ;               ;
; Use smart compilation                                        ; Off             ; Off           ;
; Create Debugging Nodes for IP Cores                          ; Off             ; Off           ;
; Preserve fewer node names                                    ; On              ; On            ;
; Disable OpenCore Plus hardware evaluation                    ; Off             ; Off           ;
; Verilog Version                                              ; Verilog_2001    ; Verilog_2001  ;
; VHDL Version                                                 ; VHDL93          ; VHDL93        ;
; State Machine Processing                                     ; Auto            ; Auto          ;
; Safe State Machine                                           ; Off             ; Off           ;
; Extract Verilog State Machines                               ; On              ; On            ;
; Extract VHDL State Machines                                  ; On              ; On            ;
; Ignore Verilog initial constructs                            ; Off             ; Off           ;
; Iteration limit for constant Verilog loops                   ; 5000            ; 5000          ;
; Iteration limit for non-constant Verilog loops               ; 250             ; 250           ;
; Add Pass-Through Logic to Inferred RAMs                      ; On              ; On            ;
; Parallel Synthesis                                           ; Off             ; Off           ;
; NOT Gate Push-Back                                           ; On              ; On            ;
; Power-Up Don't Care                                          ; On              ; On            ;
; Remove Redundant Logic Cells                                 ; Off             ; Off           ;
; Remove Duplicate Registers                                   ; On              ; On            ;
; Ignore CARRY Buffers                                         ; Off             ; Off           ;
; Ignore CASCADE Buffers                                       ; Off             ; Off           ;
; Ignore GLOBAL Buffers                                        ; Off             ; Off           ;
; Ignore ROW GLOBAL Buffers                                    ; Off             ; Off           ;
; Ignore LCELL Buffers                                         ; Off             ; Off           ;
; Ignore SOFT Buffers                                          ; On              ; On            ;
; Limit AHDL Integers to 32 Bits                               ; Off             ; Off           ;
; Auto Implement in ROM                                        ; Off             ; Off           ;
; Optimization Technique                                       ; Area            ; Area          ;
; Carry Chain Length                                           ; 32              ; 32            ;
; Cascade Chain Length                                         ; 2               ; 2             ;
; Auto Carry Chains                                            ; On              ; On            ;
; Auto Open-Drain Pins                                         ; On              ; On            ;
; Auto ROM Replacement                                         ; On              ; On            ;
; Auto RAM Replacement                                         ; On              ; On            ;
; Auto Clock Enable Replacement                                ; On              ; On            ;
; Strict RAM Replacement                                       ; Off             ; Off           ;
; Auto Resource Sharing                                        ; Off             ; Off           ;
; Allow Any RAM Size For Recognition                           ; Off             ; Off           ;
; Allow Any ROM Size For Recognition                           ; Off             ; Off           ;
; Use LogicLock Constraints during Resource Balancing          ; On              ; On            ;
; Ignore translate_off and synthesis_off directives            ; Off             ; Off           ;
; Show Parameter Settings Tables in Synthesis Report           ; On              ; On            ;
; HDL message level                                            ; Level2          ; Level2        ;
; Suppress Register Optimization Related Messages              ; Off             ; Off           ;
; Number of Removed Registers Reported in Synthesis Report     ; 100             ; 100           ;
; Number of Inverted Registers Reported in Synthesis Report    ; 100             ; 100           ;
; Block Design Naming                                          ; Auto            ; Auto          ;
; Synthesis Effort                                             ; Auto            ; Auto          ;
; Shift Register Replacement - Allow Asynchronous Clear Signal ; On              ; On            ;
; Analysis & Synthesis Message Level                           ; Medium          ; Medium        ;
+--------------------------------------------------------------+-----------------+---------------+


+----------------------------------------------------------------------------------------------------------------------------------------------------------------+
; Analysis & Synthesis Source Files Read                                                                                                                         ;
+----------------------------------+-----------------+------------------------------------+----------------------------------------------------------------------+
; File Name with User-Entered Path ; Used in Netlist ; File Type                          ; File Name with Absolute Path                                         ;
+----------------------------------+-----------------+------------------------------------+----------------------------------------------------------------------+
; DESIGN4TG_NINE_CNT.vhd           ; yes             ; User VHDL File                     ; Z:/DESIGN4TG/DESIGN4TG_NINE_CNT.vhd                                  ;
; DESIGN4TG_FIVE_CNT.vhd           ; yes             ; User VHDL File                     ; Z:/DESIGN4TG/DESIGN4TG_FIVE_CNT.vhd                                  ;
; DESIGN4TG_7SEG_DEC.vhd           ; yes             ; User VHDL File                     ; Z:/DESIGN4TG/DESIGN4TG_7SEG_DEC.vhd                                  ;
; DESIGN4TG.bdf                    ; yes             ; User Block Diagram/Schematic File  ; Z:/DESIGN4TG/DESIGN4TG.bdf                                           ;
; CLK_GEN.vhd                      ; yes             ; User VHDL File                     ; Z:/DESIGN4TG/CLK_GEN.vhd                                             ;
; DESIGN4TG_ALARM.vhd              ; yes             ; User VHDL File                     ; Z:/DESIGN4TG/DESIGN4TG_ALARM.vhd                                     ;
; lpm_add_sub.tdf                  ; yes             ; Megafunction                       ; c:/altera/90/quartus/libraries/megafunctions/lpm_add_sub.tdf         ;
; addcore.inc                      ; yes             ; Megafunction                       ; c:/altera/90/quartus/libraries/megafunctions/addcore.inc             ;
; look_add.inc                     ; yes             ; Megafunction                       ; c:/altera/90/quartus/libraries/megafunctions/look_add.inc            ;
; bypassff.inc                     ; yes             ; Megafunction                       ; c:/altera/90/quartus/libraries/megafunctions/bypassff.inc            ;
; altshift.inc                     ; yes             ; Megafunction                       ; c:/altera/90/quartus/libraries/megafunctions/altshift.inc            ;
; alt_stratix_add_sub.inc          ; yes             ; Megafunction                       ; c:/altera/90/quartus/libraries/megafunctions/alt_stratix_add_sub.inc ;
; alt_mercury_add_sub.inc          ; yes             ; Megafunction                       ; c:/altera/90/quartus/libraries/megafunctions/alt_mercury_add_sub.inc ;
; aglobal90.inc                    ; yes             ; Megafunction                       ; c:/altera/90/quartus/libraries/megafunctions/aglobal90.inc           ;
; addcore.tdf                      ; yes             ; Megafunction                       ; c:/altera/90/quartus/libraries/megafunctions/addcore.tdf             ;
; a_csnbuffer.inc                  ; yes             ; Megafunction                       ; c:/altera/90/quartus/libraries/megafunctions/a_csnbuffer.inc         ;
; a_csnbuffer.tdf                  ; yes             ; Megafunction                       ; c:/altera/90/quartus/libraries/megafunctions/a_csnbuffer.tdf         ;
; altshift.tdf                     ; yes             ; Megafunction                       ; c:/altera/90/quartus/libraries/megafunctions/altshift.tdf            ;
+----------------------------------+-----------------+------------------------------------+----------------------------------------------------------------------+


+---------------------------------------------+
; Analysis & Synthesis Resource Usage Summary ;
+-----------------------------------+---------+
; Resource                          ; Usage   ;
+-----------------------------------+---------+
; Total logic elements              ; 113     ;
; Total combinational functions     ; 99      ;
;     -- Total 4-input functions    ; 26      ;
;     -- Total 3-input functions    ; 25      ;
;     -- Total 2-input functions    ; 21      ;
;     -- Total 1-input functions    ; 27      ;
;     -- Total 0-input functions    ; 0       ;
; Total registers                   ; 45      ;
; Total logic cells in carry chains ; 24      ;
; I/O pins                          ; 28      ;
; Maximum fan-out node              ; CLK     ;
; Maximum fan-out                   ; 25      ;
; Total fan-out                     ; 371     ;
; Average fan-out                   ; 2.63    ;
+-----------------------------------+---------+


+-------------------------------------------------------------------------------------------------------------------------------------------------------------------------------------------------------------------------------------------------------------------------------+
; Analysis & Synthesis Resource Utilization by Entity                                                                                                                                                                                                                           ;
+---------------------------------------+-------------+--------------+-------------+------+--------------+-------------------+------------------+-----------------+------------+---------------------------------------------------------------------------------+--------------+
; Compilation Hierarchy Node            ; Logic Cells ; LC Registers ; Memory Bits ; Pins ; LUT-Only LCs ; Register-Only LCs ; LUT/Register LCs ; Carry Chain LCs ; Packed LCs ; Full Hierarchy Name                                                             ; Library Name ;
+---------------------------------------+-------------+--------------+-------------+------+--------------+-------------------+------------------+-----------------+------------+---------------------------------------------------------------------------------+--------------+
; |DESIGN4TG                            ; 113 (0)     ; 45           ; 0           ; 28   ; 68 (0)       ; 14 (0)            ; 31 (0)           ; 24 (0)          ; 0 (0)      ; |DESIGN4TG                                                                      ; work         ;
;    |CLK_GEN:inst5|                    ; 55 (32)     ; 25           ; 0           ; 0    ; 30 (7)       ; 14 (14)           ; 11 (11)          ; 24 (1)          ; 0 (0)      ; |DESIGN4TG|CLK_GEN:inst5                                                        ; work         ;
;       |lpm_add_sub:Add0|              ; 23 (0)      ; 0            ; 0           ; 0    ; 23 (0)       ; 0 (0)             ; 0 (0)            ; 23 (0)          ; 0 (0)      ; |DESIGN4TG|CLK_GEN:inst5|lpm_add_sub:Add0                                       ; work         ;
;          |addcore:adder|              ; 23 (1)      ; 0            ; 0           ; 0    ; 23 (1)       ; 0 (0)             ; 0 (0)            ; 23 (1)          ; 0 (0)      ; |DESIGN4TG|CLK_GEN:inst5|lpm_add_sub:Add0|addcore:adder                         ; work         ;
;             |a_csnbuffer:result_node| ; 22 (22)     ; 0            ; 0           ; 0    ; 22 (22)      ; 0 (0)             ; 0 (0)            ; 22 (22)         ; 0 (0)      ; |DESIGN4TG|CLK_GEN:inst5|lpm_add_sub:Add0|addcore:adder|a_csnbuffer:result_node ; work         ;
;    |DESIGN4TG_7SEG_DEC:inst6|         ; 7 (7)       ; 0            ; 0           ; 0    ; 7 (7)        ; 0 (0)             ; 0 (0)            ; 0 (0)           ; 0 (0)      ; |DESIGN4TG|DESIGN4TG_7SEG_DEC:inst6                                             ; work         ;
;    |DESIGN4TG_7SEG_DEC:inst7|         ; 7 (7)       ; 0            ; 0           ; 0    ; 7 (7)        ; 0 (0)             ; 0 (0)            ; 0 (0)           ; 0 (0)      ; |DESIGN4TG|DESIGN4TG_7SEG_DEC:inst7                                             ; work         ;
;    |DESIGN4TG_FIVE_CNT:inst3|         ; 8 (8)       ; 4            ; 0           ; 0    ; 4 (4)        ; 0 (0)             ; 4 (4)            ; 0 (0)           ; 0 (0)      ; |DESIGN4TG|DESIGN4TG_FIVE_CNT:inst3                                             ; work         ;
;    |DESIGN4TG_FIVE_CNT:inst4|         ; 8 (8)       ; 4            ; 0           ; 0    ; 4 (4)        ; 0 (0)             ; 4 (4)            ; 0 (0)           ; 0 (0)      ; |DESIGN4TG|DESIGN4TG_FIVE_CNT:inst4                                             ; work         ;
;    |DESIGN4TG_NINE_CNT:inst1|         ; 7 (7)       ; 5            ; 0           ; 0    ; 2 (2)        ; 0 (0)             ; 5 (5)            ; 0 (0)           ; 0 (0)      ; |DESIGN4TG|DESIGN4TG_NINE_CNT:inst1                                             ; work         ;
;    |DESIGN4TG_NINE_CNT:inst2|         ; 10 (10)     ; 5            ; 0           ; 0    ; 5 (5)        ; 0 (0)             ; 5 (5)            ; 0 (0)           ; 0 (0)      ; |DESIGN4TG|DESIGN4TG_NINE_CNT:inst2                                             ; work         ;
;    |DESIGN6TG_ALARM:inst10|           ; 11 (11)     ; 2            ; 0           ; 0    ; 9 (9)        ; 0 (0)             ; 2 (2)            ; 0 (0)           ; 0 (0)      ; |DESIGN4TG|DESIGN6TG_ALARM:inst10                                               ; work         ;
+---------------------------------------+-------------+--------------+-------------+------+--------------+-------------------+------------------+-----------------+------------+---------------------------------------------------------------------------------+--------------+
Note: For table entries with two numbers listed, the numbers in parentheses indicate the number of resources of the given type used by the specific entity alone. The numbers listed outside of parentheses indicate the total resources of the given type used by the specific entity and all of its sub-entities in the hierarchy.


+---------------------------------------------------------------------------------------------+
; Registers Removed During Synthesis                                                          ;
+---------------------------------------------+-----------------------------------------------+
; Register name                               ; Reason for Removal                            ;
+---------------------------------------------+-----------------------------------------------+
; DESIGN4TG_FIVE_CNT:inst4|\P1:CURRENT_CNT[4] ; Merged with DESIGN4TG_FIVE_CNT:inst4|HEX_Z[4] ;
; DESIGN4TG_FIVE_CNT:inst4|\P1:CURRENT_CNT[3] ; Merged with DESIGN4TG_FIVE_CNT:inst4|HEX_Z[3] ;
; DESIGN4TG_FIVE_CNT:inst4|\P1:CURRENT_CNT[2] ; Merged with DESIGN4TG_FIVE_CNT:inst4|HEX_Z[2] ;
; DESIGN4TG_FIVE_CNT:inst4|\P1:CURRENT_CNT[1] ; Merged with DESIGN4TG_FIVE_CNT:inst4|HEX_Z[1] ;
; DESIGN4TG_FIVE_CNT:inst3|\P1:CURRENT_CNT[4] ; Merged with DESIGN4TG_FIVE_CNT:inst3|HEX_Z[4] ;
; DESIGN4TG_FIVE_CNT:inst3|\P1:CURRENT_CNT[3] ; Merged with DESIGN4TG_FIVE_CNT:inst3|HEX_Z[3] ;
; DESIGN4TG_FIVE_CNT:inst3|\P1:CURRENT_CNT[2] ; Merged with DESIGN4TG_FIVE_CNT:inst3|HEX_Z[2] ;
; DESIGN4TG_FIVE_CNT:inst3|\P1:CURRENT_CNT[1] ; Merged with DESIGN4TG_FIVE_CNT:inst3|HEX_Z[1] ;
; DESIGN4TG_NINE_CNT:inst2|\P1:CURRENT_CNT[4] ; Merged with DESIGN4TG_NINE_CNT:inst2|HEX_Z[4] ;
; DESIGN4TG_NINE_CNT:inst2|\P1:CURRENT_CNT[3] ; Merged with DESIGN4TG_NINE_CNT:inst2|HEX_Z[3] ;
; DESIGN4TG_NINE_CNT:inst2|\P1:CURRENT_CNT[2] ; Merged with DESIGN4TG_NINE_CNT:inst2|HEX_Z[2] ;
; DESIGN4TG_NINE_CNT:inst2|\P1:CURRENT_CNT[1] ; Merged with DESIGN4TG_NINE_CNT:inst2|HEX_Z[1] ;
; DESIGN4TG_NINE_CNT:inst1|\P1:CURRENT_CNT[4] ; Merged with DESIGN4TG_NINE_CNT:inst1|HEX_Z[4] ;
; DESIGN4TG_NINE_CNT:inst1|\P1:CURRENT_CNT[3] ; Merged with DESIGN4TG_NINE_CNT:inst1|HEX_Z[3] ;
; DESIGN4TG_NINE_CNT:inst1|\P1:CURRENT_CNT[2] ; Merged with DESIGN4TG_NINE_CNT:inst1|HEX_Z[2] ;
; DESIGN4TG_NINE_CNT:inst1|\P1:CURRENT_CNT[1] ; Merged with DESIGN4TG_NINE_CNT:inst1|HEX_Z[1] ;
; DESIGN4TG_FIVE_CNT:inst4|HEX_Z[4]           ; Stuck at GND due to stuck port data_in        ;
; DESIGN4TG_FIVE_CNT:inst3|HEX_Z[4]           ; Stuck at GND due to stuck port data_in        ;
; Total Number of Removed Registers = 18      ;                                               ;
+---------------------------------------------+-----------------------------------------------+


+------------------------------------------------------+
; General Register Statistics                          ;
+----------------------------------------------+-------+
; Statistic                                    ; Value ;
+----------------------------------------------+-------+
; Total registers                              ; 45    ;
; Number of registers using Synchronous Clear  ; 0     ;
; Number of registers using Synchronous Load   ; 0     ;
; Number of registers using Asynchronous Clear ; 0     ;
; Number of registers using Asynchronous Load  ; 0     ;
; Number of registers using Clock Enable       ; 14    ;
; Number of registers using Preset             ; 0     ;
+----------------------------------------------+-------+


+---------------------------------------------------------------------+
; Source assignments for CLK_GEN:inst5|lpm_add_sub:Add0|addcore:adder ;
+---------------------------+-------+------+--------------------------+
; Assignment                ; Value ; From ; To                       ;
+---------------------------+-------+------+--------------------------+
; SUPPRESS_DA_RULE_INTERNAL ; A103  ; -    ; -                        ;
+---------------------------+-------+------+--------------------------+


+---------------------------------------------------------------------------------+
; Parameter Settings for Inferred Entity Instance: CLK_GEN:inst5|lpm_add_sub:Add0 ;
+------------------------+-------------+------------------------------------------+
; Parameter Name         ; Value       ; Type                                     ;
+------------------------+-------------+------------------------------------------+
; LPM_WIDTH              ; 24          ; Untyped                                  ;
; LPM_REPRESENTATION     ; UNSIGNED    ; Untyped                                  ;
; LPM_DIRECTION          ; ADD         ; Untyped                                  ;
; ONE_INPUT_IS_CONSTANT  ; YES         ; Untyped                                  ;
; LPM_PIPELINE           ; 0           ; Untyped                                  ;
; MAXIMIZE_SPEED         ; 5           ; Untyped                                  ;
; REGISTERED_AT_END      ; 0           ; Untyped                                  ;
; OPTIMIZE_FOR_SPEED     ; 1           ; Untyped                                  ;
; USE_CS_BUFFERS         ; 1           ; Untyped                                  ;
; CARRY_CHAIN            ; MANUAL      ; Untyped                                  ;
; CARRY_CHAIN_LENGTH     ; 48          ; CARRY_CHAIN_LENGTH                       ;
; DEVICE_FAMILY          ; FLEX10K     ; Untyped                                  ;
; USE_WYS                ; OFF         ; Untyped                                  ;
; STYLE                  ; FAST        ; Untyped                                  ;
; CBXI_PARAMETER         ; add_sub_toh ; Untyped                                  ;
; AUTO_CARRY_CHAINS      ; ON          ; AUTO_CARRY                               ;
; IGNORE_CARRY_BUFFERS   ; OFF         ; IGNORE_CARRY                             ;
; AUTO_CASCADE_CHAINS    ; ON          ; AUTO_CASCADE                             ;
; IGNORE_CASCADE_BUFFERS ; OFF         ; IGNORE_CASCADE                           ;
+------------------------+-------------+------------------------------------------+
Note: In order to hide this table in the UI and the text report file, please set the "Show Parameter Settings Tables in Synthesis Report" option in "Analysis and Synthesis Settings -> More Settings" to "Off".


+-------------------------------+
; Analysis & Synthesis Messages ;
+-------------------------------+
Info: *******************************************************************
Info: Running Quartus II 64-Bit Analysis & Synthesis
    Info: Version 9.0 Build 235 06/17/2009 Service Pack 2 SJ Full Version
    Info: Processing started: Thu Jan 16 20:02:13 2014
Info: Command: quartus_map --read_settings_files=on --write_settings_files=off DESIGN4TG -c DESIGN4TG
Info: Found 2 design units, including 1 entities, in source file DESIGN4TG_CLK.vhd
    Info: Found design unit 1: DESIGN4TG_CLK-BEHAVIORAL
    Info: Found entity 1: DESIGN4TG_CLK
Info: Found 2 design units, including 1 entities, in source file DESIGN4TG_NINE_CNT.vhd
    Info: Found design unit 1: DESIGN4TG_NINE_CNT-BEHAVIORAL
    Info: Found entity 1: DESIGN4TG_NINE_CNT
Info: Found 2 design units, including 1 entities, in source file DESIGN4TG_FIVE_CNT.vhd
    Info: Found design unit 1: DESIGN4TG_FIVE_CNT-BEHAVIORAL
    Info: Found entity 1: DESIGN4TG_FIVE_CNT
Warning: Can't analyze file -- file Z:/DESIGN2TG/DESIGN4TG_7SEG_DECODER.vhd is missing
Info: Found 2 design units, including 1 entities, in source file DESIGN4TG_7SEG_DECODER.vhd
    Info: Found design unit 1: DESIGN4TG_7SEG_DECODER-BEHAVIORAL
    Info: Found entity 1: DESIGN4TG_7SEG_DECODER
Info: Found 2 design units, including 1 entities, in source file DESIGN4TG_7SEG_DEC.vhd
    Info: Found design unit 1: DESIGN4TG_7SEG_DEC-BEHAVIORAL
    Info: Found entity 1: DESIGN4TG_7SEG_DEC
Info: Found 1 design units, including 1 entities, in source file DESIGN4TG.bdf
    Info: Found entity 1: DESIGN4TG
Info: Found 2 design units, including 1 entities, in source file CLK_GEN.vhd
    Info: Found design unit 1: CLK_GEN-BEHAVIORAL
    Info: Found entity 1: CLK_GEN
Info: Found 2 design units, including 1 entities, in source file DESIGN4TG_ALARM.vhd
    Info: Found design unit 1: DESIGN6TG_ALARM-BEHAVIORAL
    Info: Found entity 1: DESIGN6TG_ALARM
Info: Elaborating entity "DESIGN4TG" for the top level hierarchy
Info: Elaborating entity "DESIGN4TG_FIVE_CNT" for hierarchy "DESIGN4TG_FIVE_CNT:inst4"
Info: Elaborating entity "CLK_GEN" for hierarchy "CLK_GEN:inst5"
Info: Elaborating entity "DESIGN4TG_NINE_CNT" for hierarchy "DESIGN4TG_NINE_CNT:inst1"
Info: Elaborating entity "DESIGN6TG_ALARM" for hierarchy "DESIGN6TG_ALARM:inst10"
Info: Elaborating entity "DESIGN4TG_7SEG_DEC" for hierarchy "DESIGN4TG_7SEG_DEC:inst7"
Info: Inferred 1 megafunctions from design logic
    Info: Inferred adder/subtractor megafunction ("lpm_add_sub") from the following logic: "CLK_GEN:inst5|Add0"
Info: Elaborated megafunction instantiation "CLK_GEN:inst5|lpm_add_sub:Add0"
Info: Instantiated megafunction "CLK_GEN:inst5|lpm_add_sub:Add0" with the following parameter:
    Info: Parameter "LPM_WIDTH" = "24"
    Info: Parameter "LPM_DIRECTION" = "ADD"
    Info: Parameter "LPM_REPRESENTATION" = "UNSIGNED"
    Info: Parameter "ONE_INPUT_IS_CONSTANT" = "YES"
Info: Elaborated megafunction instantiation "CLK_GEN:inst5|lpm_add_sub:Add0|addcore:adder", which is child of megafunction instantiation "CLK_GEN:inst5|lpm_add_sub:Add0"
Info: Elaborated megafunction instantiation "CLK_GEN:inst5|lpm_add_sub:Add0|addcore:adder|a_csnbuffer:oflow_node", which is child of megafunction instantiation "CLK_GEN:inst5|lpm_add_sub:Add0"
Info: Elaborated megafunction instantiation "CLK_GEN:inst5|lpm_add_sub:Add0|addcore:adder|a_csnbuffer:result_node", which is child of megafunction instantiation "CLK_GEN:inst5|lpm_add_sub:Add0"
Info: Elaborated megafunction instantiation "CLK_GEN:inst5|lpm_add_sub:Add0|altshift:result_ext_latency_ffs", which is child of megafunction instantiation "CLK_GEN:inst5|lpm_add_sub:Add0"
Info: Elaborated megafunction instantiation "CLK_GEN:inst5|lpm_add_sub:Add0|altshift:carry_ext_latency_ffs", which is child of megafunction instantiation "CLK_GEN:inst5|lpm_add_sub:Add0"
Warning: Output pins are stuck at VCC or GND
    Warning (13410): Pin "LED_FIVE_MIN[4]" is stuck at GND
    Warning (13410): Pin "LED_FIVE_SEC[1]" is stuck at VCC
    Warning (13410): Pin "LED_NINE_SEC[1]" is stuck at VCC
Info: Implemented 141 device resources after synthesis - the final resource count might be different
    Info: Implemented 2 input pins
    Info: Implemented 26 output pins
    Info: Implemented 113 logic cells
Info: Quartus II 64-Bit Analysis & Synthesis was successful. 0 errors, 5 warnings
    Info: Peak virtual memory: 376 megabytes
    Info: Processing ended: Thu Jan 16 20:02:20 2014
    Info: Elapsed time: 00:00:07
    Info: Total CPU time (on all processors): 00:00:02


