Classic Timing Analyzer report for DESIGN4TG
Thu Jan 16 20:02:34 2014
Quartus II 64-Bit Version 9.0 Build 235 06/17/2009 Service Pack 2 SJ Full Version


---------------------
; Table of Contents ;
---------------------
  1. Legal Notice
  2. Timing Analyzer Summary
  3. Timing Analyzer Settings
  4. Clock Settings Summary
  5. Parallel Compilation
  6. Clock Setup: 'CLK'
  7. tsu
  8. tco
  9. th
 10. Timing Analyzer Messages



----------------
; Legal Notice ;
----------------
Copyright (C) 1991-2009 Altera Corporation
Your use of Altera Corporation's design tools, logic functions 
and other software and tools, and its AMPP partner logic 
functions, and any output files from any of the foregoing 
(including device programming or simulation files), and any 
associated documentation or information are expressly subject 
to the terms and conditions of the Altera Program License 
Subscription Agreement, Altera MegaCore Function License 
Agreement, or other applicable license agreement, including, 
without limitation, that your use is for the sole purpose of 
programming logic devices manufactured by Altera and sold by 
Altera or its authorized distributors.  Please refer to the 
applicable agreement for further details.



+--------------------------------------------------------------------------------------------------------------------------------------------------------------------------------------------------------+
; Timing Analyzer Summary                                                                                                                                                                                ;
+------------------------------+-------+---------------+----------------------------------+-----------------------------------+-----------------------------------+------------+----------+--------------+
; Type                         ; Slack ; Required Time ; Actual Time                      ; From                              ; To                                ; From Clock ; To Clock ; Failed Paths ;
+------------------------------+-------+---------------+----------------------------------+-----------------------------------+-----------------------------------+------------+----------+--------------+
; Worst-case tsu               ; N/A   ; None          ; 12.700 ns                        ; RESET                             ; DESIGN4TG_FIVE_CNT:inst3|HEX_Z[2] ; --         ; CLK      ; 0            ;
; Worst-case tco               ; N/A   ; None          ; 31.400 ns                        ; DESIGN4TG_FIVE_CNT:inst3|HEX_Z[3] ; LED_FIVE_SEC[2]                   ; CLK        ; --       ; 0            ;
; Worst-case th                ; N/A   ; None          ; -1.600 ns                        ; RESET                             ; DESIGN4TG_NINE_CNT:inst1|HEX_Z[1] ; --         ; CLK      ; 0            ;
; Clock Setup: 'CLK'           ; N/A   ; None          ; 44.44 MHz ( period = 22.500 ns ) ; CLK_GEN:inst5|CLK_1HZ_CNT_BFR[1]  ; CLK_GEN:inst5|CLK_1HZ_CNT_BFR[23] ; CLK        ; CLK      ; 0            ;
; Total number of failed paths ;       ;               ;                                  ;                                   ;                                   ;            ;          ; 0            ;
+------------------------------+-------+---------------+----------------------------------+-----------------------------------+-----------------------------------+------------+----------+--------------+


+--------------------------------------------------------------------------------------------------------------------+
; Timing Analyzer Settings                                                                                           ;
+---------------------------------------------------------------------+--------------------+------+----+-------------+
; Option                                                              ; Setting            ; From ; To ; Entity Name ;
+---------------------------------------------------------------------+--------------------+------+----+-------------+
; Device Name                                                         ; EPF10K70RC240-4    ;      ;    ;             ;
; Timing Models                                                       ; Final              ;      ;    ;             ;
; Default hold multicycle                                             ; Same as Multicycle ;      ;    ;             ;
; Cut paths between unrelated clock domains                           ; On                 ;      ;    ;             ;
; Cut off read during write signal paths                              ; On                 ;      ;    ;             ;
; Cut off feedback from I/O pins                                      ; On                 ;      ;    ;             ;
; Report Combined Fast/Slow Timing                                    ; Off                ;      ;    ;             ;
; Ignore Clock Settings                                               ; Off                ;      ;    ;             ;
; Analyze latches as synchronous elements                             ; On                 ;      ;    ;             ;
; Enable Recovery/Removal analysis                                    ; Off                ;      ;    ;             ;
; Enable Clock Latency                                                ; Off                ;      ;    ;             ;
; Use TimeQuest Timing Analyzer                                       ; Off                ;      ;    ;             ;
; Number of source nodes to report per destination node               ; 10                 ;      ;    ;             ;
; Number of destination nodes to report                               ; 10                 ;      ;    ;             ;
; Number of paths to report                                           ; 200                ;      ;    ;             ;
; Report Minimum Timing Checks                                        ; Off                ;      ;    ;             ;
; Use Fast Timing Models                                              ; Off                ;      ;    ;             ;
; Report IO Paths Separately                                          ; Off                ;      ;    ;             ;
; Perform Multicorner Analysis                                        ; Off                ;      ;    ;             ;
; Reports the worst-case path for each clock domain and analysis      ; Off                ;      ;    ;             ;
; Removes common clock path pessimism (CCPP) during slack computation ; Off                ;      ;    ;             ;
; Output I/O Timing Endpoint                                          ; Near End           ;      ;    ;             ;
+---------------------------------------------------------------------+--------------------+------+----+-------------+


+------------------------------------------------------------------------------------------------------------------------------------------------------------------------------------+
; Clock Settings Summary                                                                                                                                                             ;
+-----------------+--------------------+----------+------------------+---------------+--------------+----------+-----------------------+---------------------+--------+--------------+
; Clock Node Name ; Clock Setting Name ; Type     ; Fmax Requirement ; Early Latency ; Late Latency ; Based on ; Multiply Base Fmax by ; Divide Base Fmax by ; Offset ; Phase offset ;
+-----------------+--------------------+----------+------------------+---------------+--------------+----------+-----------------------+---------------------+--------+--------------+
; CLK             ;                    ; User Pin ; None             ; 0.000 ns      ; 0.000 ns     ; --       ; N/A                   ; N/A                 ; N/A    ;              ;
+-----------------+--------------------+----------+------------------+---------------+--------------+----------+-----------------------+---------------------+--------+--------------+


+------------------------------------------+
; Parallel Compilation                     ;
+----------------------------+-------------+
; Processors                 ; Number      ;
+----------------------------+-------------+
; Number detected on machine ; 4           ;
; Maximum allowed            ; 4           ;
;                            ;             ;
; Average used               ; 1.00        ;
; Maximum used               ; 1           ;
;                            ;             ;
; Usage by Processor         ; % Time Used ;
;     1 processor            ; 100.0%      ;
;     2-4 processors         ;   0.0%      ;
+----------------------------+-------------+


+------------------------------------------------------------------------------------------------------------------------------------------------------------------------------------------------------------------------------------------------------------------------------------+
; Clock Setup: 'CLK'                                                                                                                                                                                                                                                                 ;
+-----------------------------------------+-----------------------------------------------------+-----------------------------------+------------------------------------+------------+----------+-----------------------------+---------------------------+-------------------------+
; Slack                                   ; Actual fmax (period)                                ; From                              ; To                                 ; From Clock ; To Clock ; Required Setup Relationship ; Required Longest P2P Time ; Actual Longest P2P Time ;
+-----------------------------------------+-----------------------------------------------------+-----------------------------------+------------------------------------+------------+----------+-----------------------------+---------------------------+-------------------------+
; N/A                                     ; 44.44 MHz ( period = 22.500 ns )                    ; CLK_GEN:inst5|CLK_1HZ_CNT_BFR[1]  ; CLK_GEN:inst5|CLK_1HZ_CNT_BFR[23]  ; CLK        ; CLK      ; None                        ; None                      ; 18.500 ns               ;
; N/A                                     ; 45.05 MHz ( period = 22.200 ns )                    ; CLK_GEN:inst5|CLK_1HZ_CNT_BFR[1]  ; CLK_GEN:inst5|CLK_1HZ_CNT_BFR[22]  ; CLK        ; CLK      ; None                        ; None                      ; 18.200 ns               ;
; N/A                                     ; 45.25 MHz ( period = 22.100 ns )                    ; CLK_GEN:inst5|CLK_1HZ_CNT_BFR[2]  ; CLK_GEN:inst5|CLK_1HZ_CNT_BFR[23]  ; CLK        ; CLK      ; None                        ; None                      ; 18.100 ns               ;
; N/A                                     ; 45.66 MHz ( period = 21.900 ns )                    ; DESIGN4TG_NINE_CNT:inst1|HEX_Z[1] ; DESIGN6TG_ALARM:inst10|ALARM_Z     ; CLK        ; CLK      ; None                        ; None                      ; 17.900 ns               ;
; N/A                                     ; 45.66 MHz ( period = 21.900 ns )                    ; DESIGN4TG_NINE_CNT:inst1|HEX_Z[3] ; DESIGN6TG_ALARM:inst10|ALARM_Z     ; CLK        ; CLK      ; None                        ; None                      ; 17.900 ns               ;
; N/A                                     ; 45.66 MHz ( period = 21.900 ns )                    ; DESIGN4TG_NINE_CNT:inst1|HEX_Z[1] ; DESIGN6TG_ALARM:inst10|ALARM_STATE ; CLK        ; CLK      ; None                        ; None                      ; 17.900 ns               ;
; N/A                                     ; 45.66 MHz ( period = 21.900 ns )                    ; DESIGN4TG_NINE_CNT:inst1|HEX_Z[3] ; DESIGN6TG_ALARM:inst10|ALARM_STATE ; CLK        ; CLK      ; None                        ; None                      ; 17.900 ns               ;
; N/A                                     ; 45.87 MHz ( period = 21.800 ns )                    ; CLK_GEN:inst5|CLK_1HZ_CNT_BFR[2]  ; CLK_GEN:inst5|CLK_1HZ_CNT_BFR[22]  ; CLK        ; CLK      ; None                        ; None                      ; 17.800 ns               ;
; N/A                                     ; 45.87 MHz ( period = 21.800 ns )                    ; CLK_GEN:inst5|CLK_1HZ_CNT_BFR[3]  ; CLK_GEN:inst5|CLK_1HZ_CNT_BFR[23]  ; CLK        ; CLK      ; None                        ; None                      ; 17.800 ns               ;
; N/A                                     ; 46.08 MHz ( period = 21.700 ns )                    ; CLK_GEN:inst5|CLK_1HZ_CNT_BFR[1]  ; CLK_GEN:inst5|CLK_1HZ_CNT_BFR[21]  ; CLK        ; CLK      ; None                        ; None                      ; 17.700 ns               ;
; N/A                                     ; 46.30 MHz ( period = 21.600 ns )                    ; DESIGN4TG_NINE_CNT:inst1|HEX_Z[2] ; DESIGN6TG_ALARM:inst10|ALARM_Z     ; CLK        ; CLK      ; None                        ; None                      ; 17.600 ns               ;
; N/A                                     ; 46.30 MHz ( period = 21.600 ns )                    ; DESIGN4TG_NINE_CNT:inst1|HEX_Z[2] ; DESIGN6TG_ALARM:inst10|ALARM_STATE ; CLK        ; CLK      ; None                        ; None                      ; 17.600 ns               ;
; N/A                                     ; 46.51 MHz ( period = 21.500 ns )                    ; CLK_GEN:inst5|CLK_1HZ_CNT_BFR[3]  ; CLK_GEN:inst5|CLK_1HZ_CNT_BFR[22]  ; CLK        ; CLK      ; None                        ; None                      ; 17.500 ns               ;
; N/A                                     ; 46.51 MHz ( period = 21.500 ns )                    ; CLK_GEN:inst5|CLK_1HZ_CNT_BFR[4]  ; CLK_GEN:inst5|CLK_1HZ_CNT_BFR[23]  ; CLK        ; CLK      ; None                        ; None                      ; 17.500 ns               ;
; N/A                                     ; 46.51 MHz ( period = 21.500 ns )                    ; CLK_GEN:inst5|CLK_1HZ_CNT_BFR[1]  ; CLK_GEN:inst5|CLK_1HZ_CNT_BFR[20]  ; CLK        ; CLK      ; None                        ; None                      ; 17.500 ns               ;
; N/A                                     ; 46.95 MHz ( period = 21.300 ns )                    ; CLK_GEN:inst5|CLK_1HZ_CNT_BFR[2]  ; CLK_GEN:inst5|CLK_1HZ_CNT_BFR[21]  ; CLK        ; CLK      ; None                        ; None                      ; 17.300 ns               ;
; N/A                                     ; 47.17 MHz ( period = 21.200 ns )                    ; CLK_GEN:inst5|CLK_1HZ_CNT_BFR[4]  ; CLK_GEN:inst5|CLK_1HZ_CNT_BFR[22]  ; CLK        ; CLK      ; None                        ; None                      ; 17.200 ns               ;
; N/A                                     ; 47.17 MHz ( period = 21.200 ns )                    ; CLK_GEN:inst5|CLK_1HZ_CNT_BFR[5]  ; CLK_GEN:inst5|CLK_1HZ_CNT_BFR[23]  ; CLK        ; CLK      ; None                        ; None                      ; 17.200 ns               ;
; N/A                                     ; 47.17 MHz ( period = 21.200 ns )                    ; CLK_GEN:inst5|CLK_1HZ_CNT_BFR[1]  ; CLK_GEN:inst5|CLK_1HZ_CNT_BFR[19]  ; CLK        ; CLK      ; None                        ; None                      ; 17.200 ns               ;
; N/A                                     ; 47.39 MHz ( period = 21.100 ns )                    ; CLK_GEN:inst5|CLK_1HZ_CNT_BFR[2]  ; CLK_GEN:inst5|CLK_1HZ_CNT_BFR[20]  ; CLK        ; CLK      ; None                        ; None                      ; 17.100 ns               ;
; N/A                                     ; 47.62 MHz ( period = 21.000 ns )                    ; CLK_GEN:inst5|CLK_1HZ_CNT_BFR[6]  ; CLK_GEN:inst5|CLK_1HZ_CNT_BFR[23]  ; CLK        ; CLK      ; None                        ; None                      ; 17.000 ns               ;
; N/A                                     ; 47.62 MHz ( period = 21.000 ns )                    ; CLK_GEN:inst5|CLK_1HZ_CNT_BFR[3]  ; CLK_GEN:inst5|CLK_1HZ_CNT_BFR[21]  ; CLK        ; CLK      ; None                        ; None                      ; 17.000 ns               ;
; N/A                                     ; 47.85 MHz ( period = 20.900 ns )                    ; CLK_GEN:inst5|CLK_1HZ_CNT_BFR[5]  ; CLK_GEN:inst5|CLK_1HZ_CNT_BFR[22]  ; CLK        ; CLK      ; None                        ; None                      ; 16.900 ns               ;
; N/A                                     ; 47.85 MHz ( period = 20.900 ns )                    ; CLK_GEN:inst5|CLK_1HZ_CNT_BFR[1]  ; CLK_GEN:inst5|CLK_1HZ_CNT_BFR[18]  ; CLK        ; CLK      ; None                        ; None                      ; 16.900 ns               ;
; N/A                                     ; 48.08 MHz ( period = 20.800 ns )                    ; CLK_GEN:inst5|CLK_1HZ_CNT_BFR[3]  ; CLK_GEN:inst5|CLK_1HZ_CNT_BFR[20]  ; CLK        ; CLK      ; None                        ; None                      ; 16.800 ns               ;
; N/A                                     ; 48.08 MHz ( period = 20.800 ns )                    ; CLK_GEN:inst5|CLK_1HZ_CNT_BFR[2]  ; CLK_GEN:inst5|CLK_1HZ_CNT_BFR[19]  ; CLK        ; CLK      ; None                        ; None                      ; 16.800 ns               ;
; N/A                                     ; 48.31 MHz ( period = 20.700 ns )                    ; CLK_GEN:inst5|CLK_1HZ_CNT_BFR[6]  ; CLK_GEN:inst5|CLK_1HZ_CNT_BFR[22]  ; CLK        ; CLK      ; None                        ; None                      ; 16.700 ns               ;
; N/A                                     ; 48.31 MHz ( period = 20.700 ns )                    ; CLK_GEN:inst5|CLK_1HZ_CNT_BFR[7]  ; CLK_GEN:inst5|CLK_1HZ_CNT_BFR[23]  ; CLK        ; CLK      ; None                        ; None                      ; 16.700 ns               ;
; N/A                                     ; 48.31 MHz ( period = 20.700 ns )                    ; CLK_GEN:inst5|CLK_1HZ_CNT_BFR[4]  ; CLK_GEN:inst5|CLK_1HZ_CNT_BFR[21]  ; CLK        ; CLK      ; None                        ; None                      ; 16.700 ns               ;
; N/A                                     ; 48.54 MHz ( period = 20.600 ns )                    ; DESIGN4TG_FIVE_CNT:inst3|HEX_Z[1] ; DESIGN6TG_ALARM:inst10|ALARM_Z     ; CLK        ; CLK      ; None                        ; None                      ; 16.600 ns               ;
; N/A                                     ; 48.54 MHz ( period = 20.600 ns )                    ; DESIGN4TG_FIVE_CNT:inst3|HEX_Z[2] ; DESIGN6TG_ALARM:inst10|ALARM_Z     ; CLK        ; CLK      ; None                        ; None                      ; 16.600 ns               ;
; N/A                                     ; 48.54 MHz ( period = 20.600 ns )                    ; DESIGN4TG_FIVE_CNT:inst3|HEX_Z[1] ; DESIGN6TG_ALARM:inst10|ALARM_STATE ; CLK        ; CLK      ; None                        ; None                      ; 16.600 ns               ;
; N/A                                     ; 48.54 MHz ( period = 20.600 ns )                    ; DESIGN4TG_FIVE_CNT:inst3|HEX_Z[2] ; DESIGN6TG_ALARM:inst10|ALARM_STATE ; CLK        ; CLK      ; None                        ; None                      ; 16.600 ns               ;
; N/A                                     ; 48.54 MHz ( period = 20.600 ns )                    ; CLK_GEN:inst5|CLK_1HZ_CNT_BFR[1]  ; CLK_GEN:inst5|CLK_1HZ_CNT_BFR[17]  ; CLK        ; CLK      ; None                        ; None                      ; 16.600 ns               ;
; N/A                                     ; 48.78 MHz ( period = 20.500 ns )                    ; CLK_GEN:inst5|CLK_1HZ_CNT_BFR[0]  ; CLK_GEN:inst5|CLK_1HZ_CNT_BFR[23]  ; CLK        ; CLK      ; None                        ; None                      ; 16.500 ns               ;
; N/A                                     ; 48.78 MHz ( period = 20.500 ns )                    ; CLK_GEN:inst5|CLK_1HZ_CNT_BFR[4]  ; CLK_GEN:inst5|CLK_1HZ_CNT_BFR[20]  ; CLK        ; CLK      ; None                        ; None                      ; 16.500 ns               ;
; N/A                                     ; 48.78 MHz ( period = 20.500 ns )                    ; CLK_GEN:inst5|CLK_1HZ_CNT_BFR[2]  ; CLK_GEN:inst5|CLK_1HZ_CNT_BFR[18]  ; CLK        ; CLK      ; None                        ; None                      ; 16.500 ns               ;
; N/A                                     ; 48.78 MHz ( period = 20.500 ns )                    ; CLK_GEN:inst5|CLK_1HZ_CNT_BFR[3]  ; CLK_GEN:inst5|CLK_1HZ_CNT_BFR[19]  ; CLK        ; CLK      ; None                        ; None                      ; 16.500 ns               ;
; N/A                                     ; 49.02 MHz ( period = 20.400 ns )                    ; CLK_GEN:inst5|CLK_1HZ_CNT_BFR[7]  ; CLK_GEN:inst5|CLK_1HZ_CNT_BFR[22]  ; CLK        ; CLK      ; None                        ; None                      ; 16.400 ns               ;
; N/A                                     ; 49.02 MHz ( period = 20.400 ns )                    ; CLK_GEN:inst5|CLK_1HZ_CNT_BFR[5]  ; CLK_GEN:inst5|CLK_1HZ_CNT_BFR[21]  ; CLK        ; CLK      ; None                        ; None                      ; 16.400 ns               ;
; N/A                                     ; 49.26 MHz ( period = 20.300 ns )                    ; DESIGN4TG_FIVE_CNT:inst3|HEX_Z[3] ; DESIGN6TG_ALARM:inst10|ALARM_Z     ; CLK        ; CLK      ; None                        ; None                      ; 16.300 ns               ;
; N/A                                     ; 49.26 MHz ( period = 20.300 ns )                    ; DESIGN4TG_FIVE_CNT:inst3|HEX_Z[3] ; DESIGN6TG_ALARM:inst10|ALARM_STATE ; CLK        ; CLK      ; None                        ; None                      ; 16.300 ns               ;
; N/A                                     ; 49.26 MHz ( period = 20.300 ns )                    ; CLK_GEN:inst5|CLK_1HZ_CNT_BFR[1]  ; CLK_GEN:inst5|CLK_1HZ_CNT_BFR[16]  ; CLK        ; CLK      ; None                        ; None                      ; 16.300 ns               ;
; N/A                                     ; 49.50 MHz ( period = 20.200 ns )                    ; CLK_GEN:inst5|CLK_1HZ_CNT_BFR[0]  ; CLK_GEN:inst5|CLK_1HZ_CNT_BFR[22]  ; CLK        ; CLK      ; None                        ; None                      ; 16.200 ns               ;
; N/A                                     ; 49.50 MHz ( period = 20.200 ns )                    ; CLK_GEN:inst5|CLK_1HZ_CNT_BFR[5]  ; CLK_GEN:inst5|CLK_1HZ_CNT_BFR[20]  ; CLK        ; CLK      ; None                        ; None                      ; 16.200 ns               ;
; N/A                                     ; 49.50 MHz ( period = 20.200 ns )                    ; CLK_GEN:inst5|CLK_1HZ_CNT_BFR[6]  ; CLK_GEN:inst5|CLK_1HZ_CNT_BFR[21]  ; CLK        ; CLK      ; None                        ; None                      ; 16.200 ns               ;
; N/A                                     ; 49.50 MHz ( period = 20.200 ns )                    ; CLK_GEN:inst5|CLK_1HZ_CNT_BFR[2]  ; CLK_GEN:inst5|CLK_1HZ_CNT_BFR[17]  ; CLK        ; CLK      ; None                        ; None                      ; 16.200 ns               ;
; N/A                                     ; 49.50 MHz ( period = 20.200 ns )                    ; CLK_GEN:inst5|CLK_1HZ_CNT_BFR[3]  ; CLK_GEN:inst5|CLK_1HZ_CNT_BFR[18]  ; CLK        ; CLK      ; None                        ; None                      ; 16.200 ns               ;
; N/A                                     ; 49.50 MHz ( period = 20.200 ns )                    ; CLK_GEN:inst5|CLK_1HZ_CNT_BFR[4]  ; CLK_GEN:inst5|CLK_1HZ_CNT_BFR[19]  ; CLK        ; CLK      ; None                        ; None                      ; 16.200 ns               ;
; N/A                                     ; 50.00 MHz ( period = 20.000 ns )                    ; CLK_GEN:inst5|CLK_1HZ_CNT_BFR[6]  ; CLK_GEN:inst5|CLK_1HZ_CNT_BFR[20]  ; CLK        ; CLK      ; None                        ; None                      ; 16.000 ns               ;
; N/A                                     ; 50.25 MHz ( period = 19.900 ns )                    ; CLK_GEN:inst5|CLK_1HZ_CNT_BFR[7]  ; CLK_GEN:inst5|CLK_1HZ_CNT_BFR[21]  ; CLK        ; CLK      ; None                        ; None                      ; 15.900 ns               ;
; N/A                                     ; 50.25 MHz ( period = 19.900 ns )                    ; CLK_GEN:inst5|CLK_1HZ_CNT_BFR[2]  ; CLK_GEN:inst5|CLK_1HZ_CNT_BFR[16]  ; CLK        ; CLK      ; None                        ; None                      ; 15.900 ns               ;
; N/A                                     ; 50.25 MHz ( period = 19.900 ns )                    ; CLK_GEN:inst5|CLK_1HZ_CNT_BFR[3]  ; CLK_GEN:inst5|CLK_1HZ_CNT_BFR[17]  ; CLK        ; CLK      ; None                        ; None                      ; 15.900 ns               ;
; N/A                                     ; 50.25 MHz ( period = 19.900 ns )                    ; CLK_GEN:inst5|CLK_1HZ_CNT_BFR[4]  ; CLK_GEN:inst5|CLK_1HZ_CNT_BFR[18]  ; CLK        ; CLK      ; None                        ; None                      ; 15.900 ns               ;
; N/A                                     ; 50.25 MHz ( period = 19.900 ns )                    ; CLK_GEN:inst5|CLK_1HZ_CNT_BFR[5]  ; CLK_GEN:inst5|CLK_1HZ_CNT_BFR[19]  ; CLK        ; CLK      ; None                        ; None                      ; 15.900 ns               ;
; N/A                                     ; 50.51 MHz ( period = 19.800 ns )                    ; CLK_GEN:inst5|CLK_1HZ_CNT_BFR[13] ; CLK_GEN:inst5|CLK_1HZ_CNT_BFR[5]   ; CLK        ; CLK      ; None                        ; None                      ; 15.800 ns               ;
; N/A                                     ; 50.51 MHz ( period = 19.800 ns )                    ; CLK_GEN:inst5|CLK_1HZ_CNT_BFR[13] ; CLK_GEN:inst5|CLK_1HZ_CNT_BFR[3]   ; CLK        ; CLK      ; None                        ; None                      ; 15.800 ns               ;
; N/A                                     ; 50.51 MHz ( period = 19.800 ns )                    ; CLK_GEN:inst5|CLK_1HZ_CNT_BFR[13] ; CLK_GEN:inst5|CLK_1HZ_CNT_BFR[2]   ; CLK        ; CLK      ; None                        ; None                      ; 15.800 ns               ;
; N/A                                     ; 50.76 MHz ( period = 19.700 ns )                    ; CLK_GEN:inst5|CLK_1HZ_CNT_BFR[13] ; CLK_GEN:inst5|CLK_1HZ_CNT_BFR[8]   ; CLK        ; CLK      ; None                        ; None                      ; 15.700 ns               ;
; N/A                                     ; 50.76 MHz ( period = 19.700 ns )                    ; CLK_GEN:inst5|CLK_1HZ_CNT_BFR[13] ; CLK_GEN:inst5|CLK_1HZ_CNT_BFR[7]   ; CLK        ; CLK      ; None                        ; None                      ; 15.700 ns               ;
; N/A                                     ; 50.76 MHz ( period = 19.700 ns )                    ; CLK_GEN:inst5|CLK_1HZ_CNT_BFR[13] ; CLK_GEN:inst5|CLK_1HZ_CNT_BFR[6]   ; CLK        ; CLK      ; None                        ; None                      ; 15.700 ns               ;
; N/A                                     ; 50.76 MHz ( period = 19.700 ns )                    ; CLK_GEN:inst5|CLK_1HZ_CNT_BFR[7]  ; CLK_GEN:inst5|CLK_1HZ_CNT_BFR[20]  ; CLK        ; CLK      ; None                        ; None                      ; 15.700 ns               ;
; N/A                                     ; 50.76 MHz ( period = 19.700 ns )                    ; CLK_GEN:inst5|CLK_1HZ_CNT_BFR[0]  ; CLK_GEN:inst5|CLK_1HZ_CNT_BFR[21]  ; CLK        ; CLK      ; None                        ; None                      ; 15.700 ns               ;
; N/A                                     ; 50.76 MHz ( period = 19.700 ns )                    ; CLK_GEN:inst5|CLK_1HZ_CNT_BFR[6]  ; CLK_GEN:inst5|CLK_1HZ_CNT_BFR[19]  ; CLK        ; CLK      ; None                        ; None                      ; 15.700 ns               ;
; N/A                                     ; 51.02 MHz ( period = 19.600 ns )                    ; CLK_GEN:inst5|CLK_1HZ_CNT_BFR[3]  ; CLK_GEN:inst5|CLK_1HZ_CNT_BFR[16]  ; CLK        ; CLK      ; None                        ; None                      ; 15.600 ns               ;
; N/A                                     ; 51.02 MHz ( period = 19.600 ns )                    ; CLK_GEN:inst5|CLK_1HZ_CNT_BFR[4]  ; CLK_GEN:inst5|CLK_1HZ_CNT_BFR[17]  ; CLK        ; CLK      ; None                        ; None                      ; 15.600 ns               ;
; N/A                                     ; 51.02 MHz ( period = 19.600 ns )                    ; CLK_GEN:inst5|CLK_1HZ_CNT_BFR[5]  ; CLK_GEN:inst5|CLK_1HZ_CNT_BFR[18]  ; CLK        ; CLK      ; None                        ; None                      ; 15.600 ns               ;
; N/A                                     ; 51.28 MHz ( period = 19.500 ns )                    ; CLK_GEN:inst5|CLK_1HZ_CNT_BFR[0]  ; CLK_GEN:inst5|CLK_1HZ_CNT_BFR[20]  ; CLK        ; CLK      ; None                        ; None                      ; 15.500 ns               ;
; N/A                                     ; 51.55 MHz ( period = 19.400 ns )                    ; CLK_GEN:inst5|CLK_1HZ_CNT_BFR[6]  ; CLK_GEN:inst5|CLK_1HZ_CNT_BFR[18]  ; CLK        ; CLK      ; None                        ; None                      ; 15.400 ns               ;
; N/A                                     ; 51.55 MHz ( period = 19.400 ns )                    ; CLK_GEN:inst5|CLK_1HZ_CNT_BFR[7]  ; CLK_GEN:inst5|CLK_1HZ_CNT_BFR[19]  ; CLK        ; CLK      ; None                        ; None                      ; 15.400 ns               ;
; N/A                                     ; 51.81 MHz ( period = 19.300 ns )                    ; CLK_GEN:inst5|CLK_1HZ_CNT_BFR[20] ; CLK_GEN:inst5|CLK_1HZ_CNT_BFR[5]   ; CLK        ; CLK      ; None                        ; None                      ; 15.300 ns               ;
; N/A                                     ; 51.81 MHz ( period = 19.300 ns )                    ; CLK_GEN:inst5|CLK_1HZ_CNT_BFR[21] ; CLK_GEN:inst5|CLK_1HZ_CNT_BFR[5]   ; CLK        ; CLK      ; None                        ; None                      ; 15.300 ns               ;
; N/A                                     ; 51.81 MHz ( period = 19.300 ns )                    ; CLK_GEN:inst5|CLK_1HZ_CNT_BFR[20] ; CLK_GEN:inst5|CLK_1HZ_CNT_BFR[3]   ; CLK        ; CLK      ; None                        ; None                      ; 15.300 ns               ;
; N/A                                     ; 51.81 MHz ( period = 19.300 ns )                    ; CLK_GEN:inst5|CLK_1HZ_CNT_BFR[21] ; CLK_GEN:inst5|CLK_1HZ_CNT_BFR[3]   ; CLK        ; CLK      ; None                        ; None                      ; 15.300 ns               ;
; N/A                                     ; 51.81 MHz ( period = 19.300 ns )                    ; CLK_GEN:inst5|CLK_1HZ_CNT_BFR[20] ; CLK_GEN:inst5|CLK_1HZ_CNT_BFR[2]   ; CLK        ; CLK      ; None                        ; None                      ; 15.300 ns               ;
; N/A                                     ; 51.81 MHz ( period = 19.300 ns )                    ; CLK_GEN:inst5|CLK_1HZ_CNT_BFR[21] ; CLK_GEN:inst5|CLK_1HZ_CNT_BFR[2]   ; CLK        ; CLK      ; None                        ; None                      ; 15.300 ns               ;
; N/A                                     ; 51.81 MHz ( period = 19.300 ns )                    ; CLK_GEN:inst5|CLK_1HZ_CNT_BFR[8]  ; CLK_GEN:inst5|CLK_1HZ_CNT_BFR[23]  ; CLK        ; CLK      ; None                        ; None                      ; 15.300 ns               ;
; N/A                                     ; 51.81 MHz ( period = 19.300 ns )                    ; CLK_GEN:inst5|CLK_1HZ_CNT_BFR[4]  ; CLK_GEN:inst5|CLK_1HZ_CNT_BFR[16]  ; CLK        ; CLK      ; None                        ; None                      ; 15.300 ns               ;
; N/A                                     ; 51.81 MHz ( period = 19.300 ns )                    ; CLK_GEN:inst5|CLK_1HZ_CNT_BFR[5]  ; CLK_GEN:inst5|CLK_1HZ_CNT_BFR[17]  ; CLK        ; CLK      ; None                        ; None                      ; 15.300 ns               ;
; N/A                                     ; 52.08 MHz ( period = 19.200 ns )                    ; CLK_GEN:inst5|CLK_1HZ_CNT_BFR[20] ; CLK_GEN:inst5|CLK_1HZ_CNT_BFR[8]   ; CLK        ; CLK      ; None                        ; None                      ; 15.200 ns               ;
; N/A                                     ; 52.08 MHz ( period = 19.200 ns )                    ; CLK_GEN:inst5|CLK_1HZ_CNT_BFR[21] ; CLK_GEN:inst5|CLK_1HZ_CNT_BFR[8]   ; CLK        ; CLK      ; None                        ; None                      ; 15.200 ns               ;
; N/A                                     ; 52.08 MHz ( period = 19.200 ns )                    ; CLK_GEN:inst5|CLK_1HZ_CNT_BFR[20] ; CLK_GEN:inst5|CLK_1HZ_CNT_BFR[7]   ; CLK        ; CLK      ; None                        ; None                      ; 15.200 ns               ;
; N/A                                     ; 52.08 MHz ( period = 19.200 ns )                    ; CLK_GEN:inst5|CLK_1HZ_CNT_BFR[21] ; CLK_GEN:inst5|CLK_1HZ_CNT_BFR[7]   ; CLK        ; CLK      ; None                        ; None                      ; 15.200 ns               ;
; N/A                                     ; 52.08 MHz ( period = 19.200 ns )                    ; CLK_GEN:inst5|CLK_1HZ_CNT_BFR[20] ; CLK_GEN:inst5|CLK_1HZ_CNT_BFR[6]   ; CLK        ; CLK      ; None                        ; None                      ; 15.200 ns               ;
; N/A                                     ; 52.08 MHz ( period = 19.200 ns )                    ; CLK_GEN:inst5|CLK_1HZ_CNT_BFR[21] ; CLK_GEN:inst5|CLK_1HZ_CNT_BFR[6]   ; CLK        ; CLK      ; None                        ; None                      ; 15.200 ns               ;
; N/A                                     ; 52.08 MHz ( period = 19.200 ns )                    ; CLK_GEN:inst5|CLK_1HZ_CNT_BFR[0]  ; CLK_GEN:inst5|CLK_1HZ_CNT_BFR[19]  ; CLK        ; CLK      ; None                        ; None                      ; 15.200 ns               ;
; N/A                                     ; 52.36 MHz ( period = 19.100 ns )                    ; DESIGN4TG_NINE_CNT:inst1|HEX_Z[4] ; DESIGN6TG_ALARM:inst10|ALARM_Z     ; CLK        ; CLK      ; None                        ; None                      ; 15.100 ns               ;
; N/A                                     ; 52.36 MHz ( period = 19.100 ns )                    ; CLK_GEN:inst5|CLK_1HZ_CNT_BFR[15] ; CLK_GEN:inst5|CLK_1HZ_CNT_BFR[5]   ; CLK        ; CLK      ; None                        ; None                      ; 15.100 ns               ;
; N/A                                     ; 52.36 MHz ( period = 19.100 ns )                    ; CLK_GEN:inst5|CLK_1HZ_CNT_BFR[15] ; CLK_GEN:inst5|CLK_1HZ_CNT_BFR[3]   ; CLK        ; CLK      ; None                        ; None                      ; 15.100 ns               ;
; N/A                                     ; 52.36 MHz ( period = 19.100 ns )                    ; CLK_GEN:inst5|CLK_1HZ_CNT_BFR[15] ; CLK_GEN:inst5|CLK_1HZ_CNT_BFR[2]   ; CLK        ; CLK      ; None                        ; None                      ; 15.100 ns               ;
; N/A                                     ; 52.36 MHz ( period = 19.100 ns )                    ; DESIGN4TG_NINE_CNT:inst1|HEX_Z[4] ; DESIGN6TG_ALARM:inst10|ALARM_STATE ; CLK        ; CLK      ; None                        ; None                      ; 15.100 ns               ;
; N/A                                     ; 52.36 MHz ( period = 19.100 ns )                    ; CLK_GEN:inst5|CLK_1HZ_CNT_BFR[10] ; CLK_GEN:inst5|CLK_1HZ_CNT_BFR[23]  ; CLK        ; CLK      ; None                        ; None                      ; 15.100 ns               ;
; N/A                                     ; 52.36 MHz ( period = 19.100 ns )                    ; CLK_GEN:inst5|CLK_1HZ_CNT_BFR[6]  ; CLK_GEN:inst5|CLK_1HZ_CNT_BFR[17]  ; CLK        ; CLK      ; None                        ; None                      ; 15.100 ns               ;
; N/A                                     ; 52.36 MHz ( period = 19.100 ns )                    ; CLK_GEN:inst5|CLK_1HZ_CNT_BFR[7]  ; CLK_GEN:inst5|CLK_1HZ_CNT_BFR[18]  ; CLK        ; CLK      ; None                        ; None                      ; 15.100 ns               ;
; N/A                                     ; 52.63 MHz ( period = 19.000 ns )                    ; CLK_GEN:inst5|CLK_1HZ_CNT_BFR[13] ; CLK_GEN:inst5|CLK_1HZ_BFR          ; CLK        ; CLK      ; None                        ; None                      ; 15.000 ns               ;
; N/A                                     ; 52.63 MHz ( period = 19.000 ns )                    ; CLK_GEN:inst5|CLK_1HZ_CNT_BFR[15] ; CLK_GEN:inst5|CLK_1HZ_CNT_BFR[8]   ; CLK        ; CLK      ; None                        ; None                      ; 15.000 ns               ;
; N/A                                     ; 52.63 MHz ( period = 19.000 ns )                    ; CLK_GEN:inst5|CLK_1HZ_CNT_BFR[15] ; CLK_GEN:inst5|CLK_1HZ_CNT_BFR[7]   ; CLK        ; CLK      ; None                        ; None                      ; 15.000 ns               ;
; N/A                                     ; 52.63 MHz ( period = 19.000 ns )                    ; CLK_GEN:inst5|CLK_1HZ_CNT_BFR[15] ; CLK_GEN:inst5|CLK_1HZ_CNT_BFR[6]   ; CLK        ; CLK      ; None                        ; None                      ; 15.000 ns               ;
; N/A                                     ; 52.63 MHz ( period = 19.000 ns )                    ; CLK_GEN:inst5|CLK_1HZ_CNT_BFR[14] ; CLK_GEN:inst5|CLK_1HZ_CNT_BFR[5]   ; CLK        ; CLK      ; None                        ; None                      ; 15.000 ns               ;
; N/A                                     ; 52.63 MHz ( period = 19.000 ns )                    ; CLK_GEN:inst5|CLK_1HZ_CNT_BFR[14] ; CLK_GEN:inst5|CLK_1HZ_CNT_BFR[3]   ; CLK        ; CLK      ; None                        ; None                      ; 15.000 ns               ;
; N/A                                     ; 52.63 MHz ( period = 19.000 ns )                    ; CLK_GEN:inst5|CLK_1HZ_CNT_BFR[14] ; CLK_GEN:inst5|CLK_1HZ_CNT_BFR[2]   ; CLK        ; CLK      ; None                        ; None                      ; 15.000 ns               ;
; N/A                                     ; 52.63 MHz ( period = 19.000 ns )                    ; CLK_GEN:inst5|CLK_1HZ_CNT_BFR[8]  ; CLK_GEN:inst5|CLK_1HZ_CNT_BFR[22]  ; CLK        ; CLK      ; None                        ; None                      ; 15.000 ns               ;
; N/A                                     ; 52.63 MHz ( period = 19.000 ns )                    ; CLK_GEN:inst5|CLK_1HZ_CNT_BFR[9]  ; CLK_GEN:inst5|CLK_1HZ_CNT_BFR[23]  ; CLK        ; CLK      ; None                        ; None                      ; 15.000 ns               ;
; N/A                                     ; 52.63 MHz ( period = 19.000 ns )                    ; CLK_GEN:inst5|CLK_1HZ_CNT_BFR[5]  ; CLK_GEN:inst5|CLK_1HZ_CNT_BFR[16]  ; CLK        ; CLK      ; None                        ; None                      ; 15.000 ns               ;
; N/A                                     ; 52.91 MHz ( period = 18.900 ns )                    ; CLK_GEN:inst5|CLK_1HZ_CNT_BFR[14] ; CLK_GEN:inst5|CLK_1HZ_CNT_BFR[8]   ; CLK        ; CLK      ; None                        ; None                      ; 14.900 ns               ;
; N/A                                     ; 52.91 MHz ( period = 18.900 ns )                    ; CLK_GEN:inst5|CLK_1HZ_CNT_BFR[14] ; CLK_GEN:inst5|CLK_1HZ_CNT_BFR[7]   ; CLK        ; CLK      ; None                        ; None                      ; 14.900 ns               ;
; N/A                                     ; 52.91 MHz ( period = 18.900 ns )                    ; CLK_GEN:inst5|CLK_1HZ_CNT_BFR[14] ; CLK_GEN:inst5|CLK_1HZ_CNT_BFR[6]   ; CLK        ; CLK      ; None                        ; None                      ; 14.900 ns               ;
; N/A                                     ; 52.91 MHz ( period = 18.900 ns )                    ; CLK_GEN:inst5|CLK_1HZ_CNT_BFR[1]  ; CLK_GEN:inst5|CLK_1HZ_CNT_BFR[15]  ; CLK        ; CLK      ; None                        ; None                      ; 14.900 ns               ;
; N/A                                     ; 52.91 MHz ( period = 18.900 ns )                    ; CLK_GEN:inst5|CLK_1HZ_CNT_BFR[0]  ; CLK_GEN:inst5|CLK_1HZ_CNT_BFR[18]  ; CLK        ; CLK      ; None                        ; None                      ; 14.900 ns               ;
; N/A                                     ; 53.19 MHz ( period = 18.800 ns )                    ; CLK_GEN:inst5|CLK_1HZ_CNT_BFR[10] ; CLK_GEN:inst5|CLK_1HZ_CNT_BFR[22]  ; CLK        ; CLK      ; None                        ; None                      ; 14.800 ns               ;
; N/A                                     ; 53.19 MHz ( period = 18.800 ns )                    ; CLK_GEN:inst5|CLK_1HZ_CNT_BFR[6]  ; CLK_GEN:inst5|CLK_1HZ_CNT_BFR[16]  ; CLK        ; CLK      ; None                        ; None                      ; 14.800 ns               ;
; N/A                                     ; 53.19 MHz ( period = 18.800 ns )                    ; CLK_GEN:inst5|CLK_1HZ_CNT_BFR[7]  ; CLK_GEN:inst5|CLK_1HZ_CNT_BFR[17]  ; CLK        ; CLK      ; None                        ; None                      ; 14.800 ns               ;
; N/A                                     ; 53.48 MHz ( period = 18.700 ns )                    ; CLK_GEN:inst5|CLK_1HZ_CNT_BFR[9]  ; CLK_GEN:inst5|CLK_1HZ_CNT_BFR[22]  ; CLK        ; CLK      ; None                        ; None                      ; 14.700 ns               ;
; N/A                                     ; 53.76 MHz ( period = 18.600 ns )                    ; CLK_GEN:inst5|CLK_1HZ_CNT_BFR[1]  ; CLK_GEN:inst5|CLK_1HZ_CNT_BFR[14]  ; CLK        ; CLK      ; None                        ; None                      ; 14.600 ns               ;
; N/A                                     ; 53.76 MHz ( period = 18.600 ns )                    ; CLK_GEN:inst5|CLK_1HZ_CNT_BFR[11] ; CLK_GEN:inst5|CLK_1HZ_CNT_BFR[23]  ; CLK        ; CLK      ; None                        ; None                      ; 14.600 ns               ;
; N/A                                     ; 53.76 MHz ( period = 18.600 ns )                    ; CLK_GEN:inst5|CLK_1HZ_CNT_BFR[0]  ; CLK_GEN:inst5|CLK_1HZ_CNT_BFR[17]  ; CLK        ; CLK      ; None                        ; None                      ; 14.600 ns               ;
; N/A                                     ; 54.05 MHz ( period = 18.500 ns )                    ; CLK_GEN:inst5|CLK_1HZ_CNT_BFR[20] ; CLK_GEN:inst5|CLK_1HZ_BFR          ; CLK        ; CLK      ; None                        ; None                      ; 14.500 ns               ;
; N/A                                     ; 54.05 MHz ( period = 18.500 ns )                    ; CLK_GEN:inst5|CLK_1HZ_CNT_BFR[21] ; CLK_GEN:inst5|CLK_1HZ_BFR          ; CLK        ; CLK      ; None                        ; None                      ; 14.500 ns               ;
; N/A                                     ; 54.05 MHz ( period = 18.500 ns )                    ; CLK_GEN:inst5|CLK_1HZ_CNT_BFR[1]  ; CLK_GEN:inst5|CLK_1HZ_CNT_BFR[13]  ; CLK        ; CLK      ; None                        ; None                      ; 14.500 ns               ;
; N/A                                     ; 54.05 MHz ( period = 18.500 ns )                    ; CLK_GEN:inst5|CLK_1HZ_CNT_BFR[2]  ; CLK_GEN:inst5|CLK_1HZ_CNT_BFR[15]  ; CLK        ; CLK      ; None                        ; None                      ; 14.500 ns               ;
; N/A                                     ; 54.05 MHz ( period = 18.500 ns )                    ; CLK_GEN:inst5|CLK_1HZ_CNT_BFR[8]  ; CLK_GEN:inst5|CLK_1HZ_CNT_BFR[21]  ; CLK        ; CLK      ; None                        ; None                      ; 14.500 ns               ;
; N/A                                     ; 54.05 MHz ( period = 18.500 ns )                    ; CLK_GEN:inst5|CLK_1HZ_CNT_BFR[7]  ; CLK_GEN:inst5|CLK_1HZ_CNT_BFR[16]  ; CLK        ; CLK      ; None                        ; None                      ; 14.500 ns               ;
; N/A                                     ; 54.64 MHz ( period = 18.300 ns )                    ; CLK_GEN:inst5|CLK_1HZ_CNT_BFR[15] ; CLK_GEN:inst5|CLK_1HZ_BFR          ; CLK        ; CLK      ; None                        ; None                      ; 14.300 ns               ;
; N/A                                     ; 54.64 MHz ( period = 18.300 ns )                    ; CLK_GEN:inst5|CLK_1HZ_CNT_BFR[10] ; CLK_GEN:inst5|CLK_1HZ_CNT_BFR[5]   ; CLK        ; CLK      ; None                        ; None                      ; 14.300 ns               ;
; N/A                                     ; 54.64 MHz ( period = 18.300 ns )                    ; CLK_GEN:inst5|CLK_1HZ_CNT_BFR[10] ; CLK_GEN:inst5|CLK_1HZ_CNT_BFR[3]   ; CLK        ; CLK      ; None                        ; None                      ; 14.300 ns               ;
; N/A                                     ; 54.64 MHz ( period = 18.300 ns )                    ; CLK_GEN:inst5|CLK_1HZ_CNT_BFR[10] ; CLK_GEN:inst5|CLK_1HZ_CNT_BFR[2]   ; CLK        ; CLK      ; None                        ; None                      ; 14.300 ns               ;
; N/A                                     ; 54.64 MHz ( period = 18.300 ns )                    ; CLK_GEN:inst5|CLK_1HZ_CNT_BFR[11] ; CLK_GEN:inst5|CLK_1HZ_CNT_BFR[22]  ; CLK        ; CLK      ; None                        ; None                      ; 14.300 ns               ;
; N/A                                     ; 54.64 MHz ( period = 18.300 ns )                    ; CLK_GEN:inst5|CLK_1HZ_CNT_BFR[13] ; CLK_GEN:inst5|CLK_1HZ_CNT_BFR[23]  ; CLK        ; CLK      ; None                        ; None                      ; 14.300 ns               ;
; N/A                                     ; 54.64 MHz ( period = 18.300 ns )                    ; CLK_GEN:inst5|CLK_1HZ_CNT_BFR[8]  ; CLK_GEN:inst5|CLK_1HZ_CNT_BFR[20]  ; CLK        ; CLK      ; None                        ; None                      ; 14.300 ns               ;
; N/A                                     ; 54.64 MHz ( period = 18.300 ns )                    ; CLK_GEN:inst5|CLK_1HZ_CNT_BFR[10] ; CLK_GEN:inst5|CLK_1HZ_CNT_BFR[21]  ; CLK        ; CLK      ; None                        ; None                      ; 14.300 ns               ;
; N/A                                     ; 54.64 MHz ( period = 18.300 ns )                    ; CLK_GEN:inst5|CLK_1HZ_CNT_BFR[0]  ; CLK_GEN:inst5|CLK_1HZ_CNT_BFR[16]  ; CLK        ; CLK      ; None                        ; None                      ; 14.300 ns               ;
; N/A                                     ; 54.95 MHz ( period = 18.200 ns )                    ; CLK_GEN:inst5|CLK_1HZ_CNT_BFR[14] ; CLK_GEN:inst5|CLK_1HZ_BFR          ; CLK        ; CLK      ; None                        ; None                      ; 14.200 ns               ;
; N/A                                     ; 54.95 MHz ( period = 18.200 ns )                    ; CLK_GEN:inst5|CLK_1HZ_CNT_BFR[10] ; CLK_GEN:inst5|CLK_1HZ_CNT_BFR[8]   ; CLK        ; CLK      ; None                        ; None                      ; 14.200 ns               ;
; N/A                                     ; 54.95 MHz ( period = 18.200 ns )                    ; CLK_GEN:inst5|CLK_1HZ_CNT_BFR[10] ; CLK_GEN:inst5|CLK_1HZ_CNT_BFR[7]   ; CLK        ; CLK      ; None                        ; None                      ; 14.200 ns               ;
; N/A                                     ; 54.95 MHz ( period = 18.200 ns )                    ; CLK_GEN:inst5|CLK_1HZ_CNT_BFR[10] ; CLK_GEN:inst5|CLK_1HZ_CNT_BFR[6]   ; CLK        ; CLK      ; None                        ; None                      ; 14.200 ns               ;
; N/A                                     ; 54.95 MHz ( period = 18.200 ns )                    ; CLK_GEN:inst5|CLK_1HZ_CNT_BFR[17] ; CLK_GEN:inst5|CLK_1HZ_CNT_BFR[5]   ; CLK        ; CLK      ; None                        ; None                      ; 14.200 ns               ;
; N/A                                     ; 54.95 MHz ( period = 18.200 ns )                    ; CLK_GEN:inst5|CLK_1HZ_CNT_BFR[17] ; CLK_GEN:inst5|CLK_1HZ_CNT_BFR[3]   ; CLK        ; CLK      ; None                        ; None                      ; 14.200 ns               ;
; N/A                                     ; 54.95 MHz ( period = 18.200 ns )                    ; CLK_GEN:inst5|CLK_1HZ_CNT_BFR[17] ; CLK_GEN:inst5|CLK_1HZ_CNT_BFR[2]   ; CLK        ; CLK      ; None                        ; None                      ; 14.200 ns               ;
; N/A                                     ; 54.95 MHz ( period = 18.200 ns )                    ; CLK_GEN:inst5|CLK_1HZ_CNT_BFR[2]  ; CLK_GEN:inst5|CLK_1HZ_CNT_BFR[14]  ; CLK        ; CLK      ; None                        ; None                      ; 14.200 ns               ;
; N/A                                     ; 54.95 MHz ( period = 18.200 ns )                    ; CLK_GEN:inst5|CLK_1HZ_CNT_BFR[3]  ; CLK_GEN:inst5|CLK_1HZ_CNT_BFR[15]  ; CLK        ; CLK      ; None                        ; None                      ; 14.200 ns               ;
; N/A                                     ; 54.95 MHz ( period = 18.200 ns )                    ; CLK_GEN:inst5|CLK_1HZ_CNT_BFR[12] ; CLK_GEN:inst5|CLK_1HZ_CNT_BFR[23]  ; CLK        ; CLK      ; None                        ; None                      ; 14.200 ns               ;
; N/A                                     ; 54.95 MHz ( period = 18.200 ns )                    ; CLK_GEN:inst5|CLK_1HZ_CNT_BFR[9]  ; CLK_GEN:inst5|CLK_1HZ_CNT_BFR[21]  ; CLK        ; CLK      ; None                        ; None                      ; 14.200 ns               ;
; N/A                                     ; 55.25 MHz ( period = 18.100 ns )                    ; CLK_GEN:inst5|CLK_1HZ_CNT_BFR[17] ; CLK_GEN:inst5|CLK_1HZ_CNT_BFR[8]   ; CLK        ; CLK      ; None                        ; None                      ; 14.100 ns               ;
; N/A                                     ; 55.25 MHz ( period = 18.100 ns )                    ; CLK_GEN:inst5|CLK_1HZ_CNT_BFR[17] ; CLK_GEN:inst5|CLK_1HZ_CNT_BFR[7]   ; CLK        ; CLK      ; None                        ; None                      ; 14.100 ns               ;
; N/A                                     ; 55.25 MHz ( period = 18.100 ns )                    ; CLK_GEN:inst5|CLK_1HZ_CNT_BFR[17] ; CLK_GEN:inst5|CLK_1HZ_CNT_BFR[6]   ; CLK        ; CLK      ; None                        ; None                      ; 14.100 ns               ;
; N/A                                     ; 55.25 MHz ( period = 18.100 ns )                    ; CLK_GEN:inst5|CLK_1HZ_CNT_BFR[18] ; CLK_GEN:inst5|CLK_1HZ_CNT_BFR[5]   ; CLK        ; CLK      ; None                        ; None                      ; 14.100 ns               ;
; N/A                                     ; 55.25 MHz ( period = 18.100 ns )                    ; CLK_GEN:inst5|CLK_1HZ_CNT_BFR[19] ; CLK_GEN:inst5|CLK_1HZ_CNT_BFR[5]   ; CLK        ; CLK      ; None                        ; None                      ; 14.100 ns               ;
; N/A                                     ; 55.25 MHz ( period = 18.100 ns )                    ; CLK_GEN:inst5|CLK_1HZ_CNT_BFR[18] ; CLK_GEN:inst5|CLK_1HZ_CNT_BFR[3]   ; CLK        ; CLK      ; None                        ; None                      ; 14.100 ns               ;
; N/A                                     ; 55.25 MHz ( period = 18.100 ns )                    ; CLK_GEN:inst5|CLK_1HZ_CNT_BFR[19] ; CLK_GEN:inst5|CLK_1HZ_CNT_BFR[3]   ; CLK        ; CLK      ; None                        ; None                      ; 14.100 ns               ;
; N/A                                     ; 55.25 MHz ( period = 18.100 ns )                    ; CLK_GEN:inst5|CLK_1HZ_CNT_BFR[18] ; CLK_GEN:inst5|CLK_1HZ_CNT_BFR[2]   ; CLK        ; CLK      ; None                        ; None                      ; 14.100 ns               ;
; N/A                                     ; 55.25 MHz ( period = 18.100 ns )                    ; CLK_GEN:inst5|CLK_1HZ_CNT_BFR[19] ; CLK_GEN:inst5|CLK_1HZ_CNT_BFR[2]   ; CLK        ; CLK      ; None                        ; None                      ; 14.100 ns               ;
; N/A                                     ; 55.25 MHz ( period = 18.100 ns )                    ; CLK_GEN:inst5|CLK_1HZ_CNT_BFR[2]  ; CLK_GEN:inst5|CLK_1HZ_CNT_BFR[13]  ; CLK        ; CLK      ; None                        ; None                      ; 14.100 ns               ;
; N/A                                     ; 55.25 MHz ( period = 18.100 ns )                    ; CLK_GEN:inst5|CLK_1HZ_CNT_BFR[10] ; CLK_GEN:inst5|CLK_1HZ_CNT_BFR[20]  ; CLK        ; CLK      ; None                        ; None                      ; 14.100 ns               ;
; N/A                                     ; 55.56 MHz ( period = 18.000 ns )                    ; DESIGN4TG_NINE_CNT:inst2|HEX_Z[2] ; DESIGN6TG_ALARM:inst10|ALARM_Z     ; CLK        ; CLK      ; None                        ; None                      ; 14.000 ns               ;
; N/A                                     ; 55.56 MHz ( period = 18.000 ns )                    ; CLK_GEN:inst5|CLK_1HZ_CNT_BFR[18] ; CLK_GEN:inst5|CLK_1HZ_CNT_BFR[8]   ; CLK        ; CLK      ; None                        ; None                      ; 14.000 ns               ;
; N/A                                     ; 55.56 MHz ( period = 18.000 ns )                    ; CLK_GEN:inst5|CLK_1HZ_CNT_BFR[19] ; CLK_GEN:inst5|CLK_1HZ_CNT_BFR[8]   ; CLK        ; CLK      ; None                        ; None                      ; 14.000 ns               ;
; N/A                                     ; 55.56 MHz ( period = 18.000 ns )                    ; CLK_GEN:inst5|CLK_1HZ_CNT_BFR[18] ; CLK_GEN:inst5|CLK_1HZ_CNT_BFR[7]   ; CLK        ; CLK      ; None                        ; None                      ; 14.000 ns               ;
; N/A                                     ; 55.56 MHz ( period = 18.000 ns )                    ; CLK_GEN:inst5|CLK_1HZ_CNT_BFR[19] ; CLK_GEN:inst5|CLK_1HZ_CNT_BFR[7]   ; CLK        ; CLK      ; None                        ; None                      ; 14.000 ns               ;
; N/A                                     ; 55.56 MHz ( period = 18.000 ns )                    ; CLK_GEN:inst5|CLK_1HZ_CNT_BFR[18] ; CLK_GEN:inst5|CLK_1HZ_CNT_BFR[6]   ; CLK        ; CLK      ; None                        ; None                      ; 14.000 ns               ;
; N/A                                     ; 55.56 MHz ( period = 18.000 ns )                    ; CLK_GEN:inst5|CLK_1HZ_CNT_BFR[19] ; CLK_GEN:inst5|CLK_1HZ_CNT_BFR[6]   ; CLK        ; CLK      ; None                        ; None                      ; 14.000 ns               ;
; N/A                                     ; 55.56 MHz ( period = 18.000 ns )                    ; DESIGN4TG_NINE_CNT:inst2|HEX_Z[2] ; DESIGN6TG_ALARM:inst10|ALARM_STATE ; CLK        ; CLK      ; None                        ; None                      ; 14.000 ns               ;
; N/A                                     ; 55.56 MHz ( period = 18.000 ns )                    ; CLK_GEN:inst5|CLK_1HZ_CNT_BFR[1]  ; CLK_GEN:inst5|CLK_1HZ_CNT_BFR[12]  ; CLK        ; CLK      ; None                        ; None                      ; 14.000 ns               ;
; N/A                                     ; 55.56 MHz ( period = 18.000 ns )                    ; CLK_GEN:inst5|CLK_1HZ_CNT_BFR[13] ; CLK_GEN:inst5|CLK_1HZ_CNT_BFR[22]  ; CLK        ; CLK      ; None                        ; None                      ; 14.000 ns               ;
; N/A                                     ; 55.56 MHz ( period = 18.000 ns )                    ; CLK_GEN:inst5|CLK_1HZ_CNT_BFR[9]  ; CLK_GEN:inst5|CLK_1HZ_CNT_BFR[20]  ; CLK        ; CLK      ; None                        ; None                      ; 14.000 ns               ;
; N/A                                     ; 55.56 MHz ( period = 18.000 ns )                    ; CLK_GEN:inst5|CLK_1HZ_CNT_BFR[8]  ; CLK_GEN:inst5|CLK_1HZ_CNT_BFR[19]  ; CLK        ; CLK      ; None                        ; None                      ; 14.000 ns               ;
; N/A                                     ; 55.87 MHz ( period = 17.900 ns )                    ; CLK_GEN:inst5|CLK_1HZ_CNT_BFR[16] ; CLK_GEN:inst5|CLK_1HZ_CNT_BFR[5]   ; CLK        ; CLK      ; None                        ; None                      ; 13.900 ns               ;
; N/A                                     ; 55.87 MHz ( period = 17.900 ns )                    ; CLK_GEN:inst5|CLK_1HZ_CNT_BFR[16] ; CLK_GEN:inst5|CLK_1HZ_CNT_BFR[3]   ; CLK        ; CLK      ; None                        ; None                      ; 13.900 ns               ;
; N/A                                     ; 55.87 MHz ( period = 17.900 ns )                    ; CLK_GEN:inst5|CLK_1HZ_CNT_BFR[16] ; CLK_GEN:inst5|CLK_1HZ_CNT_BFR[2]   ; CLK        ; CLK      ; None                        ; None                      ; 13.900 ns               ;
; N/A                                     ; 55.87 MHz ( period = 17.900 ns )                    ; CLK_GEN:inst5|CLK_1HZ_CNT_BFR[3]  ; CLK_GEN:inst5|CLK_1HZ_CNT_BFR[14]  ; CLK        ; CLK      ; None                        ; None                      ; 13.900 ns               ;
; N/A                                     ; 55.87 MHz ( period = 17.900 ns )                    ; CLK_GEN:inst5|CLK_1HZ_CNT_BFR[4]  ; CLK_GEN:inst5|CLK_1HZ_CNT_BFR[15]  ; CLK        ; CLK      ; None                        ; None                      ; 13.900 ns               ;
; N/A                                     ; 55.87 MHz ( period = 17.900 ns )                    ; CLK_GEN:inst5|CLK_1HZ_CNT_BFR[12] ; CLK_GEN:inst5|CLK_1HZ_CNT_BFR[22]  ; CLK        ; CLK      ; None                        ; None                      ; 13.900 ns               ;
; N/A                                     ; 56.18 MHz ( period = 17.800 ns )                    ; CLK_GEN:inst5|CLK_1HZ_CNT_BFR[16] ; CLK_GEN:inst5|CLK_1HZ_CNT_BFR[8]   ; CLK        ; CLK      ; None                        ; None                      ; 13.800 ns               ;
; N/A                                     ; 56.18 MHz ( period = 17.800 ns )                    ; CLK_GEN:inst5|CLK_1HZ_CNT_BFR[16] ; CLK_GEN:inst5|CLK_1HZ_CNT_BFR[7]   ; CLK        ; CLK      ; None                        ; None                      ; 13.800 ns               ;
; N/A                                     ; 56.18 MHz ( period = 17.800 ns )                    ; CLK_GEN:inst5|CLK_1HZ_CNT_BFR[16] ; CLK_GEN:inst5|CLK_1HZ_CNT_BFR[6]   ; CLK        ; CLK      ; None                        ; None                      ; 13.800 ns               ;
; N/A                                     ; 56.18 MHz ( period = 17.800 ns )                    ; CLK_GEN:inst5|CLK_1HZ_CNT_BFR[3]  ; CLK_GEN:inst5|CLK_1HZ_CNT_BFR[5]   ; CLK        ; CLK      ; None                        ; None                      ; 13.800 ns               ;
; N/A                                     ; 56.18 MHz ( period = 17.800 ns )                    ; CLK_GEN:inst5|CLK_1HZ_CNT_BFR[4]  ; CLK_GEN:inst5|CLK_1HZ_CNT_BFR[5]   ; CLK        ; CLK      ; None                        ; None                      ; 13.800 ns               ;
; N/A                                     ; 56.18 MHz ( period = 17.800 ns )                    ; CLK_GEN:inst5|CLK_1HZ_CNT_BFR[2]  ; CLK_GEN:inst5|CLK_1HZ_CNT_BFR[5]   ; CLK        ; CLK      ; None                        ; None                      ; 13.800 ns               ;
; N/A                                     ; 56.18 MHz ( period = 17.800 ns )                    ; CLK_GEN:inst5|CLK_1HZ_CNT_BFR[0]  ; CLK_GEN:inst5|CLK_1HZ_CNT_BFR[5]   ; CLK        ; CLK      ; None                        ; None                      ; 13.800 ns               ;
; N/A                                     ; 56.18 MHz ( period = 17.800 ns )                    ; CLK_GEN:inst5|CLK_1HZ_CNT_BFR[11] ; CLK_GEN:inst5|CLK_1HZ_CNT_BFR[5]   ; CLK        ; CLK      ; None                        ; None                      ; 13.800 ns               ;
; N/A                                     ; 56.18 MHz ( period = 17.800 ns )                    ; CLK_GEN:inst5|CLK_1HZ_CNT_BFR[3]  ; CLK_GEN:inst5|CLK_1HZ_CNT_BFR[3]   ; CLK        ; CLK      ; None                        ; None                      ; 13.800 ns               ;
; N/A                                     ; 56.18 MHz ( period = 17.800 ns )                    ; CLK_GEN:inst5|CLK_1HZ_CNT_BFR[4]  ; CLK_GEN:inst5|CLK_1HZ_CNT_BFR[3]   ; CLK        ; CLK      ; None                        ; None                      ; 13.800 ns               ;
; N/A                                     ; 56.18 MHz ( period = 17.800 ns )                    ; CLK_GEN:inst5|CLK_1HZ_CNT_BFR[2]  ; CLK_GEN:inst5|CLK_1HZ_CNT_BFR[3]   ; CLK        ; CLK      ; None                        ; None                      ; 13.800 ns               ;
; N/A                                     ; 56.18 MHz ( period = 17.800 ns )                    ; CLK_GEN:inst5|CLK_1HZ_CNT_BFR[0]  ; CLK_GEN:inst5|CLK_1HZ_CNT_BFR[3]   ; CLK        ; CLK      ; None                        ; None                      ; 13.800 ns               ;
; N/A                                     ; 56.18 MHz ( period = 17.800 ns )                    ; CLK_GEN:inst5|CLK_1HZ_CNT_BFR[11] ; CLK_GEN:inst5|CLK_1HZ_CNT_BFR[3]   ; CLK        ; CLK      ; None                        ; None                      ; 13.800 ns               ;
; N/A                                     ; 56.18 MHz ( period = 17.800 ns )                    ; CLK_GEN:inst5|CLK_1HZ_CNT_BFR[3]  ; CLK_GEN:inst5|CLK_1HZ_CNT_BFR[2]   ; CLK        ; CLK      ; None                        ; None                      ; 13.800 ns               ;
; N/A                                     ; 56.18 MHz ( period = 17.800 ns )                    ; CLK_GEN:inst5|CLK_1HZ_CNT_BFR[4]  ; CLK_GEN:inst5|CLK_1HZ_CNT_BFR[2]   ; CLK        ; CLK      ; None                        ; None                      ; 13.800 ns               ;
; N/A                                     ; 56.18 MHz ( period = 17.800 ns )                    ; CLK_GEN:inst5|CLK_1HZ_CNT_BFR[2]  ; CLK_GEN:inst5|CLK_1HZ_CNT_BFR[2]   ; CLK        ; CLK      ; None                        ; None                      ; 13.800 ns               ;
; N/A                                     ; 56.18 MHz ( period = 17.800 ns )                    ; CLK_GEN:inst5|CLK_1HZ_CNT_BFR[0]  ; CLK_GEN:inst5|CLK_1HZ_CNT_BFR[2]   ; CLK        ; CLK      ; None                        ; None                      ; 13.800 ns               ;
; N/A                                     ; 56.18 MHz ( period = 17.800 ns )                    ; CLK_GEN:inst5|CLK_1HZ_CNT_BFR[11] ; CLK_GEN:inst5|CLK_1HZ_CNT_BFR[2]   ; CLK        ; CLK      ; None                        ; None                      ; 13.800 ns               ;
; N/A                                     ; 56.18 MHz ( period = 17.800 ns )                    ; CLK_GEN:inst5|CLK_1HZ_CNT_BFR[3]  ; CLK_GEN:inst5|CLK_1HZ_CNT_BFR[13]  ; CLK        ; CLK      ; None                        ; None                      ; 13.800 ns               ;
; N/A                                     ; 56.18 MHz ( period = 17.800 ns )                    ; CLK_GEN:inst5|CLK_1HZ_CNT_BFR[14] ; CLK_GEN:inst5|CLK_1HZ_CNT_BFR[23]  ; CLK        ; CLK      ; None                        ; None                      ; 13.800 ns               ;
; N/A                                     ; 56.18 MHz ( period = 17.800 ns )                    ; CLK_GEN:inst5|CLK_1HZ_CNT_BFR[11] ; CLK_GEN:inst5|CLK_1HZ_CNT_BFR[21]  ; CLK        ; CLK      ; None                        ; None                      ; 13.800 ns               ;
; N/A                                     ; 56.18 MHz ( period = 17.800 ns )                    ; CLK_GEN:inst5|CLK_1HZ_CNT_BFR[10] ; CLK_GEN:inst5|CLK_1HZ_CNT_BFR[19]  ; CLK        ; CLK      ; None                        ; None                      ; 13.800 ns               ;
; N/A                                     ; 56.50 MHz ( period = 17.700 ns )                    ; CLK_GEN:inst5|CLK_1HZ_CNT_BFR[0]  ; CLK_GEN:inst5|CLK_1HZ_CNT_BFR[6]   ; CLK        ; CLK      ; None                        ; None                      ; 13.700 ns               ;
; N/A                                     ; 56.50 MHz ( period = 17.700 ns )                    ; CLK_GEN:inst5|CLK_1HZ_CNT_BFR[11] ; CLK_GEN:inst5|CLK_1HZ_CNT_BFR[6]   ; CLK        ; CLK      ; None                        ; None                      ; 13.700 ns               ;
; N/A                                     ; 56.50 MHz ( period = 17.700 ns )                    ; CLK_GEN:inst5|CLK_1HZ_CNT_BFR[1]  ; CLK_GEN:inst5|CLK_1HZ_CNT_BFR[5]   ; CLK        ; CLK      ; None                        ; None                      ; 13.700 ns               ;
; N/A                                     ; 56.50 MHz ( period = 17.700 ns )                    ; CLK_GEN:inst5|CLK_1HZ_CNT_BFR[1]  ; CLK_GEN:inst5|CLK_1HZ_CNT_BFR[3]   ; CLK        ; CLK      ; None                        ; None                      ; 13.700 ns               ;
; N/A                                     ; 56.50 MHz ( period = 17.700 ns )                    ; CLK_GEN:inst5|CLK_1HZ_CNT_BFR[1]  ; CLK_GEN:inst5|CLK_1HZ_CNT_BFR[2]   ; CLK        ; CLK      ; None                        ; None                      ; 13.700 ns               ;
; N/A                                     ; 56.50 MHz ( period = 17.700 ns )                    ; CLK_GEN:inst5|CLK_1HZ_CNT_BFR[1]  ; CLK_GEN:inst5|CLK_1HZ_CNT_BFR[11]  ; CLK        ; CLK      ; None                        ; None                      ; 13.700 ns               ;
; N/A                                     ; 56.50 MHz ( period = 17.700 ns )                    ; CLK_GEN:inst5|CLK_1HZ_CNT_BFR[8]  ; CLK_GEN:inst5|CLK_1HZ_CNT_BFR[18]  ; CLK        ; CLK      ; None                        ; None                      ; 13.700 ns               ;
; Timing analysis restricted to 200 rows. ; To change the limit use Settings (Assignments menu) ;                                   ;                                    ;            ;          ;                             ;                           ;                         ;
+-----------------------------------------+-----------------------------------------------------+-----------------------------------+------------------------------------+------------+----------+-----------------------------+---------------------------+-------------------------+


+------------------------------------------------------------------------------------------+
; tsu                                                                                      ;
+-------+--------------+------------+-------+-----------------------------------+----------+
; Slack ; Required tsu ; Actual tsu ; From  ; To                                ; To Clock ;
+-------+--------------+------------+-------+-----------------------------------+----------+
; N/A   ; None         ; 12.700 ns  ; RESET ; DESIGN4TG_FIVE_CNT:inst3|HEX_Z[1] ; CLK      ;
; N/A   ; None         ; 12.700 ns  ; RESET ; DESIGN4TG_FIVE_CNT:inst3|HEX_Z[3] ; CLK      ;
; N/A   ; None         ; 12.700 ns  ; RESET ; DESIGN4TG_FIVE_CNT:inst3|HEX_Z[2] ; CLK      ;
; N/A   ; None         ; 12.600 ns  ; RESET ; DESIGN4TG_FIVE_CNT:inst4|TRIG_Z   ; CLK      ;
; N/A   ; None         ; 12.600 ns  ; RESET ; DESIGN4TG_FIVE_CNT:inst4|HEX_Z[3] ; CLK      ;
; N/A   ; None         ; 12.600 ns  ; RESET ; DESIGN4TG_FIVE_CNT:inst4|HEX_Z[2] ; CLK      ;
; N/A   ; None         ; 12.600 ns  ; RESET ; DESIGN4TG_FIVE_CNT:inst4|HEX_Z[1] ; CLK      ;
; N/A   ; None         ; 12.600 ns  ; RESET ; DESIGN4TG_NINE_CNT:inst2|HEX_Z[4] ; CLK      ;
; N/A   ; None         ; 12.600 ns  ; RESET ; DESIGN4TG_NINE_CNT:inst2|HEX_Z[3] ; CLK      ;
; N/A   ; None         ; 12.600 ns  ; RESET ; DESIGN4TG_NINE_CNT:inst2|HEX_Z[2] ; CLK      ;
; N/A   ; None         ; 12.600 ns  ; RESET ; DESIGN4TG_NINE_CNT:inst2|HEX_Z[1] ; CLK      ;
; N/A   ; None         ; 12.200 ns  ; RESET ; DESIGN4TG_NINE_CNT:inst1|HEX_Z[4] ; CLK      ;
; N/A   ; None         ; 10.200 ns  ; RESET ; DESIGN4TG_FIVE_CNT:inst3|TRIG_Z   ; CLK      ;
; N/A   ; None         ; 10.200 ns  ; RESET ; DESIGN4TG_NINE_CNT:inst2|TRIG_Z   ; CLK      ;
; N/A   ; None         ; 9.900 ns   ; RESET ; DESIGN4TG_NINE_CNT:inst1|HEX_Z[3] ; CLK      ;
; N/A   ; None         ; 9.900 ns   ; RESET ; DESIGN4TG_NINE_CNT:inst1|HEX_Z[2] ; CLK      ;
; N/A   ; None         ; 7.500 ns   ; RESET ; DESIGN4TG_NINE_CNT:inst1|TRIG_Z   ; CLK      ;
; N/A   ; None         ; 7.300 ns   ; RESET ; DESIGN4TG_NINE_CNT:inst1|HEX_Z[1] ; CLK      ;
+-------+--------------+------------+-------+-----------------------------------+----------+


+------------------------------------------------------------------------------------------------------+
; tco                                                                                                  ;
+-------+--------------+------------+-----------------------------------+-----------------+------------+
; Slack ; Required tco ; Actual tco ; From                              ; To              ; From Clock ;
+-------+--------------+------------+-----------------------------------+-----------------+------------+
; N/A   ; None         ; 31.400 ns  ; DESIGN4TG_FIVE_CNT:inst3|HEX_Z[1] ; LED_FIVE_SEC[2] ; CLK        ;
; N/A   ; None         ; 31.400 ns  ; DESIGN4TG_FIVE_CNT:inst3|HEX_Z[3] ; LED_FIVE_SEC[2] ; CLK        ;
; N/A   ; None         ; 31.100 ns  ; DESIGN4TG_NINE_CNT:inst1|HEX_Z[3] ; LED_NINE_SEC[7] ; CLK        ;
; N/A   ; None         ; 31.100 ns  ; DESIGN4TG_NINE_CNT:inst1|HEX_Z[2] ; LED_NINE_SEC[7] ; CLK        ;
; N/A   ; None         ; 31.100 ns  ; DESIGN4TG_NINE_CNT:inst1|HEX_Z[3] ; LED_NINE_SEC[8] ; CLK        ;
; N/A   ; None         ; 31.100 ns  ; DESIGN4TG_NINE_CNT:inst1|HEX_Z[2] ; LED_NINE_SEC[8] ; CLK        ;
; N/A   ; None         ; 31.100 ns  ; DESIGN4TG_FIVE_CNT:inst3|HEX_Z[2] ; LED_FIVE_SEC[2] ; CLK        ;
; N/A   ; None         ; 30.800 ns  ; DESIGN4TG_NINE_CNT:inst1|HEX_Z[1] ; LED_NINE_SEC[7] ; CLK        ;
; N/A   ; None         ; 30.800 ns  ; DESIGN4TG_NINE_CNT:inst1|HEX_Z[1] ; LED_NINE_SEC[8] ; CLK        ;
; N/A   ; None         ; 30.000 ns  ; DESIGN4TG_FIVE_CNT:inst3|HEX_Z[3] ; LED_FIVE_SEC[4] ; CLK        ;
; N/A   ; None         ; 30.000 ns  ; DESIGN4TG_FIVE_CNT:inst3|HEX_Z[2] ; LED_FIVE_SEC[4] ; CLK        ;
; N/A   ; None         ; 30.000 ns  ; DESIGN4TG_FIVE_CNT:inst3|HEX_Z[3] ; LED_FIVE_SEC[5] ; CLK        ;
; N/A   ; None         ; 30.000 ns  ; DESIGN4TG_FIVE_CNT:inst3|HEX_Z[2] ; LED_FIVE_SEC[5] ; CLK        ;
; N/A   ; None         ; 30.000 ns  ; DESIGN4TG_FIVE_CNT:inst3|HEX_Z[1] ; LED_FIVE_SEC[6] ; CLK        ;
; N/A   ; None         ; 30.000 ns  ; DESIGN4TG_FIVE_CNT:inst3|HEX_Z[3] ; LED_FIVE_SEC[6] ; CLK        ;
; N/A   ; None         ; 30.000 ns  ; DESIGN4TG_FIVE_CNT:inst3|HEX_Z[3] ; LED_FIVE_SEC[8] ; CLK        ;
; N/A   ; None         ; 30.000 ns  ; DESIGN4TG_FIVE_CNT:inst3|HEX_Z[2] ; LED_FIVE_SEC[8] ; CLK        ;
; N/A   ; None         ; 29.700 ns  ; DESIGN4TG_NINE_CNT:inst1|HEX_Z[3] ; LED_NINE_SEC[3] ; CLK        ;
; N/A   ; None         ; 29.700 ns  ; DESIGN4TG_NINE_CNT:inst1|HEX_Z[2] ; LED_NINE_SEC[3] ; CLK        ;
; N/A   ; None         ; 29.700 ns  ; DESIGN4TG_NINE_CNT:inst1|HEX_Z[3] ; LED_NINE_SEC[4] ; CLK        ;
; N/A   ; None         ; 29.700 ns  ; DESIGN4TG_NINE_CNT:inst1|HEX_Z[2] ; LED_NINE_SEC[4] ; CLK        ;
; N/A   ; None         ; 29.700 ns  ; DESIGN4TG_NINE_CNT:inst1|HEX_Z[3] ; LED_NINE_SEC[5] ; CLK        ;
; N/A   ; None         ; 29.700 ns  ; DESIGN4TG_NINE_CNT:inst1|HEX_Z[2] ; LED_NINE_SEC[5] ; CLK        ;
; N/A   ; None         ; 29.700 ns  ; DESIGN4TG_NINE_CNT:inst1|HEX_Z[1] ; LED_NINE_SEC[6] ; CLK        ;
; N/A   ; None         ; 29.700 ns  ; DESIGN4TG_NINE_CNT:inst1|HEX_Z[3] ; LED_NINE_SEC[6] ; CLK        ;
; N/A   ; None         ; 29.700 ns  ; DESIGN4TG_FIVE_CNT:inst3|HEX_Z[1] ; LED_FIVE_SEC[4] ; CLK        ;
; N/A   ; None         ; 29.700 ns  ; DESIGN4TG_FIVE_CNT:inst3|HEX_Z[1] ; LED_FIVE_SEC[5] ; CLK        ;
; N/A   ; None         ; 29.700 ns  ; DESIGN4TG_FIVE_CNT:inst3|HEX_Z[2] ; LED_FIVE_SEC[6] ; CLK        ;
; N/A   ; None         ; 29.700 ns  ; DESIGN4TG_FIVE_CNT:inst3|HEX_Z[1] ; LED_FIVE_SEC[8] ; CLK        ;
; N/A   ; None         ; 29.600 ns  ; DESIGN4TG_NINE_CNT:inst1|HEX_Z[4] ; LED_NINE_SEC[2] ; CLK        ;
; N/A   ; None         ; 29.400 ns  ; DESIGN4TG_NINE_CNT:inst1|HEX_Z[1] ; LED_NINE_SEC[3] ; CLK        ;
; N/A   ; None         ; 29.400 ns  ; DESIGN4TG_NINE_CNT:inst1|HEX_Z[1] ; LED_NINE_SEC[4] ; CLK        ;
; N/A   ; None         ; 29.400 ns  ; DESIGN4TG_NINE_CNT:inst1|HEX_Z[1] ; LED_NINE_SEC[5] ; CLK        ;
; N/A   ; None         ; 29.400 ns  ; DESIGN4TG_NINE_CNT:inst1|HEX_Z[2] ; LED_NINE_SEC[6] ; CLK        ;
; N/A   ; None         ; 28.800 ns  ; DESIGN4TG_NINE_CNT:inst1|HEX_Z[4] ; LED_NINE_SEC[7] ; CLK        ;
; N/A   ; None         ; 28.800 ns  ; DESIGN4TG_NINE_CNT:inst1|HEX_Z[4] ; LED_NINE_SEC[8] ; CLK        ;
; N/A   ; None         ; 28.800 ns  ; DESIGN4TG_FIVE_CNT:inst3|HEX_Z[1] ; LED_FIVE_SEC[3] ; CLK        ;
; N/A   ; None         ; 28.800 ns  ; DESIGN4TG_FIVE_CNT:inst3|HEX_Z[3] ; LED_FIVE_SEC[3] ; CLK        ;
; N/A   ; None         ; 28.500 ns  ; DESIGN4TG_FIVE_CNT:inst3|HEX_Z[2] ; LED_FIVE_SEC[3] ; CLK        ;
; N/A   ; None         ; 27.700 ns  ; DESIGN4TG_NINE_CNT:inst2|HEX_Z[1] ; LED_NINE_MIN[1] ; CLK        ;
; N/A   ; None         ; 27.700 ns  ; DESIGN6TG_ALARM:inst10|ALARM_Z    ; ALARM_LED       ; CLK        ;
; N/A   ; None         ; 27.600 ns  ; DESIGN4TG_NINE_CNT:inst2|HEX_Z[2] ; LED_NINE_MIN[2] ; CLK        ;
; N/A   ; None         ; 27.600 ns  ; DESIGN4TG_NINE_CNT:inst2|HEX_Z[3] ; LED_NINE_MIN[3] ; CLK        ;
; N/A   ; None         ; 27.600 ns  ; DESIGN4TG_FIVE_CNT:inst4|HEX_Z[1] ; LED_FIVE_MIN[1] ; CLK        ;
; N/A   ; None         ; 27.600 ns  ; DESIGN4TG_FIVE_CNT:inst4|HEX_Z[2] ; LED_FIVE_MIN[2] ; CLK        ;
; N/A   ; None         ; 27.500 ns  ; DESIGN4TG_FIVE_CNT:inst4|HEX_Z[3] ; LED_FIVE_MIN[3] ; CLK        ;
; N/A   ; None         ; 27.400 ns  ; DESIGN4TG_NINE_CNT:inst1|HEX_Z[3] ; LED_NINE_SEC[2] ; CLK        ;
; N/A   ; None         ; 27.400 ns  ; DESIGN4TG_NINE_CNT:inst1|HEX_Z[2] ; LED_NINE_SEC[2] ; CLK        ;
; N/A   ; None         ; 27.400 ns  ; DESIGN4TG_NINE_CNT:inst1|HEX_Z[4] ; LED_NINE_SEC[3] ; CLK        ;
; N/A   ; None         ; 27.400 ns  ; DESIGN4TG_NINE_CNT:inst1|HEX_Z[4] ; LED_NINE_SEC[4] ; CLK        ;
; N/A   ; None         ; 27.400 ns  ; DESIGN4TG_NINE_CNT:inst1|HEX_Z[4] ; LED_NINE_SEC[5] ; CLK        ;
; N/A   ; None         ; 27.400 ns  ; DESIGN4TG_NINE_CNT:inst1|HEX_Z[4] ; LED_NINE_SEC[6] ; CLK        ;
; N/A   ; None         ; 27.400 ns  ; DESIGN4TG_NINE_CNT:inst2|HEX_Z[4] ; LED_NINE_MIN[4] ; CLK        ;
; N/A   ; None         ; 27.400 ns  ; DESIGN4TG_FIVE_CNT:inst3|HEX_Z[1] ; LED_FIVE_SEC[7] ; CLK        ;
; N/A   ; None         ; 27.400 ns  ; DESIGN4TG_FIVE_CNT:inst3|HEX_Z[2] ; LED_FIVE_SEC[7] ; CLK        ;
; N/A   ; None         ; 27.100 ns  ; DESIGN4TG_NINE_CNT:inst1|HEX_Z[1] ; LED_NINE_SEC[2] ; CLK        ;
; N/A   ; None         ; 27.100 ns  ; DESIGN4TG_FIVE_CNT:inst3|HEX_Z[3] ; LED_FIVE_SEC[7] ; CLK        ;
; N/A   ; None         ; 24.700 ns  ; DESIGN4TG_FIVE_CNT:inst4|TRIG_Z   ; EXT_TRIG        ; CLK        ;
+-------+--------------+------------+-----------------------------------+-----------------+------------+


+------------------------------------------------------------------------------------------------+
; th                                                                                             ;
+---------------+-------------+-----------+-------+-----------------------------------+----------+
; Minimum Slack ; Required th ; Actual th ; From  ; To                                ; To Clock ;
+---------------+-------------+-----------+-------+-----------------------------------+----------+
; N/A           ; None        ; -1.600 ns ; RESET ; DESIGN4TG_NINE_CNT:inst1|HEX_Z[1] ; CLK      ;
; N/A           ; None        ; -1.800 ns ; RESET ; DESIGN4TG_NINE_CNT:inst1|TRIG_Z   ; CLK      ;
; N/A           ; None        ; -1.800 ns ; RESET ; DESIGN4TG_FIVE_CNT:inst3|TRIG_Z   ; CLK      ;
; N/A           ; None        ; -2.100 ns ; RESET ; DESIGN4TG_NINE_CNT:inst2|TRIG_Z   ; CLK      ;
; N/A           ; None        ; -2.800 ns ; RESET ; DESIGN4TG_FIVE_CNT:inst4|TRIG_Z   ; CLK      ;
; N/A           ; None        ; -4.200 ns ; RESET ; DESIGN4TG_NINE_CNT:inst1|HEX_Z[3] ; CLK      ;
; N/A           ; None        ; -4.200 ns ; RESET ; DESIGN4TG_NINE_CNT:inst1|HEX_Z[2] ; CLK      ;
; N/A           ; None        ; -5.400 ns ; RESET ; DESIGN4TG_FIVE_CNT:inst4|HEX_Z[3] ; CLK      ;
; N/A           ; None        ; -5.400 ns ; RESET ; DESIGN4TG_FIVE_CNT:inst4|HEX_Z[2] ; CLK      ;
; N/A           ; None        ; -5.400 ns ; RESET ; DESIGN4TG_FIVE_CNT:inst4|HEX_Z[1] ; CLK      ;
; N/A           ; None        ; -5.500 ns ; RESET ; DESIGN4TG_FIVE_CNT:inst3|HEX_Z[1] ; CLK      ;
; N/A           ; None        ; -5.500 ns ; RESET ; DESIGN4TG_FIVE_CNT:inst3|HEX_Z[2] ; CLK      ;
; N/A           ; None        ; -5.500 ns ; RESET ; DESIGN4TG_NINE_CNT:inst2|HEX_Z[4] ; CLK      ;
; N/A           ; None        ; -5.500 ns ; RESET ; DESIGN4TG_NINE_CNT:inst2|HEX_Z[3] ; CLK      ;
; N/A           ; None        ; -5.500 ns ; RESET ; DESIGN4TG_NINE_CNT:inst2|HEX_Z[2] ; CLK      ;
; N/A           ; None        ; -5.500 ns ; RESET ; DESIGN4TG_NINE_CNT:inst2|HEX_Z[1] ; CLK      ;
; N/A           ; None        ; -5.800 ns ; RESET ; DESIGN4TG_FIVE_CNT:inst3|HEX_Z[3] ; CLK      ;
; N/A           ; None        ; -6.500 ns ; RESET ; DESIGN4TG_NINE_CNT:inst1|HEX_Z[4] ; CLK      ;
+---------------+-------------+-----------+-------+-----------------------------------+----------+


+--------------------------+
; Timing Analyzer Messages ;
+--------------------------+
Info: *******************************************************************
Info: Running Quartus II 64-Bit Classic Timing Analyzer
    Info: Version 9.0 Build 235 06/17/2009 Service Pack 2 SJ Full Version
    Info: Processing started: Thu Jan 16 20:02:32 2014
Info: Command: quartus_tan --read_settings_files=off --write_settings_files=off DESIGN4TG -c DESIGN4TG
Info: Parallel compilation is enabled and will use 4 of the 4 processors detected
Info: Started post-fitting delay annotation
Info: Delay annotation completed successfully
Warning: Found pins functioning as undefined clocks and/or memory enables
    Info: Assuming node "CLK" is an undefined clock
Warning: Found 1 node(s) in clock paths which may be acting as ripple and/or gated clocks -- node(s) analyzed as buffer(s) resulting in clock skew
    Info: Detected ripple clock "CLK_GEN:inst5|CLK_1HZ_BFR" as buffer
Info: Clock "CLK" has Internal fmax of 44.44 MHz between source register "CLK_GEN:inst5|CLK_1HZ_CNT_BFR[1]" and destination register "CLK_GEN:inst5|CLK_1HZ_CNT_BFR[23]" (period= 22.5 ns)
    Info: + Longest register to register delay is 18.500 ns
        Info: 1: + IC(0.000 ns) + CELL(0.000 ns) = 0.000 ns; Loc. = LC1_E34; Fanout = 3; REG Node = 'CLK_GEN:inst5|CLK_1HZ_CNT_BFR[1]'
        Info: 2: + IC(2.800 ns) + CELL(1.400 ns) = 4.200 ns; Loc. = LC2_E33; Fanout = 2; COMB Node = 'CLK_GEN:inst5|lpm_add_sub:Add0|addcore:adder|a_csnbuffer:result_node|cs_buffer[1]~COUT'
        Info: 3: + IC(0.000 ns) + CELL(0.300 ns) = 4.500 ns; Loc. = LC3_E33; Fanout = 2; COMB Node = 'CLK_GEN:inst5|lpm_add_sub:Add0|addcore:adder|a_csnbuffer:result_node|cs_buffer[2]~COUT'
        Info: 4: + IC(0.000 ns) + CELL(0.300 ns) = 4.800 ns; Loc. = LC4_E33; Fanout = 2; COMB Node = 'CLK_GEN:inst5|lpm_add_sub:Add0|addcore:adder|a_csnbuffer:result_node|cs_buffer[3]~COUT'
        Info: 5: + IC(0.000 ns) + CELL(0.300 ns) = 5.100 ns; Loc. = LC5_E33; Fanout = 2; COMB Node = 'CLK_GEN:inst5|lpm_add_sub:Add0|addcore:adder|a_csnbuffer:result_node|cs_buffer[4]~COUT'
        Info: 6: + IC(0.000 ns) + CELL(0.300 ns) = 5.400 ns; Loc. = LC6_E33; Fanout = 2; COMB Node = 'CLK_GEN:inst5|lpm_add_sub:Add0|addcore:adder|a_csnbuffer:result_node|cs_buffer[5]~COUT'
        Info: 7: + IC(0.000 ns) + CELL(0.300 ns) = 5.700 ns; Loc. = LC7_E33; Fanout = 2; COMB Node = 'CLK_GEN:inst5|lpm_add_sub:Add0|addcore:adder|a_csnbuffer:result_node|cs_buffer[6]~COUT'
        Info: 8: + IC(0.000 ns) + CELL(0.300 ns) = 6.000 ns; Loc. = LC8_E33; Fanout = 2; COMB Node = 'CLK_GEN:inst5|lpm_add_sub:Add0|addcore:adder|a_csnbuffer:result_node|cs_buffer[7]~COUT'
        Info: 9: + IC(1.100 ns) + CELL(0.300 ns) = 7.400 ns; Loc. = LC1_E35; Fanout = 2; COMB Node = 'CLK_GEN:inst5|lpm_add_sub:Add0|addcore:adder|a_csnbuffer:result_node|cs_buffer[8]~COUT'
        Info: 10: + IC(0.000 ns) + CELL(0.300 ns) = 7.700 ns; Loc. = LC2_E35; Fanout = 2; COMB Node = 'CLK_GEN:inst5|lpm_add_sub:Add0|addcore:adder|a_csnbuffer:result_node|cs_buffer[9]~COUT'
        Info: 11: + IC(0.000 ns) + CELL(0.300 ns) = 8.000 ns; Loc. = LC3_E35; Fanout = 2; COMB Node = 'CLK_GEN:inst5|lpm_add_sub:Add0|addcore:adder|a_csnbuffer:result_node|cs_buffer[10]~COUT'
        Info: 12: + IC(0.000 ns) + CELL(0.300 ns) = 8.300 ns; Loc. = LC4_E35; Fanout = 2; COMB Node = 'CLK_GEN:inst5|lpm_add_sub:Add0|addcore:adder|a_csnbuffer:result_node|cs_buffer[11]~COUT'
        Info: 13: + IC(0.000 ns) + CELL(0.300 ns) = 8.600 ns; Loc. = LC5_E35; Fanout = 2; COMB Node = 'CLK_GEN:inst5|lpm_add_sub:Add0|addcore:adder|a_csnbuffer:result_node|cs_buffer[12]~COUT'
        Info: 14: + IC(0.000 ns) + CELL(0.300 ns) = 8.900 ns; Loc. = LC6_E35; Fanout = 2; COMB Node = 'CLK_GEN:inst5|lpm_add_sub:Add0|addcore:adder|a_csnbuffer:result_node|cs_buffer[13]~COUT'
        Info: 15: + IC(0.000 ns) + CELL(0.300 ns) = 9.200 ns; Loc. = LC7_E35; Fanout = 2; COMB Node = 'CLK_GEN:inst5|lpm_add_sub:Add0|addcore:adder|a_csnbuffer:result_node|cs_buffer[14]~COUT'
        Info: 16: + IC(0.000 ns) + CELL(0.300 ns) = 9.500 ns; Loc. = LC8_E35; Fanout = 2; COMB Node = 'CLK_GEN:inst5|lpm_add_sub:Add0|addcore:adder|a_csnbuffer:result_node|cs_buffer[15]~COUT'
        Info: 17: + IC(1.100 ns) + CELL(0.300 ns) = 10.900 ns; Loc. = LC1_E37; Fanout = 2; COMB Node = 'CLK_GEN:inst5|lpm_add_sub:Add0|addcore:adder|a_csnbuffer:result_node|cs_buffer[16]~COUT'
        Info: 18: + IC(0.000 ns) + CELL(0.300 ns) = 11.200 ns; Loc. = LC2_E37; Fanout = 2; COMB Node = 'CLK_GEN:inst5|lpm_add_sub:Add0|addcore:adder|a_csnbuffer:result_node|cs_buffer[17]~COUT'
        Info: 19: + IC(0.000 ns) + CELL(0.300 ns) = 11.500 ns; Loc. = LC3_E37; Fanout = 2; COMB Node = 'CLK_GEN:inst5|lpm_add_sub:Add0|addcore:adder|a_csnbuffer:result_node|cs_buffer[18]~COUT'
        Info: 20: + IC(0.000 ns) + CELL(0.300 ns) = 11.800 ns; Loc. = LC4_E37; Fanout = 2; COMB Node = 'CLK_GEN:inst5|lpm_add_sub:Add0|addcore:adder|a_csnbuffer:result_node|cs_buffer[19]~COUT'
        Info: 21: + IC(0.000 ns) + CELL(0.300 ns) = 12.100 ns; Loc. = LC5_E37; Fanout = 2; COMB Node = 'CLK_GEN:inst5|lpm_add_sub:Add0|addcore:adder|a_csnbuffer:result_node|cs_buffer[20]~COUT'
        Info: 22: + IC(0.000 ns) + CELL(0.300 ns) = 12.400 ns; Loc. = LC6_E37; Fanout = 2; COMB Node = 'CLK_GEN:inst5|lpm_add_sub:Add0|addcore:adder|a_csnbuffer:result_node|cs_buffer[21]~COUT'
        Info: 23: + IC(0.000 ns) + CELL(0.300 ns) = 12.700 ns; Loc. = LC7_E37; Fanout = 1; COMB Node = 'CLK_GEN:inst5|lpm_add_sub:Add0|addcore:adder|a_csnbuffer:result_node|cs_buffer[22]~COUT'
        Info: 24: + IC(0.000 ns) + CELL(1.200 ns) = 13.900 ns; Loc. = LC8_E37; Fanout = 1; COMB Node = 'CLK_GEN:inst5|lpm_add_sub:Add0|addcore:adder|unreg_res_node[23]'
        Info: 25: + IC(2.900 ns) + CELL(1.700 ns) = 18.500 ns; Loc. = LC8_E27; Fanout = 2; REG Node = 'CLK_GEN:inst5|CLK_1HZ_CNT_BFR[23]'
        Info: Total cell delay = 10.600 ns ( 57.30 % )
        Info: Total interconnect delay = 7.900 ns ( 42.70 % )
    Info: - Smallest clock skew is 0.000 ns
        Info: + Shortest clock path from clock "CLK" to destination register is 7.000 ns
            Info: 1: + IC(0.000 ns) + CELL(2.900 ns) = 2.900 ns; Loc. = PIN_91; Fanout = 25; CLK Node = 'CLK'
            Info: 2: + IC(4.100 ns) + CELL(0.000 ns) = 7.000 ns; Loc. = LC8_E27; Fanout = 2; REG Node = 'CLK_GEN:inst5|CLK_1HZ_CNT_BFR[23]'
            Info: Total cell delay = 2.900 ns ( 41.43 % )
            Info: Total interconnect delay = 4.100 ns ( 58.57 % )
        Info: - Longest clock path from clock "CLK" to source register is 7.000 ns
            Info: 1: + IC(0.000 ns) + CELL(2.900 ns) = 2.900 ns; Loc. = PIN_91; Fanout = 25; CLK Node = 'CLK'
            Info: 2: + IC(4.100 ns) + CELL(0.000 ns) = 7.000 ns; Loc. = LC1_E34; Fanout = 3; REG Node = 'CLK_GEN:inst5|CLK_1HZ_CNT_BFR[1]'
            Info: Total cell delay = 2.900 ns ( 41.43 % )
            Info: Total interconnect delay = 4.100 ns ( 58.57 % )
    Info: + Micro clock to output delay of source is 1.400 ns
    Info: + Micro setup delay of destination is 2.600 ns
Info: tsu for register "DESIGN4TG_FIVE_CNT:inst3|HEX_Z[1]" (data pin = "RESET", clock pin = "CLK") is 12.700 ns
    Info: + Longest pin to register delay is 25.200 ns
        Info: 1: + IC(0.000 ns) + CELL(10.300 ns) = 10.300 ns; Loc. = PIN_29; Fanout = 12; PIN Node = 'RESET'
        Info: 2: + IC(8.000 ns) + CELL(2.700 ns) = 21.000 ns; Loc. = LC1_A42; Fanout = 4; COMB Node = 'DESIGN4TG_FIVE_CNT:inst3|HEX_Z[1]~25'
        Info: 3: + IC(3.000 ns) + CELL(1.200 ns) = 25.200 ns; Loc. = LC6_A28; Fanout = 14; REG Node = 'DESIGN4TG_FIVE_CNT:inst3|HEX_Z[1]'
        Info: Total cell delay = 14.200 ns ( 56.35 % )
        Info: Total interconnect delay = 11.000 ns ( 43.65 % )
    Info: + Micro setup delay of destination is 2.600 ns
    Info: - Shortest clock path from clock "CLK" to destination register is 15.100 ns
        Info: 1: + IC(0.000 ns) + CELL(2.900 ns) = 2.900 ns; Loc. = PIN_91; Fanout = 25; CLK Node = 'CLK'
        Info: 2: + IC(4.100 ns) + CELL(1.400 ns) = 8.400 ns; Loc. = LC1_E32; Fanout = 21; REG Node = 'CLK_GEN:inst5|CLK_1HZ_BFR'
        Info: 3: + IC(6.700 ns) + CELL(0.000 ns) = 15.100 ns; Loc. = LC6_A28; Fanout = 14; REG Node = 'DESIGN4TG_FIVE_CNT:inst3|HEX_Z[1]'
        Info: Total cell delay = 4.300 ns ( 28.48 % )
        Info: Total interconnect delay = 10.800 ns ( 71.52 % )
Info: tco from clock "CLK" to destination pin "LED_FIVE_SEC[2]" through register "DESIGN4TG_FIVE_CNT:inst3|HEX_Z[1]" is 31.400 ns
    Info: + Longest clock path from clock "CLK" to source register is 15.100 ns
        Info: 1: + IC(0.000 ns) + CELL(2.900 ns) = 2.900 ns; Loc. = PIN_91; Fanout = 25; CLK Node = 'CLK'
        Info: 2: + IC(4.100 ns) + CELL(1.400 ns) = 8.400 ns; Loc. = LC1_E32; Fanout = 21; REG Node = 'CLK_GEN:inst5|CLK_1HZ_BFR'
        Info: 3: + IC(6.700 ns) + CELL(0.000 ns) = 15.100 ns; Loc. = LC6_A28; Fanout = 14; REG Node = 'DESIGN4TG_FIVE_CNT:inst3|HEX_Z[1]'
        Info: Total cell delay = 4.300 ns ( 28.48 % )
        Info: Total interconnect delay = 10.800 ns ( 71.52 % )
    Info: + Micro clock to output delay of source is 1.400 ns
    Info: + Longest register to pin delay is 14.900 ns
        Info: 1: + IC(0.000 ns) + CELL(0.000 ns) = 0.000 ns; Loc. = LC6_A28; Fanout = 14; REG Node = 'DESIGN4TG_FIVE_CNT:inst3|HEX_Z[1]'
        Info: 2: + IC(3.200 ns) + CELL(2.700 ns) = 5.900 ns; Loc. = LC3_A39; Fanout = 1; COMB Node = 'DESIGN4TG_7SEG_DEC:inst7|Mux6~0'
        Info: 3: + IC(4.000 ns) + CELL(5.000 ns) = 14.900 ns; Loc. = PIN_13; Fanout = 0; PIN Node = 'LED_FIVE_SEC[2]'
        Info: Total cell delay = 7.700 ns ( 51.68 % )
        Info: Total interconnect delay = 7.200 ns ( 48.32 % )
Info: th for register "DESIGN4TG_NINE_CNT:inst1|HEX_Z[1]" (data pin = "RESET", clock pin = "CLK") is -1.600 ns
    Info: + Longest clock path from clock "CLK" to destination register is 15.100 ns
        Info: 1: + IC(0.000 ns) + CELL(2.900 ns) = 2.900 ns; Loc. = PIN_91; Fanout = 25; CLK Node = 'CLK'
        Info: 2: + IC(4.100 ns) + CELL(1.400 ns) = 8.400 ns; Loc. = LC1_E32; Fanout = 21; REG Node = 'CLK_GEN:inst5|CLK_1HZ_BFR'
        Info: 3: + IC(6.700 ns) + CELL(0.000 ns) = 15.100 ns; Loc. = LC4_C30; Fanout = 12; REG Node = 'DESIGN4TG_NINE_CNT:inst1|HEX_Z[1]'
        Info: Total cell delay = 4.300 ns ( 28.48 % )
        Info: Total interconnect delay = 10.800 ns ( 71.52 % )
    Info: + Micro hold delay of destination is 3.100 ns
    Info: - Shortest pin to register delay is 19.800 ns
        Info: 1: + IC(0.000 ns) + CELL(10.300 ns) = 10.300 ns; Loc. = PIN_29; Fanout = 12; PIN Node = 'RESET'
        Info: 2: + IC(7.500 ns) + CELL(2.000 ns) = 19.800 ns; Loc. = LC4_C30; Fanout = 12; REG Node = 'DESIGN4TG_NINE_CNT:inst1|HEX_Z[1]'
        Info: Total cell delay = 12.300 ns ( 62.12 % )
        Info: Total interconnect delay = 7.500 ns ( 37.88 % )
Info: Quartus II 64-Bit Classic Timing Analyzer was successful. 0 errors, 2 warnings
    Info: Peak virtual memory: 294 megabytes
    Info: Processing ended: Thu Jan 16 20:02:34 2014
    Info: Elapsed time: 00:00:02
    Info: Total CPU time (on all processors): 00:00:01


