Analysis & Synthesis report for DESIGN2TG
Tue Dec 17 18:09:02 2013
Quartus II 64-Bit Version 9.0 Build 235 06/17/2009 Service Pack 2 SJ Full Version


---------------------
; Table of Contents ;
---------------------
  1. Legal Notice
  2. Analysis & Synthesis Summary
  3. Analysis & Synthesis Settings
  4. Analysis & Synthesis Source Files Read
  5. Analysis & Synthesis Resource Usage Summary
  6. Analysis & Synthesis Resource Utilization by Entity
  7. General Register Statistics
  8. Analysis & Synthesis Messages



----------------
; Legal Notice ;
----------------
Copyright (C) 1991-2009 Altera Corporation
Your use of Altera Corporation's design tools, logic functions 
and other software and tools, and its AMPP partner logic 
functions, and any output files from any of the foregoing 
(including device programming or simulation files), and any 
associated documentation or information are expressly subject 
to the terms and conditions of the Altera Program License 
Subscription Agreement, Altera MegaCore Function License 
Agreement, or other applicable license agreement, including, 
without limitation, that your use is for the sole purpose of 
programming logic devices manufactured by Altera and sold by 
Altera or its authorized distributors.  Please refer to the 
applicable agreement for further details.



+-----------------------------------------------------------------------------+
; Analysis & Synthesis Summary                                                ;
+-----------------------------+-----------------------------------------------+
; Analysis & Synthesis Status ; Successful - Tue Dec 17 18:09:02 2013         ;
; Quartus II 64-Bit Version   ; 9.0 Build 235 06/17/2009 SP 2 SJ Full Version ;
; Revision Name               ; DESIGN2TG                                     ;
; Top-level Entity Name       ; DESIGN2TG                                     ;
; Family                      ; FLEX10K                                       ;
; Total logic elements        ; 146                                           ;
; Total pins                  ; 24                                            ;
; Total memory bits           ; 0                                             ;
+-----------------------------+-----------------------------------------------+


+------------------------------------------------------------------------------------------------+
; Analysis & Synthesis Settings                                                                  ;
+--------------------------------------------------------------+-----------------+---------------+
; Option                                                       ; Setting         ; Default Value ;
+--------------------------------------------------------------+-----------------+---------------+
; Device                                                       ; EPF10K70RC240-4 ;               ;
; Top-level entity name                                        ; DESIGN2TG       ; DESIGN2TG     ;
; Family name                                                  ; FLEX10K         ; Stratix II    ;
; Optimization Technique                                       ; Speed           ; Area          ;
; Use Generated Physical Constraints File                      ; Off             ;               ;
; Use smart compilation                                        ; Off             ; Off           ;
; Create Debugging Nodes for IP Cores                          ; Off             ; Off           ;
; Preserve fewer node names                                    ; On              ; On            ;
; Disable OpenCore Plus hardware evaluation                    ; Off             ; Off           ;
; Verilog Version                                              ; Verilog_2001    ; Verilog_2001  ;
; VHDL Version                                                 ; VHDL93          ; VHDL93        ;
; State Machine Processing                                     ; Auto            ; Auto          ;
; Safe State Machine                                           ; Off             ; Off           ;
; Extract Verilog State Machines                               ; On              ; On            ;
; Extract VHDL State Machines                                  ; On              ; On            ;
; Ignore Verilog initial constructs                            ; Off             ; Off           ;
; Iteration limit for constant Verilog loops                   ; 5000            ; 5000          ;
; Iteration limit for non-constant Verilog loops               ; 250             ; 250           ;
; Add Pass-Through Logic to Inferred RAMs                      ; On              ; On            ;
; Parallel Synthesis                                           ; Off             ; Off           ;
; NOT Gate Push-Back                                           ; On              ; On            ;
; Power-Up Don't Care                                          ; On              ; On            ;
; Remove Redundant Logic Cells                                 ; Off             ; Off           ;
; Remove Duplicate Registers                                   ; On              ; On            ;
; Ignore CARRY Buffers                                         ; Off             ; Off           ;
; Ignore CASCADE Buffers                                       ; Off             ; Off           ;
; Ignore GLOBAL Buffers                                        ; Off             ; Off           ;
; Ignore ROW GLOBAL Buffers                                    ; Off             ; Off           ;
; Ignore LCELL Buffers                                         ; Off             ; Off           ;
; Ignore SOFT Buffers                                          ; On              ; On            ;
; Limit AHDL Integers to 32 Bits                               ; Off             ; Off           ;
; Auto Implement in ROM                                        ; Off             ; Off           ;
; Carry Chain Length                                           ; 32              ; 32            ;
; Cascade Chain Length                                         ; 2               ; 2             ;
; Auto Carry Chains                                            ; On              ; On            ;
; Auto Open-Drain Pins                                         ; On              ; On            ;
; Auto ROM Replacement                                         ; On              ; On            ;
; Auto RAM Replacement                                         ; On              ; On            ;
; Auto Clock Enable Replacement                                ; On              ; On            ;
; Strict RAM Replacement                                       ; Off             ; Off           ;
; Auto Resource Sharing                                        ; Off             ; Off           ;
; Allow Any RAM Size For Recognition                           ; Off             ; Off           ;
; Allow Any ROM Size For Recognition                           ; Off             ; Off           ;
; Use LogicLock Constraints during Resource Balancing          ; On              ; On            ;
; Ignore translate_off and synthesis_off directives            ; Off             ; Off           ;
; Show Parameter Settings Tables in Synthesis Report           ; On              ; On            ;
; HDL message level                                            ; Level2          ; Level2        ;
; Suppress Register Optimization Related Messages              ; Off             ; Off           ;
; Number of Removed Registers Reported in Synthesis Report     ; 100             ; 100           ;
; Number of Inverted Registers Reported in Synthesis Report    ; 100             ; 100           ;
; Block Design Naming                                          ; Auto            ; Auto          ;
; Synthesis Effort                                             ; Auto            ; Auto          ;
; Shift Register Replacement - Allow Asynchronous Clear Signal ; On              ; On            ;
; Analysis & Synthesis Message Level                           ; Medium          ; Medium        ;
+--------------------------------------------------------------+-----------------+---------------+


+-----------------------------------------------------------------------------------------------------+
; Analysis & Synthesis Source Files Read                                                              ;
+----------------------------------+-----------------+-----------------+------------------------------+
; File Name with User-Entered Path ; Used in Netlist ; File Type       ; File Name with Absolute Path ;
+----------------------------------+-----------------+-----------------+------------------------------+
; design2TG.vhd                    ; yes             ; User VHDL File  ; Z:/DESIGN2TG/design2TG.vhd   ;
+----------------------------------+-----------------+-----------------+------------------------------+


+----------------------------------------------+
; Analysis & Synthesis Resource Usage Summary  ;
+--------------------------------+-------------+
; Resource                       ; Usage       ;
+--------------------------------+-------------+
; Total logic elements           ; 146         ;
; Total combinational functions  ; 146         ;
;     -- Total 4-input functions ; 123         ;
;     -- Total 3-input functions ; 14          ;
;     -- Total 2-input functions ; 9           ;
;     -- Total 1-input functions ; 0           ;
;     -- Total 0-input functions ; 0           ;
; Total registers                ; 0           ;
; I/O pins                       ; 24          ;
; Maximum fan-out node           ; BINARY_Y[2] ;
; Maximum fan-out                ; 72          ;
; Total fan-out                  ; 567         ;
; Average fan-out                ; 3.34        ;
+--------------------------------+-------------+


+--------------------------------------------------------------------------------------------------------------------------------------------------------------------------------------------------------+
; Analysis & Synthesis Resource Utilization by Entity                                                                                                                                                    ;
+----------------------------+-------------+--------------+-------------+------+--------------+-------------------+------------------+-----------------+------------+---------------------+--------------+
; Compilation Hierarchy Node ; Logic Cells ; LC Registers ; Memory Bits ; Pins ; LUT-Only LCs ; Register-Only LCs ; LUT/Register LCs ; Carry Chain LCs ; Packed LCs ; Full Hierarchy Name ; Library Name ;
+----------------------------+-------------+--------------+-------------+------+--------------+-------------------+------------------+-----------------+------------+---------------------+--------------+
; |DESIGN2TG                 ; 146 (146)   ; 0            ; 0           ; 24   ; 146 (146)    ; 0 (0)             ; 0 (0)            ; 0 (0)           ; 0 (0)      ; |DESIGN2TG          ; work         ;
+----------------------------+-------------+--------------+-------------+------+--------------+-------------------+------------------+-----------------+------------+---------------------+--------------+
Note: For table entries with two numbers listed, the numbers in parentheses indicate the number of resources of the given type used by the specific entity alone. The numbers listed outside of parentheses indicate the total resources of the given type used by the specific entity and all of its sub-entities in the hierarchy.


+------------------------------------------------------+
; General Register Statistics                          ;
+----------------------------------------------+-------+
; Statistic                                    ; Value ;
+----------------------------------------------+-------+
; Total registers                              ; 0     ;
; Number of registers using Synchronous Clear  ; 0     ;
; Number of registers using Synchronous Load   ; 0     ;
; Number of registers using Asynchronous Clear ; 0     ;
; Number of registers using Asynchronous Load  ; 0     ;
; Number of registers using Clock Enable       ; 0     ;
; Number of registers using Preset             ; 0     ;
+----------------------------------------------+-------+


+-------------------------------+
; Analysis & Synthesis Messages ;
+-------------------------------+
Info: *******************************************************************
Info: Running Quartus II 64-Bit Analysis & Synthesis
    Info: Version 9.0 Build 235 06/17/2009 Service Pack 2 SJ Full Version
    Info: Processing started: Tue Dec 17 18:08:52 2013
Info: Command: quartus_map --read_settings_files=on --write_settings_files=off DESIGN2TG -c DESIGN2TG
Info: Found 2 design units, including 1 entities, in source file design2TG.vhd
    Info: Found design unit 1: DESIGN2TG-BEHAVIORAL
    Info: Found entity 1: DESIGN2TG
Info: Found 2 design units, including 1 entities, in source file design2TG_INPUT.vhd
    Info: Found design unit 1: DESIGN2TG_INPUT-BEHAVIORAL
    Info: Found entity 1: DESIGN2TG_INPUT
Info: Found 2 design units, including 1 entities, in source file design2TG_LED.vhd
    Info: Found design unit 1: DESIGN2TG_LED-BEHAVIORAL
    Info: Found entity 1: DESIGN2TG_LED
Warning: Can't analyze file -- file Z:/DESIGN2TG/DESIGN2TG.bdf is missing
Info: Found 1 design units, including 1 entities, in source file DESIGN2TG_block.bdf
    Info: Found entity 1: DESIGN2TG_block
Info: Elaborating entity "DESIGN2TG" for the top level hierarchy
Warning: Output pins are stuck at VCC or GND
    Warning (13410): Pin "MSB_Z[1]" is stuck at VCC
    Warning (13410): Pin "LSB_Z[1]" is stuck at VCC
Info: Implemented 170 device resources after synthesis - the final resource count might be different
    Info: Implemented 8 input pins
    Info: Implemented 16 output pins
    Info: Implemented 146 logic cells
Info: Quartus II 64-Bit Analysis & Synthesis was successful. 0 errors, 4 warnings
    Info: Peak virtual memory: 369 megabytes
    Info: Processing ended: Tue Dec 17 18:09:03 2013
    Info: Elapsed time: 00:00:11
    Info: Total CPU time (on all processors): 00:00:02


