Classic Timing Analyzer report for DESIGN2TG
Tue Dec 17 18:09:22 2013
Quartus II 64-Bit Version 9.0 Build 235 06/17/2009 Service Pack 2 SJ Full Version


---------------------
; Table of Contents ;
---------------------
  1. Legal Notice
  2. Timing Analyzer Summary
  3. Timing Analyzer Settings
  4. Parallel Compilation
  5. tpd
  6. Timing Analyzer Messages



----------------
; Legal Notice ;
----------------
Copyright (C) 1991-2009 Altera Corporation
Your use of Altera Corporation's design tools, logic functions 
and other software and tools, and its AMPP partner logic 
functions, and any output files from any of the foregoing 
(including device programming or simulation files), and any 
associated documentation or information are expressly subject 
to the terms and conditions of the Altera Program License 
Subscription Agreement, Altera MegaCore Function License 
Agreement, or other applicable license agreement, including, 
without limitation, that your use is for the sole purpose of 
programming logic devices manufactured by Altera and sold by 
Altera or its authorized distributors.  Please refer to the 
applicable agreement for further details.



+------------------------------------------------------------------------------------------------------------------------------------+
; Timing Analyzer Summary                                                                                                            ;
+------------------------------+-------+---------------+-------------+-------------+----------+------------+----------+--------------+
; Type                         ; Slack ; Required Time ; Actual Time ; From        ; To       ; From Clock ; To Clock ; Failed Paths ;
+------------------------------+-------+---------------+-------------+-------------+----------+------------+----------+--------------+
; Worst-case tpd               ; N/A   ; None          ; 54.800 ns   ; BINARY_Y[1] ; LSB_Z[3] ; --         ; --       ; 0            ;
; Total number of failed paths ;       ;               ;             ;             ;          ;            ;          ; 0            ;
+------------------------------+-------+---------------+-------------+-------------+----------+------------+----------+--------------+


+--------------------------------------------------------------------------------------------------------------------+
; Timing Analyzer Settings                                                                                           ;
+---------------------------------------------------------------------+--------------------+------+----+-------------+
; Option                                                              ; Setting            ; From ; To ; Entity Name ;
+---------------------------------------------------------------------+--------------------+------+----+-------------+
; Device Name                                                         ; EPF10K70RC240-4    ;      ;    ;             ;
; Timing Models                                                       ; Final              ;      ;    ;             ;
; Default hold multicycle                                             ; Same as Multicycle ;      ;    ;             ;
; Cut paths between unrelated clock domains                           ; On                 ;      ;    ;             ;
; Cut off read during write signal paths                              ; On                 ;      ;    ;             ;
; Cut off feedback from I/O pins                                      ; On                 ;      ;    ;             ;
; Report Combined Fast/Slow Timing                                    ; Off                ;      ;    ;             ;
; Ignore Clock Settings                                               ; Off                ;      ;    ;             ;
; Analyze latches as synchronous elements                             ; On                 ;      ;    ;             ;
; Enable Recovery/Removal analysis                                    ; Off                ;      ;    ;             ;
; Enable Clock Latency                                                ; Off                ;      ;    ;             ;
; Use TimeQuest Timing Analyzer                                       ; Off                ;      ;    ;             ;
; Minimum Core Junction Temperature                                   ; 0                  ;      ;    ;             ;
; Maximum Core Junction Temperature                                   ; 85                 ;      ;    ;             ;
; Number of source nodes to report per destination node               ; 10                 ;      ;    ;             ;
; Number of destination nodes to report                               ; 10                 ;      ;    ;             ;
; Number of paths to report                                           ; 200                ;      ;    ;             ;
; Report Minimum Timing Checks                                        ; Off                ;      ;    ;             ;
; Use Fast Timing Models                                              ; Off                ;      ;    ;             ;
; Report IO Paths Separately                                          ; Off                ;      ;    ;             ;
; Perform Multicorner Analysis                                        ; Off                ;      ;    ;             ;
; Reports the worst-case path for each clock domain and analysis      ; Off                ;      ;    ;             ;
; Removes common clock path pessimism (CCPP) during slack computation ; Off                ;      ;    ;             ;
; Output I/O Timing Endpoint                                          ; Near End           ;      ;    ;             ;
+---------------------------------------------------------------------+--------------------+------+----+-------------+


+------------------------------------------+
; Parallel Compilation                     ;
+----------------------------+-------------+
; Processors                 ; Number      ;
+----------------------------+-------------+
; Number detected on machine ; 4           ;
; Maximum allowed            ; 4           ;
;                            ;             ;
; Average used               ; 1.00        ;
; Maximum used               ; 1           ;
;                            ;             ;
; Usage by Processor         ; % Time Used ;
;     1 processor            ; 100.0%      ;
;     2-4 processors         ;   0.0%      ;
+----------------------------+-------------+


+----------------------------------------------------------------------+
; tpd                                                                  ;
+-------+-------------------+-----------------+-------------+----------+
; Slack ; Required P2P Time ; Actual P2P Time ; From        ; To       ;
+-------+-------------------+-----------------+-------------+----------+
; N/A   ; None              ; 54.800 ns       ; BINARY_Y[1] ; LSB_Z[3] ;
; N/A   ; None              ; 54.500 ns       ; BINARY_Y[2] ; LSB_Z[3] ;
; N/A   ; None              ; 53.900 ns       ; BINARY_Y[6] ; LSB_Z[3] ;
; N/A   ; None              ; 53.300 ns       ; BINARY_Y[3] ; LSB_Z[3] ;
; N/A   ; None              ; 47.600 ns       ; BINARY_Y[1] ; MSB_Z[8] ;
; N/A   ; None              ; 47.600 ns       ; BINARY_Y[1] ; MSB_Z[5] ;
; N/A   ; None              ; 47.000 ns       ; BINARY_Y[6] ; MSB_Z[8] ;
; N/A   ; None              ; 47.000 ns       ; BINARY_Y[2] ; MSB_Z[8] ;
; N/A   ; None              ; 47.000 ns       ; BINARY_Y[6] ; MSB_Z[5] ;
; N/A   ; None              ; 47.000 ns       ; BINARY_Y[2] ; MSB_Z[5] ;
; N/A   ; None              ; 46.900 ns       ; BINARY_Y[1] ; LSB_Z[8] ;
; N/A   ; None              ; 46.900 ns       ; BINARY_Y[6] ; MSB_Z[4] ;
; N/A   ; None              ; 46.900 ns       ; BINARY_Y[2] ; MSB_Z[4] ;
; N/A   ; None              ; 46.800 ns       ; BINARY_Y[4] ; LSB_Z[8] ;
; N/A   ; None              ; 46.800 ns       ; BINARY_Y[2] ; LSB_Z[8] ;
; N/A   ; None              ; 46.700 ns       ; BINARY_Y[1] ; MSB_Z[4] ;
; N/A   ; None              ; 46.600 ns       ; BINARY_Y[5] ; MSB_Z[4] ;
; N/A   ; None              ; 46.300 ns       ; BINARY_Y[3] ; LSB_Z[8] ;
; N/A   ; None              ; 46.200 ns       ; BINARY_Y[1] ; LSB_Z[4] ;
; N/A   ; None              ; 46.200 ns       ; BINARY_Y[8] ; MSB_Z[8] ;
; N/A   ; None              ; 46.200 ns       ; BINARY_Y[8] ; MSB_Z[5] ;
; N/A   ; None              ; 46.000 ns       ; BINARY_Y[6] ; LSB_Z[8] ;
; N/A   ; None              ; 46.000 ns       ; BINARY_Y[2] ; LSB_Z[4] ;
; N/A   ; None              ; 45.700 ns       ; BINARY_Y[1] ; LSB_Z[2] ;
; N/A   ; None              ; 45.500 ns       ; BINARY_Y[1] ; LSB_Z[7] ;
; N/A   ; None              ; 45.500 ns       ; BINARY_Y[4] ; LSB_Z[3] ;
; N/A   ; None              ; 45.400 ns       ; BINARY_Y[5] ; LSB_Z[3] ;
; N/A   ; None              ; 45.400 ns       ; BINARY_Y[2] ; LSB_Z[2] ;
; N/A   ; None              ; 45.300 ns       ; BINARY_Y[7] ; MSB_Z[8] ;
; N/A   ; None              ; 45.300 ns       ; BINARY_Y[7] ; MSB_Z[5] ;
; N/A   ; None              ; 45.200 ns       ; BINARY_Y[2] ; LSB_Z[7] ;
; N/A   ; None              ; 45.200 ns       ; BINARY_Y[4] ; LSB_Z[4] ;
; N/A   ; None              ; 44.700 ns       ; BINARY_Y[4] ; LSB_Z[2] ;
; N/A   ; None              ; 44.600 ns       ; BINARY_Y[3] ; LSB_Z[4] ;
; N/A   ; None              ; 44.500 ns       ; BINARY_Y[6] ; LSB_Z[7] ;
; N/A   ; None              ; 44.300 ns       ; BINARY_Y[5] ; LSB_Z[6] ;
; N/A   ; None              ; 44.200 ns       ; BINARY_Y[3] ; LSB_Z[6] ;
; N/A   ; None              ; 44.200 ns       ; BINARY_Y[2] ; LSB_Z[5] ;
; N/A   ; None              ; 44.100 ns       ; BINARY_Y[4] ; LSB_Z[6] ;
; N/A   ; None              ; 44.100 ns       ; BINARY_Y[1] ; LSB_Z[6] ;
; N/A   ; None              ; 44.000 ns       ; BINARY_Y[3] ; LSB_Z[2] ;
; N/A   ; None              ; 43.900 ns       ; BINARY_Y[4] ; LSB_Z[5] ;
; N/A   ; None              ; 43.900 ns       ; BINARY_Y[1] ; LSB_Z[5] ;
; N/A   ; None              ; 43.800 ns       ; BINARY_Y[5] ; LSB_Z[8] ;
; N/A   ; None              ; 43.800 ns       ; BINARY_Y[3] ; LSB_Z[7] ;
; N/A   ; None              ; 43.800 ns       ; BINARY_Y[3] ; LSB_Z[5] ;
; N/A   ; None              ; 43.800 ns       ; BINARY_Y[4] ; MSB_Z[4] ;
; N/A   ; None              ; 43.600 ns       ; BINARY_Y[6] ; LSB_Z[5] ;
; N/A   ; None              ; 43.600 ns       ; BINARY_Y[3] ; MSB_Z[4] ;
; N/A   ; None              ; 43.200 ns       ; BINARY_Y[6] ; LSB_Z[4] ;
; N/A   ; None              ; 43.100 ns       ; BINARY_Y[3] ; MSB_Z[8] ;
; N/A   ; None              ; 43.100 ns       ; BINARY_Y[3] ; MSB_Z[5] ;
; N/A   ; None              ; 42.400 ns       ; BINARY_Y[5] ; LSB_Z[4] ;
; N/A   ; None              ; 42.300 ns       ; BINARY_Y[2] ; MSB_Z[3] ;
; N/A   ; None              ; 42.200 ns       ; BINARY_Y[3] ; MSB_Z[3] ;
; N/A   ; None              ; 42.100 ns       ; BINARY_Y[6] ; LSB_Z[2] ;
; N/A   ; None              ; 42.100 ns       ; BINARY_Y[1] ; MSB_Z[3] ;
; N/A   ; None              ; 42.000 ns       ; BINARY_Y[4] ; LSB_Z[7] ;
; N/A   ; None              ; 42.000 ns       ; BINARY_Y[5] ; MSB_Z[3] ;
; N/A   ; None              ; 41.500 ns       ; BINARY_Y[8] ; LSB_Z[2] ;
; N/A   ; None              ; 41.100 ns       ; BINARY_Y[2] ; LSB_Z[6] ;
; N/A   ; None              ; 41.100 ns       ; BINARY_Y[5] ; LSB_Z[5] ;
; N/A   ; None              ; 40.800 ns       ; BINARY_Y[6] ; LSB_Z[6] ;
; N/A   ; None              ; 40.700 ns       ; BINARY_Y[8] ; LSB_Z[7] ;
; N/A   ; None              ; 39.400 ns       ; BINARY_Y[2] ; MSB_Z[2] ;
; N/A   ; None              ; 39.300 ns       ; BINARY_Y[5] ; LSB_Z[7] ;
; N/A   ; None              ; 39.300 ns       ; BINARY_Y[3] ; MSB_Z[2] ;
; N/A   ; None              ; 39.100 ns       ; BINARY_Y[4] ; MSB_Z[2] ;
; N/A   ; None              ; 39.100 ns       ; BINARY_Y[1] ; MSB_Z[2] ;
; N/A   ; None              ; 38.900 ns       ; BINARY_Y[1] ; MSB_Z[7] ;
; N/A   ; None              ; 38.900 ns       ; BINARY_Y[4] ; MSB_Z[3] ;
; N/A   ; None              ; 38.800 ns       ; BINARY_Y[6] ; MSB_Z[3] ;
; N/A   ; None              ; 38.700 ns       ; BINARY_Y[2] ; MSB_Z[7] ;
; N/A   ; None              ; 38.000 ns       ; BINARY_Y[4] ; MSB_Z[7] ;
; N/A   ; None              ; 37.900 ns       ; BINARY_Y[8] ; LSB_Z[3] ;
; N/A   ; None              ; 37.900 ns       ; BINARY_Y[5] ; MSB_Z[7] ;
; N/A   ; None              ; 37.700 ns       ; BINARY_Y[1] ; MSB_Z[6] ;
; N/A   ; None              ; 37.600 ns       ; BINARY_Y[3] ; MSB_Z[7] ;
; N/A   ; None              ; 37.500 ns       ; BINARY_Y[2] ; MSB_Z[6] ;
; N/A   ; None              ; 37.400 ns       ; BINARY_Y[7] ; LSB_Z[3] ;
; N/A   ; None              ; 37.200 ns       ; BINARY_Y[7] ; LSB_Z[7] ;
; N/A   ; None              ; 36.900 ns       ; BINARY_Y[8] ; LSB_Z[6] ;
; N/A   ; None              ; 36.700 ns       ; BINARY_Y[4] ; MSB_Z[6] ;
; N/A   ; None              ; 36.100 ns       ; BINARY_Y[3] ; MSB_Z[6] ;
; N/A   ; None              ; 35.800 ns       ; BINARY_Y[5] ; MSB_Z[2] ;
; N/A   ; None              ; 35.700 ns       ; BINARY_Y[5] ; LSB_Z[2] ;
; N/A   ; None              ; 35.700 ns       ; BINARY_Y[6] ; MSB_Z[7] ;
; N/A   ; None              ; 35.300 ns       ; BINARY_Y[7] ; MSB_Z[2] ;
; N/A   ; None              ; 34.800 ns       ; BINARY_Y[5] ; MSB_Z[8] ;
; N/A   ; None              ; 34.800 ns       ; BINARY_Y[5] ; MSB_Z[5] ;
; N/A   ; None              ; 34.700 ns       ; BINARY_Y[4] ; MSB_Z[8] ;
; N/A   ; None              ; 34.700 ns       ; BINARY_Y[4] ; MSB_Z[5] ;
; N/A   ; None              ; 34.600 ns       ; BINARY_Y[7] ; LSB_Z[2] ;
; N/A   ; None              ; 34.600 ns       ; BINARY_Y[8] ; MSB_Z[7] ;
; N/A   ; None              ; 33.300 ns       ; BINARY_Y[8] ; LSB_Z[4] ;
; N/A   ; None              ; 33.000 ns       ; BINARY_Y[8] ; MSB_Z[3] ;
; N/A   ; None              ; 32.400 ns       ; BINARY_Y[7] ; LSB_Z[4] ;
; N/A   ; None              ; 32.100 ns       ; BINARY_Y[6] ; MSB_Z[2] ;
; N/A   ; None              ; 32.000 ns       ; BINARY_Y[8] ; LSB_Z[8] ;
; N/A   ; None              ; 31.800 ns       ; BINARY_Y[8] ; MSB_Z[6] ;
; N/A   ; None              ; 31.700 ns       ; BINARY_Y[7] ; LSB_Z[8] ;
; N/A   ; None              ; 31.600 ns       ; BINARY_Y[5] ; MSB_Z[6] ;
; N/A   ; None              ; 31.500 ns       ; BINARY_Y[7] ; MSB_Z[6] ;
; N/A   ; None              ; 31.400 ns       ; BINARY_Y[8] ; LSB_Z[5] ;
; N/A   ; None              ; 31.400 ns       ; BINARY_Y[8] ; MSB_Z[4] ;
; N/A   ; None              ; 31.100 ns       ; BINARY_Y[7] ; LSB_Z[5] ;
; N/A   ; None              ; 31.000 ns       ; BINARY_Y[6] ; MSB_Z[6] ;
; N/A   ; None              ; 30.800 ns       ; BINARY_Y[7] ; MSB_Z[7] ;
; N/A   ; None              ; 30.500 ns       ; BINARY_Y[7] ; MSB_Z[4] ;
; N/A   ; None              ; 30.100 ns       ; BINARY_Y[7] ; LSB_Z[6] ;
; N/A   ; None              ; 29.800 ns       ; BINARY_Y[7] ; MSB_Z[3] ;
; N/A   ; None              ; 28.400 ns       ; BINARY_Y[8] ; MSB_Z[2] ;
+-------+-------------------+-----------------+-------------+----------+


+--------------------------+
; Timing Analyzer Messages ;
+--------------------------+
Info: *******************************************************************
Info: Running Quartus II 64-Bit Classic Timing Analyzer
    Info: Version 9.0 Build 235 06/17/2009 Service Pack 2 SJ Full Version
    Info: Processing started: Tue Dec 17 18:09:20 2013
Info: Command: quartus_tan --read_settings_files=off --write_settings_files=off DESIGN2TG -c DESIGN2TG
Info: Parallel compilation is enabled and will use 4 of the 4 processors detected
Info: Started post-fitting delay annotation
Info: Delay annotation completed successfully
Info: Longest tpd from source pin "BINARY_Y[1]" to destination pin "LSB_Z[3]" is 54.800 ns
    Info: 1: + IC(0.000 ns) + CELL(10.300 ns) = 10.300 ns; Loc. = PIN_33; Fanout = 65; PIN Node = 'BINARY_Y[1]'
    Info: 2: + IC(12.000 ns) + CELL(2.700 ns) = 25.000 ns; Loc. = LC1_A31; Fanout = 1; COMB Node = 'Mux12~1'
    Info: 3: + IC(3.100 ns) + CELL(2.700 ns) = 30.800 ns; Loc. = LC2_A50; Fanout = 1; COMB Node = 'Mux12~3'
    Info: 4: + IC(3.000 ns) + CELL(2.700 ns) = 36.500 ns; Loc. = LC8_A39; Fanout = 1; COMB Node = 'Mux12~5'
    Info: 5: + IC(0.500 ns) + CELL(2.700 ns) = 39.700 ns; Loc. = LC2_A39; Fanout = 1; COMB Node = 'Mux12~6'
    Info: 6: + IC(2.800 ns) + CELL(2.700 ns) = 45.200 ns; Loc. = LC6_A31; Fanout = 1; COMB Node = 'Mux12~12'
    Info: 7: + IC(4.600 ns) + CELL(5.000 ns) = 54.800 ns; Loc. = PIN_23; Fanout = 0; PIN Node = 'LSB_Z[3]'
    Info: Total cell delay = 28.800 ns ( 52.55 % )
    Info: Total interconnect delay = 26.000 ns ( 47.45 % )
Info: Quartus II 64-Bit Classic Timing Analyzer was successful. 0 errors, 0 warnings
    Info: Peak virtual memory: 293 megabytes
    Info: Processing ended: Tue Dec 17 18:09:24 2013
    Info: Elapsed time: 00:00:04
    Info: Total CPU time (on all processors): 00:00:00


