Classic Timing Analyzer report for DESIGN3TG
Tue Dec 17 21:38:53 2013
Quartus II 64-Bit Version 9.0 Build 235 06/17/2009 Service Pack 2 SJ Full Version


---------------------
; Table of Contents ;
---------------------
  1. Legal Notice
  2. Timing Analyzer Summary
  3. Timing Analyzer Settings
  4. Clock Settings Summary
  5. Parallel Compilation
  6. Clock Setup: 'CLK_Y'
  7. tco
  8. Timing Analyzer Messages



----------------
; Legal Notice ;
----------------
Copyright (C) 1991-2009 Altera Corporation
Your use of Altera Corporation's design tools, logic functions 
and other software and tools, and its AMPP partner logic 
functions, and any output files from any of the foregoing 
(including device programming or simulation files), and any 
associated documentation or information are expressly subject 
to the terms and conditions of the Altera Program License 
Subscription Agreement, Altera MegaCore Function License 
Agreement, or other applicable license agreement, including, 
without limitation, that your use is for the sole purpose of 
programming logic devices manufactured by Altera and sold by 
Altera or its authorized distributors.  Please refer to the 
applicable agreement for further details.



+-------------------------------------------------------------------------------------------------------------------------------------------------------------------------------------------------------------------------------------------------------------------------------------------------------------+
; Timing Analyzer Summary                                                                                                                                                                                                                                                                                     ;
+------------------------------+-------+---------------+----------------------------------+-------------------------------------------------------------------------------------+--------------------------------------------------------------------------------------+------------+----------+--------------+
; Type                         ; Slack ; Required Time ; Actual Time                      ; From                                                                                ; To                                                                                   ; From Clock ; To Clock ; Failed Paths ;
+------------------------------+-------+---------------+----------------------------------+-------------------------------------------------------------------------------------+--------------------------------------------------------------------------------------+------------+----------+--------------+
; Worst-case tco               ; N/A   ; None          ; 20.400 ns                        ; Q_Z~reg0                                                                            ; Q_Z                                                                                  ; CLK_Y      ; --       ; 0            ;
; Clock Setup: 'CLK_Y'         ; N/A   ; None          ; 35.97 MHz ( period = 27.800 ns ) ; lpm_counter:\P1:CURRENT_CNT[1]_rtl_0|alt_counter_f10ke:wysi_counter|counter_cell[0] ; lpm_counter:\P1:CURRENT_CNT[1]_rtl_0|alt_counter_f10ke:wysi_counter|counter_cell[16] ; CLK_Y      ; CLK_Y    ; 0            ;
; Total number of failed paths ;       ;               ;                                  ;                                                                                     ;                                                                                      ;            ;          ; 0            ;
+------------------------------+-------+---------------+----------------------------------+-------------------------------------------------------------------------------------+--------------------------------------------------------------------------------------+------------+----------+--------------+


+--------------------------------------------------------------------------------------------------------------------+
; Timing Analyzer Settings                                                                                           ;
+---------------------------------------------------------------------+--------------------+------+----+-------------+
; Option                                                              ; Setting            ; From ; To ; Entity Name ;
+---------------------------------------------------------------------+--------------------+------+----+-------------+
; Device Name                                                         ; EPF10K70RC240-4    ;      ;    ;             ;
; Timing Models                                                       ; Final              ;      ;    ;             ;
; Default hold multicycle                                             ; Same as Multicycle ;      ;    ;             ;
; Cut paths between unrelated clock domains                           ; On                 ;      ;    ;             ;
; Cut off read during write signal paths                              ; On                 ;      ;    ;             ;
; Cut off feedback from I/O pins                                      ; On                 ;      ;    ;             ;
; Report Combined Fast/Slow Timing                                    ; Off                ;      ;    ;             ;
; Ignore Clock Settings                                               ; Off                ;      ;    ;             ;
; Analyze latches as synchronous elements                             ; On                 ;      ;    ;             ;
; Enable Recovery/Removal analysis                                    ; Off                ;      ;    ;             ;
; Enable Clock Latency                                                ; Off                ;      ;    ;             ;
; Use TimeQuest Timing Analyzer                                       ; Off                ;      ;    ;             ;
; Minimum Core Junction Temperature                                   ; 0                  ;      ;    ;             ;
; Maximum Core Junction Temperature                                   ; 85                 ;      ;    ;             ;
; Number of source nodes to report per destination node               ; 10                 ;      ;    ;             ;
; Number of destination nodes to report                               ; 10                 ;      ;    ;             ;
; Number of paths to report                                           ; 200                ;      ;    ;             ;
; Report Minimum Timing Checks                                        ; Off                ;      ;    ;             ;
; Use Fast Timing Models                                              ; Off                ;      ;    ;             ;
; Report IO Paths Separately                                          ; Off                ;      ;    ;             ;
; Perform Multicorner Analysis                                        ; Off                ;      ;    ;             ;
; Reports the worst-case path for each clock domain and analysis      ; Off                ;      ;    ;             ;
; Removes common clock path pessimism (CCPP) during slack computation ; Off                ;      ;    ;             ;
; Output I/O Timing Endpoint                                          ; Near End           ;      ;    ;             ;
+---------------------------------------------------------------------+--------------------+------+----+-------------+


+------------------------------------------------------------------------------------------------------------------------------------------------------------------------------------+
; Clock Settings Summary                                                                                                                                                             ;
+-----------------+--------------------+----------+------------------+---------------+--------------+----------+-----------------------+---------------------+--------+--------------+
; Clock Node Name ; Clock Setting Name ; Type     ; Fmax Requirement ; Early Latency ; Late Latency ; Based on ; Multiply Base Fmax by ; Divide Base Fmax by ; Offset ; Phase offset ;
+-----------------+--------------------+----------+------------------+---------------+--------------+----------+-----------------------+---------------------+--------+--------------+
; CLK_Y           ;                    ; User Pin ; None             ; 0.000 ns      ; 0.000 ns     ; --       ; N/A                   ; N/A                 ; N/A    ;              ;
+-----------------+--------------------+----------+------------------+---------------+--------------+----------+-----------------------+---------------------+--------+--------------+


+------------------------------------------+
; Parallel Compilation                     ;
+----------------------------+-------------+
; Processors                 ; Number      ;
+----------------------------+-------------+
; Number detected on machine ; 4           ;
; Maximum allowed            ; 4           ;
;                            ;             ;
; Average used               ; 1.00        ;
; Maximum used               ; 1           ;
;                            ;             ;
; Usage by Processor         ; % Time Used ;
;     1 processor            ; 100.0%      ;
;     2-4 processors         ;   0.0%      ;
+----------------------------+-------------+


+-----------------------------------------------------------------------------------------------------------------------------------------------------------------------------------------------------------------------------------------------------------------------------------------------------------------------------------------------------------------------------------------+
; Clock Setup: 'CLK_Y'                                                                                                                                                                                                                                                                                                                                                                    ;
+-----------------------------------------+-----------------------------------------------------+--------------------------------------------------------------------------------------+--------------------------------------------------------------------------------------+------------+----------+-----------------------------+---------------------------+-------------------------+
; Slack                                   ; Actual fmax (period)                                ; From                                                                                 ; To                                                                                   ; From Clock ; To Clock ; Required Setup Relationship ; Required Longest P2P Time ; Actual Longest P2P Time ;
+-----------------------------------------+-----------------------------------------------------+--------------------------------------------------------------------------------------+--------------------------------------------------------------------------------------+------------+----------+-----------------------------+---------------------------+-------------------------+
; N/A                                     ; 35.97 MHz ( period = 27.800 ns )                    ; lpm_counter:\P1:CURRENT_CNT[1]_rtl_0|alt_counter_f10ke:wysi_counter|counter_cell[2]  ; lpm_counter:\P1:CURRENT_CNT[1]_rtl_0|alt_counter_f10ke:wysi_counter|counter_cell[14] ; CLK_Y      ; CLK_Y    ; None                        ; None                      ; 23.800 ns               ;
; N/A                                     ; 35.97 MHz ( period = 27.800 ns )                    ; lpm_counter:\P1:CURRENT_CNT[1]_rtl_0|alt_counter_f10ke:wysi_counter|counter_cell[1]  ; lpm_counter:\P1:CURRENT_CNT[1]_rtl_0|alt_counter_f10ke:wysi_counter|counter_cell[14] ; CLK_Y      ; CLK_Y    ; None                        ; None                      ; 23.800 ns               ;
; N/A                                     ; 35.97 MHz ( period = 27.800 ns )                    ; lpm_counter:\P1:CURRENT_CNT[1]_rtl_0|alt_counter_f10ke:wysi_counter|counter_cell[0]  ; lpm_counter:\P1:CURRENT_CNT[1]_rtl_0|alt_counter_f10ke:wysi_counter|counter_cell[14] ; CLK_Y      ; CLK_Y    ; None                        ; None                      ; 23.800 ns               ;
; N/A                                     ; 35.97 MHz ( period = 27.800 ns )                    ; lpm_counter:\P1:CURRENT_CNT[1]_rtl_0|alt_counter_f10ke:wysi_counter|counter_cell[2]  ; lpm_counter:\P1:CURRENT_CNT[1]_rtl_0|alt_counter_f10ke:wysi_counter|counter_cell[17] ; CLK_Y      ; CLK_Y    ; None                        ; None                      ; 23.800 ns               ;
; N/A                                     ; 35.97 MHz ( period = 27.800 ns )                    ; lpm_counter:\P1:CURRENT_CNT[1]_rtl_0|alt_counter_f10ke:wysi_counter|counter_cell[1]  ; lpm_counter:\P1:CURRENT_CNT[1]_rtl_0|alt_counter_f10ke:wysi_counter|counter_cell[17] ; CLK_Y      ; CLK_Y    ; None                        ; None                      ; 23.800 ns               ;
; N/A                                     ; 35.97 MHz ( period = 27.800 ns )                    ; lpm_counter:\P1:CURRENT_CNT[1]_rtl_0|alt_counter_f10ke:wysi_counter|counter_cell[0]  ; lpm_counter:\P1:CURRENT_CNT[1]_rtl_0|alt_counter_f10ke:wysi_counter|counter_cell[17] ; CLK_Y      ; CLK_Y    ; None                        ; None                      ; 23.800 ns               ;
; N/A                                     ; 35.97 MHz ( period = 27.800 ns )                    ; lpm_counter:\P1:CURRENT_CNT[1]_rtl_0|alt_counter_f10ke:wysi_counter|counter_cell[2]  ; lpm_counter:\P1:CURRENT_CNT[1]_rtl_0|alt_counter_f10ke:wysi_counter|counter_cell[19] ; CLK_Y      ; CLK_Y    ; None                        ; None                      ; 23.800 ns               ;
; N/A                                     ; 35.97 MHz ( period = 27.800 ns )                    ; lpm_counter:\P1:CURRENT_CNT[1]_rtl_0|alt_counter_f10ke:wysi_counter|counter_cell[1]  ; lpm_counter:\P1:CURRENT_CNT[1]_rtl_0|alt_counter_f10ke:wysi_counter|counter_cell[19] ; CLK_Y      ; CLK_Y    ; None                        ; None                      ; 23.800 ns               ;
; N/A                                     ; 35.97 MHz ( period = 27.800 ns )                    ; lpm_counter:\P1:CURRENT_CNT[1]_rtl_0|alt_counter_f10ke:wysi_counter|counter_cell[0]  ; lpm_counter:\P1:CURRENT_CNT[1]_rtl_0|alt_counter_f10ke:wysi_counter|counter_cell[19] ; CLK_Y      ; CLK_Y    ; None                        ; None                      ; 23.800 ns               ;
; N/A                                     ; 35.97 MHz ( period = 27.800 ns )                    ; lpm_counter:\P1:CURRENT_CNT[1]_rtl_0|alt_counter_f10ke:wysi_counter|counter_cell[2]  ; lpm_counter:\P1:CURRENT_CNT[1]_rtl_0|alt_counter_f10ke:wysi_counter|counter_cell[18] ; CLK_Y      ; CLK_Y    ; None                        ; None                      ; 23.800 ns               ;
; N/A                                     ; 35.97 MHz ( period = 27.800 ns )                    ; lpm_counter:\P1:CURRENT_CNT[1]_rtl_0|alt_counter_f10ke:wysi_counter|counter_cell[1]  ; lpm_counter:\P1:CURRENT_CNT[1]_rtl_0|alt_counter_f10ke:wysi_counter|counter_cell[18] ; CLK_Y      ; CLK_Y    ; None                        ; None                      ; 23.800 ns               ;
; N/A                                     ; 35.97 MHz ( period = 27.800 ns )                    ; lpm_counter:\P1:CURRENT_CNT[1]_rtl_0|alt_counter_f10ke:wysi_counter|counter_cell[0]  ; lpm_counter:\P1:CURRENT_CNT[1]_rtl_0|alt_counter_f10ke:wysi_counter|counter_cell[18] ; CLK_Y      ; CLK_Y    ; None                        ; None                      ; 23.800 ns               ;
; N/A                                     ; 35.97 MHz ( period = 27.800 ns )                    ; lpm_counter:\P1:CURRENT_CNT[1]_rtl_0|alt_counter_f10ke:wysi_counter|counter_cell[2]  ; lpm_counter:\P1:CURRENT_CNT[1]_rtl_0|alt_counter_f10ke:wysi_counter|counter_cell[15] ; CLK_Y      ; CLK_Y    ; None                        ; None                      ; 23.800 ns               ;
; N/A                                     ; 35.97 MHz ( period = 27.800 ns )                    ; lpm_counter:\P1:CURRENT_CNT[1]_rtl_0|alt_counter_f10ke:wysi_counter|counter_cell[1]  ; lpm_counter:\P1:CURRENT_CNT[1]_rtl_0|alt_counter_f10ke:wysi_counter|counter_cell[15] ; CLK_Y      ; CLK_Y    ; None                        ; None                      ; 23.800 ns               ;
; N/A                                     ; 35.97 MHz ( period = 27.800 ns )                    ; lpm_counter:\P1:CURRENT_CNT[1]_rtl_0|alt_counter_f10ke:wysi_counter|counter_cell[0]  ; lpm_counter:\P1:CURRENT_CNT[1]_rtl_0|alt_counter_f10ke:wysi_counter|counter_cell[15] ; CLK_Y      ; CLK_Y    ; None                        ; None                      ; 23.800 ns               ;
; N/A                                     ; 35.97 MHz ( period = 27.800 ns )                    ; lpm_counter:\P1:CURRENT_CNT[1]_rtl_0|alt_counter_f10ke:wysi_counter|counter_cell[2]  ; lpm_counter:\P1:CURRENT_CNT[1]_rtl_0|alt_counter_f10ke:wysi_counter|counter_cell[16] ; CLK_Y      ; CLK_Y    ; None                        ; None                      ; 23.800 ns               ;
; N/A                                     ; 35.97 MHz ( period = 27.800 ns )                    ; lpm_counter:\P1:CURRENT_CNT[1]_rtl_0|alt_counter_f10ke:wysi_counter|counter_cell[1]  ; lpm_counter:\P1:CURRENT_CNT[1]_rtl_0|alt_counter_f10ke:wysi_counter|counter_cell[16] ; CLK_Y      ; CLK_Y    ; None                        ; None                      ; 23.800 ns               ;
; N/A                                     ; 35.97 MHz ( period = 27.800 ns )                    ; lpm_counter:\P1:CURRENT_CNT[1]_rtl_0|alt_counter_f10ke:wysi_counter|counter_cell[0]  ; lpm_counter:\P1:CURRENT_CNT[1]_rtl_0|alt_counter_f10ke:wysi_counter|counter_cell[16] ; CLK_Y      ; CLK_Y    ; None                        ; None                      ; 23.800 ns               ;
; N/A                                     ; 36.10 MHz ( period = 27.700 ns )                    ; lpm_counter:\P1:CURRENT_CNT[1]_rtl_0|alt_counter_f10ke:wysi_counter|counter_cell[12] ; lpm_counter:\P1:CURRENT_CNT[1]_rtl_0|alt_counter_f10ke:wysi_counter|counter_cell[14] ; CLK_Y      ; CLK_Y    ; None                        ; None                      ; 23.700 ns               ;
; N/A                                     ; 36.10 MHz ( period = 27.700 ns )                    ; lpm_counter:\P1:CURRENT_CNT[1]_rtl_0|alt_counter_f10ke:wysi_counter|counter_cell[6]  ; lpm_counter:\P1:CURRENT_CNT[1]_rtl_0|alt_counter_f10ke:wysi_counter|counter_cell[14] ; CLK_Y      ; CLK_Y    ; None                        ; None                      ; 23.700 ns               ;
; N/A                                     ; 36.10 MHz ( period = 27.700 ns )                    ; lpm_counter:\P1:CURRENT_CNT[1]_rtl_0|alt_counter_f10ke:wysi_counter|counter_cell[2]  ; lpm_counter:\P1:CURRENT_CNT[1]_rtl_0|alt_counter_f10ke:wysi_counter|counter_cell[13] ; CLK_Y      ; CLK_Y    ; None                        ; None                      ; 23.700 ns               ;
; N/A                                     ; 36.10 MHz ( period = 27.700 ns )                    ; lpm_counter:\P1:CURRENT_CNT[1]_rtl_0|alt_counter_f10ke:wysi_counter|counter_cell[1]  ; lpm_counter:\P1:CURRENT_CNT[1]_rtl_0|alt_counter_f10ke:wysi_counter|counter_cell[13] ; CLK_Y      ; CLK_Y    ; None                        ; None                      ; 23.700 ns               ;
; N/A                                     ; 36.10 MHz ( period = 27.700 ns )                    ; lpm_counter:\P1:CURRENT_CNT[1]_rtl_0|alt_counter_f10ke:wysi_counter|counter_cell[0]  ; lpm_counter:\P1:CURRENT_CNT[1]_rtl_0|alt_counter_f10ke:wysi_counter|counter_cell[13] ; CLK_Y      ; CLK_Y    ; None                        ; None                      ; 23.700 ns               ;
; N/A                                     ; 36.10 MHz ( period = 27.700 ns )                    ; lpm_counter:\P1:CURRENT_CNT[1]_rtl_0|alt_counter_f10ke:wysi_counter|counter_cell[2]  ; lpm_counter:\P1:CURRENT_CNT[1]_rtl_0|alt_counter_f10ke:wysi_counter|counter_cell[12] ; CLK_Y      ; CLK_Y    ; None                        ; None                      ; 23.700 ns               ;
; N/A                                     ; 36.10 MHz ( period = 27.700 ns )                    ; lpm_counter:\P1:CURRENT_CNT[1]_rtl_0|alt_counter_f10ke:wysi_counter|counter_cell[1]  ; lpm_counter:\P1:CURRENT_CNT[1]_rtl_0|alt_counter_f10ke:wysi_counter|counter_cell[12] ; CLK_Y      ; CLK_Y    ; None                        ; None                      ; 23.700 ns               ;
; N/A                                     ; 36.10 MHz ( period = 27.700 ns )                    ; lpm_counter:\P1:CURRENT_CNT[1]_rtl_0|alt_counter_f10ke:wysi_counter|counter_cell[0]  ; lpm_counter:\P1:CURRENT_CNT[1]_rtl_0|alt_counter_f10ke:wysi_counter|counter_cell[12] ; CLK_Y      ; CLK_Y    ; None                        ; None                      ; 23.700 ns               ;
; N/A                                     ; 36.10 MHz ( period = 27.700 ns )                    ; lpm_counter:\P1:CURRENT_CNT[1]_rtl_0|alt_counter_f10ke:wysi_counter|counter_cell[2]  ; lpm_counter:\P1:CURRENT_CNT[1]_rtl_0|alt_counter_f10ke:wysi_counter|counter_cell[11] ; CLK_Y      ; CLK_Y    ; None                        ; None                      ; 23.700 ns               ;
; N/A                                     ; 36.10 MHz ( period = 27.700 ns )                    ; lpm_counter:\P1:CURRENT_CNT[1]_rtl_0|alt_counter_f10ke:wysi_counter|counter_cell[1]  ; lpm_counter:\P1:CURRENT_CNT[1]_rtl_0|alt_counter_f10ke:wysi_counter|counter_cell[11] ; CLK_Y      ; CLK_Y    ; None                        ; None                      ; 23.700 ns               ;
; N/A                                     ; 36.10 MHz ( period = 27.700 ns )                    ; lpm_counter:\P1:CURRENT_CNT[1]_rtl_0|alt_counter_f10ke:wysi_counter|counter_cell[0]  ; lpm_counter:\P1:CURRENT_CNT[1]_rtl_0|alt_counter_f10ke:wysi_counter|counter_cell[11] ; CLK_Y      ; CLK_Y    ; None                        ; None                      ; 23.700 ns               ;
; N/A                                     ; 36.10 MHz ( period = 27.700 ns )                    ; lpm_counter:\P1:CURRENT_CNT[1]_rtl_0|alt_counter_f10ke:wysi_counter|counter_cell[2]  ; lpm_counter:\P1:CURRENT_CNT[1]_rtl_0|alt_counter_f10ke:wysi_counter|counter_cell[10] ; CLK_Y      ; CLK_Y    ; None                        ; None                      ; 23.700 ns               ;
; N/A                                     ; 36.10 MHz ( period = 27.700 ns )                    ; lpm_counter:\P1:CURRENT_CNT[1]_rtl_0|alt_counter_f10ke:wysi_counter|counter_cell[1]  ; lpm_counter:\P1:CURRENT_CNT[1]_rtl_0|alt_counter_f10ke:wysi_counter|counter_cell[10] ; CLK_Y      ; CLK_Y    ; None                        ; None                      ; 23.700 ns               ;
; N/A                                     ; 36.10 MHz ( period = 27.700 ns )                    ; lpm_counter:\P1:CURRENT_CNT[1]_rtl_0|alt_counter_f10ke:wysi_counter|counter_cell[0]  ; lpm_counter:\P1:CURRENT_CNT[1]_rtl_0|alt_counter_f10ke:wysi_counter|counter_cell[10] ; CLK_Y      ; CLK_Y    ; None                        ; None                      ; 23.700 ns               ;
; N/A                                     ; 36.10 MHz ( period = 27.700 ns )                    ; lpm_counter:\P1:CURRENT_CNT[1]_rtl_0|alt_counter_f10ke:wysi_counter|counter_cell[2]  ; lpm_counter:\P1:CURRENT_CNT[1]_rtl_0|alt_counter_f10ke:wysi_counter|counter_cell[9]  ; CLK_Y      ; CLK_Y    ; None                        ; None                      ; 23.700 ns               ;
; N/A                                     ; 36.10 MHz ( period = 27.700 ns )                    ; lpm_counter:\P1:CURRENT_CNT[1]_rtl_0|alt_counter_f10ke:wysi_counter|counter_cell[1]  ; lpm_counter:\P1:CURRENT_CNT[1]_rtl_0|alt_counter_f10ke:wysi_counter|counter_cell[9]  ; CLK_Y      ; CLK_Y    ; None                        ; None                      ; 23.700 ns               ;
; N/A                                     ; 36.10 MHz ( period = 27.700 ns )                    ; lpm_counter:\P1:CURRENT_CNT[1]_rtl_0|alt_counter_f10ke:wysi_counter|counter_cell[0]  ; lpm_counter:\P1:CURRENT_CNT[1]_rtl_0|alt_counter_f10ke:wysi_counter|counter_cell[9]  ; CLK_Y      ; CLK_Y    ; None                        ; None                      ; 23.700 ns               ;
; N/A                                     ; 36.10 MHz ( period = 27.700 ns )                    ; lpm_counter:\P1:CURRENT_CNT[1]_rtl_0|alt_counter_f10ke:wysi_counter|counter_cell[2]  ; lpm_counter:\P1:CURRENT_CNT[1]_rtl_0|alt_counter_f10ke:wysi_counter|counter_cell[8]  ; CLK_Y      ; CLK_Y    ; None                        ; None                      ; 23.700 ns               ;
; N/A                                     ; 36.10 MHz ( period = 27.700 ns )                    ; lpm_counter:\P1:CURRENT_CNT[1]_rtl_0|alt_counter_f10ke:wysi_counter|counter_cell[1]  ; lpm_counter:\P1:CURRENT_CNT[1]_rtl_0|alt_counter_f10ke:wysi_counter|counter_cell[8]  ; CLK_Y      ; CLK_Y    ; None                        ; None                      ; 23.700 ns               ;
; N/A                                     ; 36.10 MHz ( period = 27.700 ns )                    ; lpm_counter:\P1:CURRENT_CNT[1]_rtl_0|alt_counter_f10ke:wysi_counter|counter_cell[0]  ; lpm_counter:\P1:CURRENT_CNT[1]_rtl_0|alt_counter_f10ke:wysi_counter|counter_cell[8]  ; CLK_Y      ; CLK_Y    ; None                        ; None                      ; 23.700 ns               ;
; N/A                                     ; 36.10 MHz ( period = 27.700 ns )                    ; lpm_counter:\P1:CURRENT_CNT[1]_rtl_0|alt_counter_f10ke:wysi_counter|counter_cell[2]  ; lpm_counter:\P1:CURRENT_CNT[1]_rtl_0|alt_counter_f10ke:wysi_counter|counter_cell[7]  ; CLK_Y      ; CLK_Y    ; None                        ; None                      ; 23.700 ns               ;
; N/A                                     ; 36.10 MHz ( period = 27.700 ns )                    ; lpm_counter:\P1:CURRENT_CNT[1]_rtl_0|alt_counter_f10ke:wysi_counter|counter_cell[1]  ; lpm_counter:\P1:CURRENT_CNT[1]_rtl_0|alt_counter_f10ke:wysi_counter|counter_cell[7]  ; CLK_Y      ; CLK_Y    ; None                        ; None                      ; 23.700 ns               ;
; N/A                                     ; 36.10 MHz ( period = 27.700 ns )                    ; lpm_counter:\P1:CURRENT_CNT[1]_rtl_0|alt_counter_f10ke:wysi_counter|counter_cell[0]  ; lpm_counter:\P1:CURRENT_CNT[1]_rtl_0|alt_counter_f10ke:wysi_counter|counter_cell[7]  ; CLK_Y      ; CLK_Y    ; None                        ; None                      ; 23.700 ns               ;
; N/A                                     ; 36.10 MHz ( period = 27.700 ns )                    ; lpm_counter:\P1:CURRENT_CNT[1]_rtl_0|alt_counter_f10ke:wysi_counter|counter_cell[2]  ; lpm_counter:\P1:CURRENT_CNT[1]_rtl_0|alt_counter_f10ke:wysi_counter|counter_cell[6]  ; CLK_Y      ; CLK_Y    ; None                        ; None                      ; 23.700 ns               ;
; N/A                                     ; 36.10 MHz ( period = 27.700 ns )                    ; lpm_counter:\P1:CURRENT_CNT[1]_rtl_0|alt_counter_f10ke:wysi_counter|counter_cell[1]  ; lpm_counter:\P1:CURRENT_CNT[1]_rtl_0|alt_counter_f10ke:wysi_counter|counter_cell[6]  ; CLK_Y      ; CLK_Y    ; None                        ; None                      ; 23.700 ns               ;
; N/A                                     ; 36.10 MHz ( period = 27.700 ns )                    ; lpm_counter:\P1:CURRENT_CNT[1]_rtl_0|alt_counter_f10ke:wysi_counter|counter_cell[0]  ; lpm_counter:\P1:CURRENT_CNT[1]_rtl_0|alt_counter_f10ke:wysi_counter|counter_cell[6]  ; CLK_Y      ; CLK_Y    ; None                        ; None                      ; 23.700 ns               ;
; N/A                                     ; 36.10 MHz ( period = 27.700 ns )                    ; lpm_counter:\P1:CURRENT_CNT[1]_rtl_0|alt_counter_f10ke:wysi_counter|counter_cell[2]  ; lpm_counter:\P1:CURRENT_CNT[1]_rtl_0|alt_counter_f10ke:wysi_counter|counter_cell[5]  ; CLK_Y      ; CLK_Y    ; None                        ; None                      ; 23.700 ns               ;
; N/A                                     ; 36.10 MHz ( period = 27.700 ns )                    ; lpm_counter:\P1:CURRENT_CNT[1]_rtl_0|alt_counter_f10ke:wysi_counter|counter_cell[1]  ; lpm_counter:\P1:CURRENT_CNT[1]_rtl_0|alt_counter_f10ke:wysi_counter|counter_cell[5]  ; CLK_Y      ; CLK_Y    ; None                        ; None                      ; 23.700 ns               ;
; N/A                                     ; 36.10 MHz ( period = 27.700 ns )                    ; lpm_counter:\P1:CURRENT_CNT[1]_rtl_0|alt_counter_f10ke:wysi_counter|counter_cell[0]  ; lpm_counter:\P1:CURRENT_CNT[1]_rtl_0|alt_counter_f10ke:wysi_counter|counter_cell[5]  ; CLK_Y      ; CLK_Y    ; None                        ; None                      ; 23.700 ns               ;
; N/A                                     ; 36.10 MHz ( period = 27.700 ns )                    ; lpm_counter:\P1:CURRENT_CNT[1]_rtl_0|alt_counter_f10ke:wysi_counter|counter_cell[2]  ; lpm_counter:\P1:CURRENT_CNT[1]_rtl_0|alt_counter_f10ke:wysi_counter|counter_cell[4]  ; CLK_Y      ; CLK_Y    ; None                        ; None                      ; 23.700 ns               ;
; N/A                                     ; 36.10 MHz ( period = 27.700 ns )                    ; lpm_counter:\P1:CURRENT_CNT[1]_rtl_0|alt_counter_f10ke:wysi_counter|counter_cell[1]  ; lpm_counter:\P1:CURRENT_CNT[1]_rtl_0|alt_counter_f10ke:wysi_counter|counter_cell[4]  ; CLK_Y      ; CLK_Y    ; None                        ; None                      ; 23.700 ns               ;
; N/A                                     ; 36.10 MHz ( period = 27.700 ns )                    ; lpm_counter:\P1:CURRENT_CNT[1]_rtl_0|alt_counter_f10ke:wysi_counter|counter_cell[0]  ; lpm_counter:\P1:CURRENT_CNT[1]_rtl_0|alt_counter_f10ke:wysi_counter|counter_cell[4]  ; CLK_Y      ; CLK_Y    ; None                        ; None                      ; 23.700 ns               ;
; N/A                                     ; 36.10 MHz ( period = 27.700 ns )                    ; lpm_counter:\P1:CURRENT_CNT[1]_rtl_0|alt_counter_f10ke:wysi_counter|counter_cell[2]  ; lpm_counter:\P1:CURRENT_CNT[1]_rtl_0|alt_counter_f10ke:wysi_counter|counter_cell[3]  ; CLK_Y      ; CLK_Y    ; None                        ; None                      ; 23.700 ns               ;
; N/A                                     ; 36.10 MHz ( period = 27.700 ns )                    ; lpm_counter:\P1:CURRENT_CNT[1]_rtl_0|alt_counter_f10ke:wysi_counter|counter_cell[1]  ; lpm_counter:\P1:CURRENT_CNT[1]_rtl_0|alt_counter_f10ke:wysi_counter|counter_cell[3]  ; CLK_Y      ; CLK_Y    ; None                        ; None                      ; 23.700 ns               ;
; N/A                                     ; 36.10 MHz ( period = 27.700 ns )                    ; lpm_counter:\P1:CURRENT_CNT[1]_rtl_0|alt_counter_f10ke:wysi_counter|counter_cell[0]  ; lpm_counter:\P1:CURRENT_CNT[1]_rtl_0|alt_counter_f10ke:wysi_counter|counter_cell[3]  ; CLK_Y      ; CLK_Y    ; None                        ; None                      ; 23.700 ns               ;
; N/A                                     ; 36.10 MHz ( period = 27.700 ns )                    ; lpm_counter:\P1:CURRENT_CNT[1]_rtl_0|alt_counter_f10ke:wysi_counter|counter_cell[2]  ; lpm_counter:\P1:CURRENT_CNT[1]_rtl_0|alt_counter_f10ke:wysi_counter|counter_cell[2]  ; CLK_Y      ; CLK_Y    ; None                        ; None                      ; 23.700 ns               ;
; N/A                                     ; 36.10 MHz ( period = 27.700 ns )                    ; lpm_counter:\P1:CURRENT_CNT[1]_rtl_0|alt_counter_f10ke:wysi_counter|counter_cell[1]  ; lpm_counter:\P1:CURRENT_CNT[1]_rtl_0|alt_counter_f10ke:wysi_counter|counter_cell[2]  ; CLK_Y      ; CLK_Y    ; None                        ; None                      ; 23.700 ns               ;
; N/A                                     ; 36.10 MHz ( period = 27.700 ns )                    ; lpm_counter:\P1:CURRENT_CNT[1]_rtl_0|alt_counter_f10ke:wysi_counter|counter_cell[0]  ; lpm_counter:\P1:CURRENT_CNT[1]_rtl_0|alt_counter_f10ke:wysi_counter|counter_cell[2]  ; CLK_Y      ; CLK_Y    ; None                        ; None                      ; 23.700 ns               ;
; N/A                                     ; 36.10 MHz ( period = 27.700 ns )                    ; lpm_counter:\P1:CURRENT_CNT[1]_rtl_0|alt_counter_f10ke:wysi_counter|counter_cell[2]  ; lpm_counter:\P1:CURRENT_CNT[1]_rtl_0|alt_counter_f10ke:wysi_counter|counter_cell[1]  ; CLK_Y      ; CLK_Y    ; None                        ; None                      ; 23.700 ns               ;
; N/A                                     ; 36.10 MHz ( period = 27.700 ns )                    ; lpm_counter:\P1:CURRENT_CNT[1]_rtl_0|alt_counter_f10ke:wysi_counter|counter_cell[1]  ; lpm_counter:\P1:CURRENT_CNT[1]_rtl_0|alt_counter_f10ke:wysi_counter|counter_cell[1]  ; CLK_Y      ; CLK_Y    ; None                        ; None                      ; 23.700 ns               ;
; N/A                                     ; 36.10 MHz ( period = 27.700 ns )                    ; lpm_counter:\P1:CURRENT_CNT[1]_rtl_0|alt_counter_f10ke:wysi_counter|counter_cell[0]  ; lpm_counter:\P1:CURRENT_CNT[1]_rtl_0|alt_counter_f10ke:wysi_counter|counter_cell[1]  ; CLK_Y      ; CLK_Y    ; None                        ; None                      ; 23.700 ns               ;
; N/A                                     ; 36.10 MHz ( period = 27.700 ns )                    ; lpm_counter:\P1:CURRENT_CNT[1]_rtl_0|alt_counter_f10ke:wysi_counter|counter_cell[2]  ; lpm_counter:\P1:CURRENT_CNT[1]_rtl_0|alt_counter_f10ke:wysi_counter|counter_cell[0]  ; CLK_Y      ; CLK_Y    ; None                        ; None                      ; 23.700 ns               ;
; N/A                                     ; 36.10 MHz ( period = 27.700 ns )                    ; lpm_counter:\P1:CURRENT_CNT[1]_rtl_0|alt_counter_f10ke:wysi_counter|counter_cell[1]  ; lpm_counter:\P1:CURRENT_CNT[1]_rtl_0|alt_counter_f10ke:wysi_counter|counter_cell[0]  ; CLK_Y      ; CLK_Y    ; None                        ; None                      ; 23.700 ns               ;
; N/A                                     ; 36.10 MHz ( period = 27.700 ns )                    ; lpm_counter:\P1:CURRENT_CNT[1]_rtl_0|alt_counter_f10ke:wysi_counter|counter_cell[0]  ; lpm_counter:\P1:CURRENT_CNT[1]_rtl_0|alt_counter_f10ke:wysi_counter|counter_cell[0]  ; CLK_Y      ; CLK_Y    ; None                        ; None                      ; 23.700 ns               ;
; N/A                                     ; 36.10 MHz ( period = 27.700 ns )                    ; lpm_counter:\P1:CURRENT_CNT[1]_rtl_0|alt_counter_f10ke:wysi_counter|counter_cell[12] ; lpm_counter:\P1:CURRENT_CNT[1]_rtl_0|alt_counter_f10ke:wysi_counter|counter_cell[17] ; CLK_Y      ; CLK_Y    ; None                        ; None                      ; 23.700 ns               ;
; N/A                                     ; 36.10 MHz ( period = 27.700 ns )                    ; lpm_counter:\P1:CURRENT_CNT[1]_rtl_0|alt_counter_f10ke:wysi_counter|counter_cell[6]  ; lpm_counter:\P1:CURRENT_CNT[1]_rtl_0|alt_counter_f10ke:wysi_counter|counter_cell[17] ; CLK_Y      ; CLK_Y    ; None                        ; None                      ; 23.700 ns               ;
; N/A                                     ; 36.10 MHz ( period = 27.700 ns )                    ; lpm_counter:\P1:CURRENT_CNT[1]_rtl_0|alt_counter_f10ke:wysi_counter|counter_cell[12] ; lpm_counter:\P1:CURRENT_CNT[1]_rtl_0|alt_counter_f10ke:wysi_counter|counter_cell[19] ; CLK_Y      ; CLK_Y    ; None                        ; None                      ; 23.700 ns               ;
; N/A                                     ; 36.10 MHz ( period = 27.700 ns )                    ; lpm_counter:\P1:CURRENT_CNT[1]_rtl_0|alt_counter_f10ke:wysi_counter|counter_cell[6]  ; lpm_counter:\P1:CURRENT_CNT[1]_rtl_0|alt_counter_f10ke:wysi_counter|counter_cell[19] ; CLK_Y      ; CLK_Y    ; None                        ; None                      ; 23.700 ns               ;
; N/A                                     ; 36.10 MHz ( period = 27.700 ns )                    ; lpm_counter:\P1:CURRENT_CNT[1]_rtl_0|alt_counter_f10ke:wysi_counter|counter_cell[12] ; lpm_counter:\P1:CURRENT_CNT[1]_rtl_0|alt_counter_f10ke:wysi_counter|counter_cell[18] ; CLK_Y      ; CLK_Y    ; None                        ; None                      ; 23.700 ns               ;
; N/A                                     ; 36.10 MHz ( period = 27.700 ns )                    ; lpm_counter:\P1:CURRENT_CNT[1]_rtl_0|alt_counter_f10ke:wysi_counter|counter_cell[6]  ; lpm_counter:\P1:CURRENT_CNT[1]_rtl_0|alt_counter_f10ke:wysi_counter|counter_cell[18] ; CLK_Y      ; CLK_Y    ; None                        ; None                      ; 23.700 ns               ;
; N/A                                     ; 36.10 MHz ( period = 27.700 ns )                    ; lpm_counter:\P1:CURRENT_CNT[1]_rtl_0|alt_counter_f10ke:wysi_counter|counter_cell[12] ; lpm_counter:\P1:CURRENT_CNT[1]_rtl_0|alt_counter_f10ke:wysi_counter|counter_cell[15] ; CLK_Y      ; CLK_Y    ; None                        ; None                      ; 23.700 ns               ;
; N/A                                     ; 36.10 MHz ( period = 27.700 ns )                    ; lpm_counter:\P1:CURRENT_CNT[1]_rtl_0|alt_counter_f10ke:wysi_counter|counter_cell[6]  ; lpm_counter:\P1:CURRENT_CNT[1]_rtl_0|alt_counter_f10ke:wysi_counter|counter_cell[15] ; CLK_Y      ; CLK_Y    ; None                        ; None                      ; 23.700 ns               ;
; N/A                                     ; 36.10 MHz ( period = 27.700 ns )                    ; lpm_counter:\P1:CURRENT_CNT[1]_rtl_0|alt_counter_f10ke:wysi_counter|counter_cell[12] ; lpm_counter:\P1:CURRENT_CNT[1]_rtl_0|alt_counter_f10ke:wysi_counter|counter_cell[16] ; CLK_Y      ; CLK_Y    ; None                        ; None                      ; 23.700 ns               ;
; N/A                                     ; 36.10 MHz ( period = 27.700 ns )                    ; lpm_counter:\P1:CURRENT_CNT[1]_rtl_0|alt_counter_f10ke:wysi_counter|counter_cell[6]  ; lpm_counter:\P1:CURRENT_CNT[1]_rtl_0|alt_counter_f10ke:wysi_counter|counter_cell[16] ; CLK_Y      ; CLK_Y    ; None                        ; None                      ; 23.700 ns               ;
; N/A                                     ; 36.23 MHz ( period = 27.600 ns )                    ; lpm_counter:\P1:CURRENT_CNT[1]_rtl_0|alt_counter_f10ke:wysi_counter|counter_cell[5]  ; lpm_counter:\P1:CURRENT_CNT[1]_rtl_0|alt_counter_f10ke:wysi_counter|counter_cell[14] ; CLK_Y      ; CLK_Y    ; None                        ; None                      ; 23.600 ns               ;
; N/A                                     ; 36.23 MHz ( period = 27.600 ns )                    ; lpm_counter:\P1:CURRENT_CNT[1]_rtl_0|alt_counter_f10ke:wysi_counter|counter_cell[12] ; lpm_counter:\P1:CURRENT_CNT[1]_rtl_0|alt_counter_f10ke:wysi_counter|counter_cell[13] ; CLK_Y      ; CLK_Y    ; None                        ; None                      ; 23.600 ns               ;
; N/A                                     ; 36.23 MHz ( period = 27.600 ns )                    ; lpm_counter:\P1:CURRENT_CNT[1]_rtl_0|alt_counter_f10ke:wysi_counter|counter_cell[6]  ; lpm_counter:\P1:CURRENT_CNT[1]_rtl_0|alt_counter_f10ke:wysi_counter|counter_cell[13] ; CLK_Y      ; CLK_Y    ; None                        ; None                      ; 23.600 ns               ;
; N/A                                     ; 36.23 MHz ( period = 27.600 ns )                    ; lpm_counter:\P1:CURRENT_CNT[1]_rtl_0|alt_counter_f10ke:wysi_counter|counter_cell[12] ; lpm_counter:\P1:CURRENT_CNT[1]_rtl_0|alt_counter_f10ke:wysi_counter|counter_cell[12] ; CLK_Y      ; CLK_Y    ; None                        ; None                      ; 23.600 ns               ;
; N/A                                     ; 36.23 MHz ( period = 27.600 ns )                    ; lpm_counter:\P1:CURRENT_CNT[1]_rtl_0|alt_counter_f10ke:wysi_counter|counter_cell[6]  ; lpm_counter:\P1:CURRENT_CNT[1]_rtl_0|alt_counter_f10ke:wysi_counter|counter_cell[12] ; CLK_Y      ; CLK_Y    ; None                        ; None                      ; 23.600 ns               ;
; N/A                                     ; 36.23 MHz ( period = 27.600 ns )                    ; lpm_counter:\P1:CURRENT_CNT[1]_rtl_0|alt_counter_f10ke:wysi_counter|counter_cell[12] ; lpm_counter:\P1:CURRENT_CNT[1]_rtl_0|alt_counter_f10ke:wysi_counter|counter_cell[11] ; CLK_Y      ; CLK_Y    ; None                        ; None                      ; 23.600 ns               ;
; N/A                                     ; 36.23 MHz ( period = 27.600 ns )                    ; lpm_counter:\P1:CURRENT_CNT[1]_rtl_0|alt_counter_f10ke:wysi_counter|counter_cell[6]  ; lpm_counter:\P1:CURRENT_CNT[1]_rtl_0|alt_counter_f10ke:wysi_counter|counter_cell[11] ; CLK_Y      ; CLK_Y    ; None                        ; None                      ; 23.600 ns               ;
; N/A                                     ; 36.23 MHz ( period = 27.600 ns )                    ; lpm_counter:\P1:CURRENT_CNT[1]_rtl_0|alt_counter_f10ke:wysi_counter|counter_cell[12] ; lpm_counter:\P1:CURRENT_CNT[1]_rtl_0|alt_counter_f10ke:wysi_counter|counter_cell[10] ; CLK_Y      ; CLK_Y    ; None                        ; None                      ; 23.600 ns               ;
; N/A                                     ; 36.23 MHz ( period = 27.600 ns )                    ; lpm_counter:\P1:CURRENT_CNT[1]_rtl_0|alt_counter_f10ke:wysi_counter|counter_cell[6]  ; lpm_counter:\P1:CURRENT_CNT[1]_rtl_0|alt_counter_f10ke:wysi_counter|counter_cell[10] ; CLK_Y      ; CLK_Y    ; None                        ; None                      ; 23.600 ns               ;
; N/A                                     ; 36.23 MHz ( period = 27.600 ns )                    ; lpm_counter:\P1:CURRENT_CNT[1]_rtl_0|alt_counter_f10ke:wysi_counter|counter_cell[12] ; lpm_counter:\P1:CURRENT_CNT[1]_rtl_0|alt_counter_f10ke:wysi_counter|counter_cell[9]  ; CLK_Y      ; CLK_Y    ; None                        ; None                      ; 23.600 ns               ;
; N/A                                     ; 36.23 MHz ( period = 27.600 ns )                    ; lpm_counter:\P1:CURRENT_CNT[1]_rtl_0|alt_counter_f10ke:wysi_counter|counter_cell[6]  ; lpm_counter:\P1:CURRENT_CNT[1]_rtl_0|alt_counter_f10ke:wysi_counter|counter_cell[9]  ; CLK_Y      ; CLK_Y    ; None                        ; None                      ; 23.600 ns               ;
; N/A                                     ; 36.23 MHz ( period = 27.600 ns )                    ; lpm_counter:\P1:CURRENT_CNT[1]_rtl_0|alt_counter_f10ke:wysi_counter|counter_cell[12] ; lpm_counter:\P1:CURRENT_CNT[1]_rtl_0|alt_counter_f10ke:wysi_counter|counter_cell[8]  ; CLK_Y      ; CLK_Y    ; None                        ; None                      ; 23.600 ns               ;
; N/A                                     ; 36.23 MHz ( period = 27.600 ns )                    ; lpm_counter:\P1:CURRENT_CNT[1]_rtl_0|alt_counter_f10ke:wysi_counter|counter_cell[6]  ; lpm_counter:\P1:CURRENT_CNT[1]_rtl_0|alt_counter_f10ke:wysi_counter|counter_cell[8]  ; CLK_Y      ; CLK_Y    ; None                        ; None                      ; 23.600 ns               ;
; N/A                                     ; 36.23 MHz ( period = 27.600 ns )                    ; lpm_counter:\P1:CURRENT_CNT[1]_rtl_0|alt_counter_f10ke:wysi_counter|counter_cell[12] ; lpm_counter:\P1:CURRENT_CNT[1]_rtl_0|alt_counter_f10ke:wysi_counter|counter_cell[7]  ; CLK_Y      ; CLK_Y    ; None                        ; None                      ; 23.600 ns               ;
; N/A                                     ; 36.23 MHz ( period = 27.600 ns )                    ; lpm_counter:\P1:CURRENT_CNT[1]_rtl_0|alt_counter_f10ke:wysi_counter|counter_cell[6]  ; lpm_counter:\P1:CURRENT_CNT[1]_rtl_0|alt_counter_f10ke:wysi_counter|counter_cell[7]  ; CLK_Y      ; CLK_Y    ; None                        ; None                      ; 23.600 ns               ;
; N/A                                     ; 36.23 MHz ( period = 27.600 ns )                    ; lpm_counter:\P1:CURRENT_CNT[1]_rtl_0|alt_counter_f10ke:wysi_counter|counter_cell[12] ; lpm_counter:\P1:CURRENT_CNT[1]_rtl_0|alt_counter_f10ke:wysi_counter|counter_cell[6]  ; CLK_Y      ; CLK_Y    ; None                        ; None                      ; 23.600 ns               ;
; N/A                                     ; 36.23 MHz ( period = 27.600 ns )                    ; lpm_counter:\P1:CURRENT_CNT[1]_rtl_0|alt_counter_f10ke:wysi_counter|counter_cell[6]  ; lpm_counter:\P1:CURRENT_CNT[1]_rtl_0|alt_counter_f10ke:wysi_counter|counter_cell[6]  ; CLK_Y      ; CLK_Y    ; None                        ; None                      ; 23.600 ns               ;
; N/A                                     ; 36.23 MHz ( period = 27.600 ns )                    ; lpm_counter:\P1:CURRENT_CNT[1]_rtl_0|alt_counter_f10ke:wysi_counter|counter_cell[12] ; lpm_counter:\P1:CURRENT_CNT[1]_rtl_0|alt_counter_f10ke:wysi_counter|counter_cell[5]  ; CLK_Y      ; CLK_Y    ; None                        ; None                      ; 23.600 ns               ;
; N/A                                     ; 36.23 MHz ( period = 27.600 ns )                    ; lpm_counter:\P1:CURRENT_CNT[1]_rtl_0|alt_counter_f10ke:wysi_counter|counter_cell[6]  ; lpm_counter:\P1:CURRENT_CNT[1]_rtl_0|alt_counter_f10ke:wysi_counter|counter_cell[5]  ; CLK_Y      ; CLK_Y    ; None                        ; None                      ; 23.600 ns               ;
; N/A                                     ; 36.23 MHz ( period = 27.600 ns )                    ; lpm_counter:\P1:CURRENT_CNT[1]_rtl_0|alt_counter_f10ke:wysi_counter|counter_cell[12] ; lpm_counter:\P1:CURRENT_CNT[1]_rtl_0|alt_counter_f10ke:wysi_counter|counter_cell[4]  ; CLK_Y      ; CLK_Y    ; None                        ; None                      ; 23.600 ns               ;
; N/A                                     ; 36.23 MHz ( period = 27.600 ns )                    ; lpm_counter:\P1:CURRENT_CNT[1]_rtl_0|alt_counter_f10ke:wysi_counter|counter_cell[6]  ; lpm_counter:\P1:CURRENT_CNT[1]_rtl_0|alt_counter_f10ke:wysi_counter|counter_cell[4]  ; CLK_Y      ; CLK_Y    ; None                        ; None                      ; 23.600 ns               ;
; N/A                                     ; 36.23 MHz ( period = 27.600 ns )                    ; lpm_counter:\P1:CURRENT_CNT[1]_rtl_0|alt_counter_f10ke:wysi_counter|counter_cell[12] ; lpm_counter:\P1:CURRENT_CNT[1]_rtl_0|alt_counter_f10ke:wysi_counter|counter_cell[3]  ; CLK_Y      ; CLK_Y    ; None                        ; None                      ; 23.600 ns               ;
; N/A                                     ; 36.23 MHz ( period = 27.600 ns )                    ; lpm_counter:\P1:CURRENT_CNT[1]_rtl_0|alt_counter_f10ke:wysi_counter|counter_cell[6]  ; lpm_counter:\P1:CURRENT_CNT[1]_rtl_0|alt_counter_f10ke:wysi_counter|counter_cell[3]  ; CLK_Y      ; CLK_Y    ; None                        ; None                      ; 23.600 ns               ;
; N/A                                     ; 36.23 MHz ( period = 27.600 ns )                    ; lpm_counter:\P1:CURRENT_CNT[1]_rtl_0|alt_counter_f10ke:wysi_counter|counter_cell[12] ; lpm_counter:\P1:CURRENT_CNT[1]_rtl_0|alt_counter_f10ke:wysi_counter|counter_cell[2]  ; CLK_Y      ; CLK_Y    ; None                        ; None                      ; 23.600 ns               ;
; N/A                                     ; 36.23 MHz ( period = 27.600 ns )                    ; lpm_counter:\P1:CURRENT_CNT[1]_rtl_0|alt_counter_f10ke:wysi_counter|counter_cell[6]  ; lpm_counter:\P1:CURRENT_CNT[1]_rtl_0|alt_counter_f10ke:wysi_counter|counter_cell[2]  ; CLK_Y      ; CLK_Y    ; None                        ; None                      ; 23.600 ns               ;
; N/A                                     ; 36.23 MHz ( period = 27.600 ns )                    ; lpm_counter:\P1:CURRENT_CNT[1]_rtl_0|alt_counter_f10ke:wysi_counter|counter_cell[12] ; lpm_counter:\P1:CURRENT_CNT[1]_rtl_0|alt_counter_f10ke:wysi_counter|counter_cell[1]  ; CLK_Y      ; CLK_Y    ; None                        ; None                      ; 23.600 ns               ;
; N/A                                     ; 36.23 MHz ( period = 27.600 ns )                    ; lpm_counter:\P1:CURRENT_CNT[1]_rtl_0|alt_counter_f10ke:wysi_counter|counter_cell[6]  ; lpm_counter:\P1:CURRENT_CNT[1]_rtl_0|alt_counter_f10ke:wysi_counter|counter_cell[1]  ; CLK_Y      ; CLK_Y    ; None                        ; None                      ; 23.600 ns               ;
; N/A                                     ; 36.23 MHz ( period = 27.600 ns )                    ; lpm_counter:\P1:CURRENT_CNT[1]_rtl_0|alt_counter_f10ke:wysi_counter|counter_cell[12] ; lpm_counter:\P1:CURRENT_CNT[1]_rtl_0|alt_counter_f10ke:wysi_counter|counter_cell[0]  ; CLK_Y      ; CLK_Y    ; None                        ; None                      ; 23.600 ns               ;
; N/A                                     ; 36.23 MHz ( period = 27.600 ns )                    ; lpm_counter:\P1:CURRENT_CNT[1]_rtl_0|alt_counter_f10ke:wysi_counter|counter_cell[6]  ; lpm_counter:\P1:CURRENT_CNT[1]_rtl_0|alt_counter_f10ke:wysi_counter|counter_cell[0]  ; CLK_Y      ; CLK_Y    ; None                        ; None                      ; 23.600 ns               ;
; N/A                                     ; 36.23 MHz ( period = 27.600 ns )                    ; lpm_counter:\P1:CURRENT_CNT[1]_rtl_0|alt_counter_f10ke:wysi_counter|counter_cell[5]  ; lpm_counter:\P1:CURRENT_CNT[1]_rtl_0|alt_counter_f10ke:wysi_counter|counter_cell[17] ; CLK_Y      ; CLK_Y    ; None                        ; None                      ; 23.600 ns               ;
; N/A                                     ; 36.23 MHz ( period = 27.600 ns )                    ; lpm_counter:\P1:CURRENT_CNT[1]_rtl_0|alt_counter_f10ke:wysi_counter|counter_cell[5]  ; lpm_counter:\P1:CURRENT_CNT[1]_rtl_0|alt_counter_f10ke:wysi_counter|counter_cell[19] ; CLK_Y      ; CLK_Y    ; None                        ; None                      ; 23.600 ns               ;
; N/A                                     ; 36.23 MHz ( period = 27.600 ns )                    ; lpm_counter:\P1:CURRENT_CNT[1]_rtl_0|alt_counter_f10ke:wysi_counter|counter_cell[5]  ; lpm_counter:\P1:CURRENT_CNT[1]_rtl_0|alt_counter_f10ke:wysi_counter|counter_cell[18] ; CLK_Y      ; CLK_Y    ; None                        ; None                      ; 23.600 ns               ;
; N/A                                     ; 36.23 MHz ( period = 27.600 ns )                    ; lpm_counter:\P1:CURRENT_CNT[1]_rtl_0|alt_counter_f10ke:wysi_counter|counter_cell[5]  ; lpm_counter:\P1:CURRENT_CNT[1]_rtl_0|alt_counter_f10ke:wysi_counter|counter_cell[15] ; CLK_Y      ; CLK_Y    ; None                        ; None                      ; 23.600 ns               ;
; N/A                                     ; 36.23 MHz ( period = 27.600 ns )                    ; lpm_counter:\P1:CURRENT_CNT[1]_rtl_0|alt_counter_f10ke:wysi_counter|counter_cell[5]  ; lpm_counter:\P1:CURRENT_CNT[1]_rtl_0|alt_counter_f10ke:wysi_counter|counter_cell[16] ; CLK_Y      ; CLK_Y    ; None                        ; None                      ; 23.600 ns               ;
; N/A                                     ; 36.36 MHz ( period = 27.500 ns )                    ; lpm_counter:\P1:CURRENT_CNT[1]_rtl_0|alt_counter_f10ke:wysi_counter|counter_cell[10] ; lpm_counter:\P1:CURRENT_CNT[1]_rtl_0|alt_counter_f10ke:wysi_counter|counter_cell[14] ; CLK_Y      ; CLK_Y    ; None                        ; None                      ; 23.500 ns               ;
; N/A                                     ; 36.36 MHz ( period = 27.500 ns )                    ; lpm_counter:\P1:CURRENT_CNT[1]_rtl_0|alt_counter_f10ke:wysi_counter|counter_cell[4]  ; lpm_counter:\P1:CURRENT_CNT[1]_rtl_0|alt_counter_f10ke:wysi_counter|counter_cell[14] ; CLK_Y      ; CLK_Y    ; None                        ; None                      ; 23.500 ns               ;
; N/A                                     ; 36.36 MHz ( period = 27.500 ns )                    ; lpm_counter:\P1:CURRENT_CNT[1]_rtl_0|alt_counter_f10ke:wysi_counter|counter_cell[5]  ; lpm_counter:\P1:CURRENT_CNT[1]_rtl_0|alt_counter_f10ke:wysi_counter|counter_cell[13] ; CLK_Y      ; CLK_Y    ; None                        ; None                      ; 23.500 ns               ;
; N/A                                     ; 36.36 MHz ( period = 27.500 ns )                    ; lpm_counter:\P1:CURRENT_CNT[1]_rtl_0|alt_counter_f10ke:wysi_counter|counter_cell[5]  ; lpm_counter:\P1:CURRENT_CNT[1]_rtl_0|alt_counter_f10ke:wysi_counter|counter_cell[12] ; CLK_Y      ; CLK_Y    ; None                        ; None                      ; 23.500 ns               ;
; N/A                                     ; 36.36 MHz ( period = 27.500 ns )                    ; lpm_counter:\P1:CURRENT_CNT[1]_rtl_0|alt_counter_f10ke:wysi_counter|counter_cell[5]  ; lpm_counter:\P1:CURRENT_CNT[1]_rtl_0|alt_counter_f10ke:wysi_counter|counter_cell[11] ; CLK_Y      ; CLK_Y    ; None                        ; None                      ; 23.500 ns               ;
; N/A                                     ; 36.36 MHz ( period = 27.500 ns )                    ; lpm_counter:\P1:CURRENT_CNT[1]_rtl_0|alt_counter_f10ke:wysi_counter|counter_cell[5]  ; lpm_counter:\P1:CURRENT_CNT[1]_rtl_0|alt_counter_f10ke:wysi_counter|counter_cell[10] ; CLK_Y      ; CLK_Y    ; None                        ; None                      ; 23.500 ns               ;
; N/A                                     ; 36.36 MHz ( period = 27.500 ns )                    ; lpm_counter:\P1:CURRENT_CNT[1]_rtl_0|alt_counter_f10ke:wysi_counter|counter_cell[5]  ; lpm_counter:\P1:CURRENT_CNT[1]_rtl_0|alt_counter_f10ke:wysi_counter|counter_cell[9]  ; CLK_Y      ; CLK_Y    ; None                        ; None                      ; 23.500 ns               ;
; N/A                                     ; 36.36 MHz ( period = 27.500 ns )                    ; lpm_counter:\P1:CURRENT_CNT[1]_rtl_0|alt_counter_f10ke:wysi_counter|counter_cell[5]  ; lpm_counter:\P1:CURRENT_CNT[1]_rtl_0|alt_counter_f10ke:wysi_counter|counter_cell[8]  ; CLK_Y      ; CLK_Y    ; None                        ; None                      ; 23.500 ns               ;
; N/A                                     ; 36.36 MHz ( period = 27.500 ns )                    ; lpm_counter:\P1:CURRENT_CNT[1]_rtl_0|alt_counter_f10ke:wysi_counter|counter_cell[5]  ; lpm_counter:\P1:CURRENT_CNT[1]_rtl_0|alt_counter_f10ke:wysi_counter|counter_cell[7]  ; CLK_Y      ; CLK_Y    ; None                        ; None                      ; 23.500 ns               ;
; N/A                                     ; 36.36 MHz ( period = 27.500 ns )                    ; lpm_counter:\P1:CURRENT_CNT[1]_rtl_0|alt_counter_f10ke:wysi_counter|counter_cell[5]  ; lpm_counter:\P1:CURRENT_CNT[1]_rtl_0|alt_counter_f10ke:wysi_counter|counter_cell[6]  ; CLK_Y      ; CLK_Y    ; None                        ; None                      ; 23.500 ns               ;
; N/A                                     ; 36.36 MHz ( period = 27.500 ns )                    ; lpm_counter:\P1:CURRENT_CNT[1]_rtl_0|alt_counter_f10ke:wysi_counter|counter_cell[5]  ; lpm_counter:\P1:CURRENT_CNT[1]_rtl_0|alt_counter_f10ke:wysi_counter|counter_cell[5]  ; CLK_Y      ; CLK_Y    ; None                        ; None                      ; 23.500 ns               ;
; N/A                                     ; 36.36 MHz ( period = 27.500 ns )                    ; lpm_counter:\P1:CURRENT_CNT[1]_rtl_0|alt_counter_f10ke:wysi_counter|counter_cell[5]  ; lpm_counter:\P1:CURRENT_CNT[1]_rtl_0|alt_counter_f10ke:wysi_counter|counter_cell[4]  ; CLK_Y      ; CLK_Y    ; None                        ; None                      ; 23.500 ns               ;
; N/A                                     ; 36.36 MHz ( period = 27.500 ns )                    ; lpm_counter:\P1:CURRENT_CNT[1]_rtl_0|alt_counter_f10ke:wysi_counter|counter_cell[5]  ; lpm_counter:\P1:CURRENT_CNT[1]_rtl_0|alt_counter_f10ke:wysi_counter|counter_cell[3]  ; CLK_Y      ; CLK_Y    ; None                        ; None                      ; 23.500 ns               ;
; N/A                                     ; 36.36 MHz ( period = 27.500 ns )                    ; lpm_counter:\P1:CURRENT_CNT[1]_rtl_0|alt_counter_f10ke:wysi_counter|counter_cell[5]  ; lpm_counter:\P1:CURRENT_CNT[1]_rtl_0|alt_counter_f10ke:wysi_counter|counter_cell[2]  ; CLK_Y      ; CLK_Y    ; None                        ; None                      ; 23.500 ns               ;
; N/A                                     ; 36.36 MHz ( period = 27.500 ns )                    ; lpm_counter:\P1:CURRENT_CNT[1]_rtl_0|alt_counter_f10ke:wysi_counter|counter_cell[5]  ; lpm_counter:\P1:CURRENT_CNT[1]_rtl_0|alt_counter_f10ke:wysi_counter|counter_cell[1]  ; CLK_Y      ; CLK_Y    ; None                        ; None                      ; 23.500 ns               ;
; N/A                                     ; 36.36 MHz ( period = 27.500 ns )                    ; lpm_counter:\P1:CURRENT_CNT[1]_rtl_0|alt_counter_f10ke:wysi_counter|counter_cell[5]  ; lpm_counter:\P1:CURRENT_CNT[1]_rtl_0|alt_counter_f10ke:wysi_counter|counter_cell[0]  ; CLK_Y      ; CLK_Y    ; None                        ; None                      ; 23.500 ns               ;
; N/A                                     ; 36.36 MHz ( period = 27.500 ns )                    ; lpm_counter:\P1:CURRENT_CNT[1]_rtl_0|alt_counter_f10ke:wysi_counter|counter_cell[10] ; lpm_counter:\P1:CURRENT_CNT[1]_rtl_0|alt_counter_f10ke:wysi_counter|counter_cell[17] ; CLK_Y      ; CLK_Y    ; None                        ; None                      ; 23.500 ns               ;
; N/A                                     ; 36.36 MHz ( period = 27.500 ns )                    ; lpm_counter:\P1:CURRENT_CNT[1]_rtl_0|alt_counter_f10ke:wysi_counter|counter_cell[4]  ; lpm_counter:\P1:CURRENT_CNT[1]_rtl_0|alt_counter_f10ke:wysi_counter|counter_cell[17] ; CLK_Y      ; CLK_Y    ; None                        ; None                      ; 23.500 ns               ;
; N/A                                     ; 36.36 MHz ( period = 27.500 ns )                    ; lpm_counter:\P1:CURRENT_CNT[1]_rtl_0|alt_counter_f10ke:wysi_counter|counter_cell[10] ; lpm_counter:\P1:CURRENT_CNT[1]_rtl_0|alt_counter_f10ke:wysi_counter|counter_cell[19] ; CLK_Y      ; CLK_Y    ; None                        ; None                      ; 23.500 ns               ;
; N/A                                     ; 36.36 MHz ( period = 27.500 ns )                    ; lpm_counter:\P1:CURRENT_CNT[1]_rtl_0|alt_counter_f10ke:wysi_counter|counter_cell[4]  ; lpm_counter:\P1:CURRENT_CNT[1]_rtl_0|alt_counter_f10ke:wysi_counter|counter_cell[19] ; CLK_Y      ; CLK_Y    ; None                        ; None                      ; 23.500 ns               ;
; N/A                                     ; 36.36 MHz ( period = 27.500 ns )                    ; lpm_counter:\P1:CURRENT_CNT[1]_rtl_0|alt_counter_f10ke:wysi_counter|counter_cell[10] ; lpm_counter:\P1:CURRENT_CNT[1]_rtl_0|alt_counter_f10ke:wysi_counter|counter_cell[18] ; CLK_Y      ; CLK_Y    ; None                        ; None                      ; 23.500 ns               ;
; N/A                                     ; 36.36 MHz ( period = 27.500 ns )                    ; lpm_counter:\P1:CURRENT_CNT[1]_rtl_0|alt_counter_f10ke:wysi_counter|counter_cell[4]  ; lpm_counter:\P1:CURRENT_CNT[1]_rtl_0|alt_counter_f10ke:wysi_counter|counter_cell[18] ; CLK_Y      ; CLK_Y    ; None                        ; None                      ; 23.500 ns               ;
; N/A                                     ; 36.36 MHz ( period = 27.500 ns )                    ; lpm_counter:\P1:CURRENT_CNT[1]_rtl_0|alt_counter_f10ke:wysi_counter|counter_cell[10] ; lpm_counter:\P1:CURRENT_CNT[1]_rtl_0|alt_counter_f10ke:wysi_counter|counter_cell[15] ; CLK_Y      ; CLK_Y    ; None                        ; None                      ; 23.500 ns               ;
; N/A                                     ; 36.36 MHz ( period = 27.500 ns )                    ; lpm_counter:\P1:CURRENT_CNT[1]_rtl_0|alt_counter_f10ke:wysi_counter|counter_cell[4]  ; lpm_counter:\P1:CURRENT_CNT[1]_rtl_0|alt_counter_f10ke:wysi_counter|counter_cell[15] ; CLK_Y      ; CLK_Y    ; None                        ; None                      ; 23.500 ns               ;
; N/A                                     ; 36.36 MHz ( period = 27.500 ns )                    ; lpm_counter:\P1:CURRENT_CNT[1]_rtl_0|alt_counter_f10ke:wysi_counter|counter_cell[10] ; lpm_counter:\P1:CURRENT_CNT[1]_rtl_0|alt_counter_f10ke:wysi_counter|counter_cell[16] ; CLK_Y      ; CLK_Y    ; None                        ; None                      ; 23.500 ns               ;
; N/A                                     ; 36.36 MHz ( period = 27.500 ns )                    ; lpm_counter:\P1:CURRENT_CNT[1]_rtl_0|alt_counter_f10ke:wysi_counter|counter_cell[4]  ; lpm_counter:\P1:CURRENT_CNT[1]_rtl_0|alt_counter_f10ke:wysi_counter|counter_cell[16] ; CLK_Y      ; CLK_Y    ; None                        ; None                      ; 23.500 ns               ;
; N/A                                     ; 36.50 MHz ( period = 27.400 ns )                    ; lpm_counter:\P1:CURRENT_CNT[1]_rtl_0|alt_counter_f10ke:wysi_counter|counter_cell[10] ; lpm_counter:\P1:CURRENT_CNT[1]_rtl_0|alt_counter_f10ke:wysi_counter|counter_cell[13] ; CLK_Y      ; CLK_Y    ; None                        ; None                      ; 23.400 ns               ;
; N/A                                     ; 36.50 MHz ( period = 27.400 ns )                    ; lpm_counter:\P1:CURRENT_CNT[1]_rtl_0|alt_counter_f10ke:wysi_counter|counter_cell[4]  ; lpm_counter:\P1:CURRENT_CNT[1]_rtl_0|alt_counter_f10ke:wysi_counter|counter_cell[13] ; CLK_Y      ; CLK_Y    ; None                        ; None                      ; 23.400 ns               ;
; N/A                                     ; 36.50 MHz ( period = 27.400 ns )                    ; lpm_counter:\P1:CURRENT_CNT[1]_rtl_0|alt_counter_f10ke:wysi_counter|counter_cell[10] ; lpm_counter:\P1:CURRENT_CNT[1]_rtl_0|alt_counter_f10ke:wysi_counter|counter_cell[12] ; CLK_Y      ; CLK_Y    ; None                        ; None                      ; 23.400 ns               ;
; N/A                                     ; 36.50 MHz ( period = 27.400 ns )                    ; lpm_counter:\P1:CURRENT_CNT[1]_rtl_0|alt_counter_f10ke:wysi_counter|counter_cell[4]  ; lpm_counter:\P1:CURRENT_CNT[1]_rtl_0|alt_counter_f10ke:wysi_counter|counter_cell[12] ; CLK_Y      ; CLK_Y    ; None                        ; None                      ; 23.400 ns               ;
; N/A                                     ; 36.50 MHz ( period = 27.400 ns )                    ; lpm_counter:\P1:CURRENT_CNT[1]_rtl_0|alt_counter_f10ke:wysi_counter|counter_cell[10] ; lpm_counter:\P1:CURRENT_CNT[1]_rtl_0|alt_counter_f10ke:wysi_counter|counter_cell[11] ; CLK_Y      ; CLK_Y    ; None                        ; None                      ; 23.400 ns               ;
; N/A                                     ; 36.50 MHz ( period = 27.400 ns )                    ; lpm_counter:\P1:CURRENT_CNT[1]_rtl_0|alt_counter_f10ke:wysi_counter|counter_cell[4]  ; lpm_counter:\P1:CURRENT_CNT[1]_rtl_0|alt_counter_f10ke:wysi_counter|counter_cell[11] ; CLK_Y      ; CLK_Y    ; None                        ; None                      ; 23.400 ns               ;
; N/A                                     ; 36.50 MHz ( period = 27.400 ns )                    ; lpm_counter:\P1:CURRENT_CNT[1]_rtl_0|alt_counter_f10ke:wysi_counter|counter_cell[10] ; lpm_counter:\P1:CURRENT_CNT[1]_rtl_0|alt_counter_f10ke:wysi_counter|counter_cell[10] ; CLK_Y      ; CLK_Y    ; None                        ; None                      ; 23.400 ns               ;
; N/A                                     ; 36.50 MHz ( period = 27.400 ns )                    ; lpm_counter:\P1:CURRENT_CNT[1]_rtl_0|alt_counter_f10ke:wysi_counter|counter_cell[4]  ; lpm_counter:\P1:CURRENT_CNT[1]_rtl_0|alt_counter_f10ke:wysi_counter|counter_cell[10] ; CLK_Y      ; CLK_Y    ; None                        ; None                      ; 23.400 ns               ;
; N/A                                     ; 36.50 MHz ( period = 27.400 ns )                    ; lpm_counter:\P1:CURRENT_CNT[1]_rtl_0|alt_counter_f10ke:wysi_counter|counter_cell[10] ; lpm_counter:\P1:CURRENT_CNT[1]_rtl_0|alt_counter_f10ke:wysi_counter|counter_cell[9]  ; CLK_Y      ; CLK_Y    ; None                        ; None                      ; 23.400 ns               ;
; N/A                                     ; 36.50 MHz ( period = 27.400 ns )                    ; lpm_counter:\P1:CURRENT_CNT[1]_rtl_0|alt_counter_f10ke:wysi_counter|counter_cell[4]  ; lpm_counter:\P1:CURRENT_CNT[1]_rtl_0|alt_counter_f10ke:wysi_counter|counter_cell[9]  ; CLK_Y      ; CLK_Y    ; None                        ; None                      ; 23.400 ns               ;
; N/A                                     ; 36.50 MHz ( period = 27.400 ns )                    ; lpm_counter:\P1:CURRENT_CNT[1]_rtl_0|alt_counter_f10ke:wysi_counter|counter_cell[10] ; lpm_counter:\P1:CURRENT_CNT[1]_rtl_0|alt_counter_f10ke:wysi_counter|counter_cell[8]  ; CLK_Y      ; CLK_Y    ; None                        ; None                      ; 23.400 ns               ;
; N/A                                     ; 36.50 MHz ( period = 27.400 ns )                    ; lpm_counter:\P1:CURRENT_CNT[1]_rtl_0|alt_counter_f10ke:wysi_counter|counter_cell[4]  ; lpm_counter:\P1:CURRENT_CNT[1]_rtl_0|alt_counter_f10ke:wysi_counter|counter_cell[8]  ; CLK_Y      ; CLK_Y    ; None                        ; None                      ; 23.400 ns               ;
; N/A                                     ; 36.50 MHz ( period = 27.400 ns )                    ; lpm_counter:\P1:CURRENT_CNT[1]_rtl_0|alt_counter_f10ke:wysi_counter|counter_cell[10] ; lpm_counter:\P1:CURRENT_CNT[1]_rtl_0|alt_counter_f10ke:wysi_counter|counter_cell[7]  ; CLK_Y      ; CLK_Y    ; None                        ; None                      ; 23.400 ns               ;
; N/A                                     ; 36.50 MHz ( period = 27.400 ns )                    ; lpm_counter:\P1:CURRENT_CNT[1]_rtl_0|alt_counter_f10ke:wysi_counter|counter_cell[4]  ; lpm_counter:\P1:CURRENT_CNT[1]_rtl_0|alt_counter_f10ke:wysi_counter|counter_cell[7]  ; CLK_Y      ; CLK_Y    ; None                        ; None                      ; 23.400 ns               ;
; N/A                                     ; 36.50 MHz ( period = 27.400 ns )                    ; lpm_counter:\P1:CURRENT_CNT[1]_rtl_0|alt_counter_f10ke:wysi_counter|counter_cell[10] ; lpm_counter:\P1:CURRENT_CNT[1]_rtl_0|alt_counter_f10ke:wysi_counter|counter_cell[6]  ; CLK_Y      ; CLK_Y    ; None                        ; None                      ; 23.400 ns               ;
; N/A                                     ; 36.50 MHz ( period = 27.400 ns )                    ; lpm_counter:\P1:CURRENT_CNT[1]_rtl_0|alt_counter_f10ke:wysi_counter|counter_cell[4]  ; lpm_counter:\P1:CURRENT_CNT[1]_rtl_0|alt_counter_f10ke:wysi_counter|counter_cell[6]  ; CLK_Y      ; CLK_Y    ; None                        ; None                      ; 23.400 ns               ;
; N/A                                     ; 36.50 MHz ( period = 27.400 ns )                    ; lpm_counter:\P1:CURRENT_CNT[1]_rtl_0|alt_counter_f10ke:wysi_counter|counter_cell[10] ; lpm_counter:\P1:CURRENT_CNT[1]_rtl_0|alt_counter_f10ke:wysi_counter|counter_cell[5]  ; CLK_Y      ; CLK_Y    ; None                        ; None                      ; 23.400 ns               ;
; N/A                                     ; 36.50 MHz ( period = 27.400 ns )                    ; lpm_counter:\P1:CURRENT_CNT[1]_rtl_0|alt_counter_f10ke:wysi_counter|counter_cell[4]  ; lpm_counter:\P1:CURRENT_CNT[1]_rtl_0|alt_counter_f10ke:wysi_counter|counter_cell[5]  ; CLK_Y      ; CLK_Y    ; None                        ; None                      ; 23.400 ns               ;
; N/A                                     ; 36.50 MHz ( period = 27.400 ns )                    ; lpm_counter:\P1:CURRENT_CNT[1]_rtl_0|alt_counter_f10ke:wysi_counter|counter_cell[10] ; lpm_counter:\P1:CURRENT_CNT[1]_rtl_0|alt_counter_f10ke:wysi_counter|counter_cell[4]  ; CLK_Y      ; CLK_Y    ; None                        ; None                      ; 23.400 ns               ;
; N/A                                     ; 36.50 MHz ( period = 27.400 ns )                    ; lpm_counter:\P1:CURRENT_CNT[1]_rtl_0|alt_counter_f10ke:wysi_counter|counter_cell[4]  ; lpm_counter:\P1:CURRENT_CNT[1]_rtl_0|alt_counter_f10ke:wysi_counter|counter_cell[4]  ; CLK_Y      ; CLK_Y    ; None                        ; None                      ; 23.400 ns               ;
; N/A                                     ; 36.50 MHz ( period = 27.400 ns )                    ; lpm_counter:\P1:CURRENT_CNT[1]_rtl_0|alt_counter_f10ke:wysi_counter|counter_cell[10] ; lpm_counter:\P1:CURRENT_CNT[1]_rtl_0|alt_counter_f10ke:wysi_counter|counter_cell[3]  ; CLK_Y      ; CLK_Y    ; None                        ; None                      ; 23.400 ns               ;
; N/A                                     ; 36.50 MHz ( period = 27.400 ns )                    ; lpm_counter:\P1:CURRENT_CNT[1]_rtl_0|alt_counter_f10ke:wysi_counter|counter_cell[4]  ; lpm_counter:\P1:CURRENT_CNT[1]_rtl_0|alt_counter_f10ke:wysi_counter|counter_cell[3]  ; CLK_Y      ; CLK_Y    ; None                        ; None                      ; 23.400 ns               ;
; N/A                                     ; 36.50 MHz ( period = 27.400 ns )                    ; lpm_counter:\P1:CURRENT_CNT[1]_rtl_0|alt_counter_f10ke:wysi_counter|counter_cell[10] ; lpm_counter:\P1:CURRENT_CNT[1]_rtl_0|alt_counter_f10ke:wysi_counter|counter_cell[2]  ; CLK_Y      ; CLK_Y    ; None                        ; None                      ; 23.400 ns               ;
; N/A                                     ; 36.50 MHz ( period = 27.400 ns )                    ; lpm_counter:\P1:CURRENT_CNT[1]_rtl_0|alt_counter_f10ke:wysi_counter|counter_cell[4]  ; lpm_counter:\P1:CURRENT_CNT[1]_rtl_0|alt_counter_f10ke:wysi_counter|counter_cell[2]  ; CLK_Y      ; CLK_Y    ; None                        ; None                      ; 23.400 ns               ;
; N/A                                     ; 36.50 MHz ( period = 27.400 ns )                    ; lpm_counter:\P1:CURRENT_CNT[1]_rtl_0|alt_counter_f10ke:wysi_counter|counter_cell[10] ; lpm_counter:\P1:CURRENT_CNT[1]_rtl_0|alt_counter_f10ke:wysi_counter|counter_cell[1]  ; CLK_Y      ; CLK_Y    ; None                        ; None                      ; 23.400 ns               ;
; N/A                                     ; 36.50 MHz ( period = 27.400 ns )                    ; lpm_counter:\P1:CURRENT_CNT[1]_rtl_0|alt_counter_f10ke:wysi_counter|counter_cell[4]  ; lpm_counter:\P1:CURRENT_CNT[1]_rtl_0|alt_counter_f10ke:wysi_counter|counter_cell[1]  ; CLK_Y      ; CLK_Y    ; None                        ; None                      ; 23.400 ns               ;
; N/A                                     ; 36.50 MHz ( period = 27.400 ns )                    ; lpm_counter:\P1:CURRENT_CNT[1]_rtl_0|alt_counter_f10ke:wysi_counter|counter_cell[10] ; lpm_counter:\P1:CURRENT_CNT[1]_rtl_0|alt_counter_f10ke:wysi_counter|counter_cell[0]  ; CLK_Y      ; CLK_Y    ; None                        ; None                      ; 23.400 ns               ;
; N/A                                     ; 36.50 MHz ( period = 27.400 ns )                    ; lpm_counter:\P1:CURRENT_CNT[1]_rtl_0|alt_counter_f10ke:wysi_counter|counter_cell[4]  ; lpm_counter:\P1:CURRENT_CNT[1]_rtl_0|alt_counter_f10ke:wysi_counter|counter_cell[0]  ; CLK_Y      ; CLK_Y    ; None                        ; None                      ; 23.400 ns               ;
; N/A                                     ; 36.76 MHz ( period = 27.200 ns )                    ; lpm_counter:\P1:CURRENT_CNT[1]_rtl_0|alt_counter_f10ke:wysi_counter|counter_cell[3]  ; lpm_counter:\P1:CURRENT_CNT[1]_rtl_0|alt_counter_f10ke:wysi_counter|counter_cell[14] ; CLK_Y      ; CLK_Y    ; None                        ; None                      ; 23.200 ns               ;
; N/A                                     ; 36.76 MHz ( period = 27.200 ns )                    ; lpm_counter:\P1:CURRENT_CNT[1]_rtl_0|alt_counter_f10ke:wysi_counter|counter_cell[3]  ; lpm_counter:\P1:CURRENT_CNT[1]_rtl_0|alt_counter_f10ke:wysi_counter|counter_cell[17] ; CLK_Y      ; CLK_Y    ; None                        ; None                      ; 23.200 ns               ;
; N/A                                     ; 36.76 MHz ( period = 27.200 ns )                    ; lpm_counter:\P1:CURRENT_CNT[1]_rtl_0|alt_counter_f10ke:wysi_counter|counter_cell[3]  ; lpm_counter:\P1:CURRENT_CNT[1]_rtl_0|alt_counter_f10ke:wysi_counter|counter_cell[19] ; CLK_Y      ; CLK_Y    ; None                        ; None                      ; 23.200 ns               ;
; N/A                                     ; 36.76 MHz ( period = 27.200 ns )                    ; lpm_counter:\P1:CURRENT_CNT[1]_rtl_0|alt_counter_f10ke:wysi_counter|counter_cell[3]  ; lpm_counter:\P1:CURRENT_CNT[1]_rtl_0|alt_counter_f10ke:wysi_counter|counter_cell[18] ; CLK_Y      ; CLK_Y    ; None                        ; None                      ; 23.200 ns               ;
; N/A                                     ; 36.76 MHz ( period = 27.200 ns )                    ; lpm_counter:\P1:CURRENT_CNT[1]_rtl_0|alt_counter_f10ke:wysi_counter|counter_cell[3]  ; lpm_counter:\P1:CURRENT_CNT[1]_rtl_0|alt_counter_f10ke:wysi_counter|counter_cell[15] ; CLK_Y      ; CLK_Y    ; None                        ; None                      ; 23.200 ns               ;
; N/A                                     ; 36.76 MHz ( period = 27.200 ns )                    ; lpm_counter:\P1:CURRENT_CNT[1]_rtl_0|alt_counter_f10ke:wysi_counter|counter_cell[3]  ; lpm_counter:\P1:CURRENT_CNT[1]_rtl_0|alt_counter_f10ke:wysi_counter|counter_cell[16] ; CLK_Y      ; CLK_Y    ; None                        ; None                      ; 23.200 ns               ;
; N/A                                     ; 36.90 MHz ( period = 27.100 ns )                    ; lpm_counter:\P1:CURRENT_CNT[1]_rtl_0|alt_counter_f10ke:wysi_counter|counter_cell[3]  ; lpm_counter:\P1:CURRENT_CNT[1]_rtl_0|alt_counter_f10ke:wysi_counter|counter_cell[13] ; CLK_Y      ; CLK_Y    ; None                        ; None                      ; 23.100 ns               ;
; N/A                                     ; 36.90 MHz ( period = 27.100 ns )                    ; lpm_counter:\P1:CURRENT_CNT[1]_rtl_0|alt_counter_f10ke:wysi_counter|counter_cell[3]  ; lpm_counter:\P1:CURRENT_CNT[1]_rtl_0|alt_counter_f10ke:wysi_counter|counter_cell[12] ; CLK_Y      ; CLK_Y    ; None                        ; None                      ; 23.100 ns               ;
; N/A                                     ; 36.90 MHz ( period = 27.100 ns )                    ; lpm_counter:\P1:CURRENT_CNT[1]_rtl_0|alt_counter_f10ke:wysi_counter|counter_cell[3]  ; lpm_counter:\P1:CURRENT_CNT[1]_rtl_0|alt_counter_f10ke:wysi_counter|counter_cell[11] ; CLK_Y      ; CLK_Y    ; None                        ; None                      ; 23.100 ns               ;
; N/A                                     ; 36.90 MHz ( period = 27.100 ns )                    ; lpm_counter:\P1:CURRENT_CNT[1]_rtl_0|alt_counter_f10ke:wysi_counter|counter_cell[3]  ; lpm_counter:\P1:CURRENT_CNT[1]_rtl_0|alt_counter_f10ke:wysi_counter|counter_cell[10] ; CLK_Y      ; CLK_Y    ; None                        ; None                      ; 23.100 ns               ;
; N/A                                     ; 36.90 MHz ( period = 27.100 ns )                    ; lpm_counter:\P1:CURRENT_CNT[1]_rtl_0|alt_counter_f10ke:wysi_counter|counter_cell[3]  ; lpm_counter:\P1:CURRENT_CNT[1]_rtl_0|alt_counter_f10ke:wysi_counter|counter_cell[9]  ; CLK_Y      ; CLK_Y    ; None                        ; None                      ; 23.100 ns               ;
; N/A                                     ; 36.90 MHz ( period = 27.100 ns )                    ; lpm_counter:\P1:CURRENT_CNT[1]_rtl_0|alt_counter_f10ke:wysi_counter|counter_cell[3]  ; lpm_counter:\P1:CURRENT_CNT[1]_rtl_0|alt_counter_f10ke:wysi_counter|counter_cell[8]  ; CLK_Y      ; CLK_Y    ; None                        ; None                      ; 23.100 ns               ;
; N/A                                     ; 36.90 MHz ( period = 27.100 ns )                    ; lpm_counter:\P1:CURRENT_CNT[1]_rtl_0|alt_counter_f10ke:wysi_counter|counter_cell[3]  ; lpm_counter:\P1:CURRENT_CNT[1]_rtl_0|alt_counter_f10ke:wysi_counter|counter_cell[7]  ; CLK_Y      ; CLK_Y    ; None                        ; None                      ; 23.100 ns               ;
; N/A                                     ; 36.90 MHz ( period = 27.100 ns )                    ; lpm_counter:\P1:CURRENT_CNT[1]_rtl_0|alt_counter_f10ke:wysi_counter|counter_cell[3]  ; lpm_counter:\P1:CURRENT_CNT[1]_rtl_0|alt_counter_f10ke:wysi_counter|counter_cell[6]  ; CLK_Y      ; CLK_Y    ; None                        ; None                      ; 23.100 ns               ;
; N/A                                     ; 36.90 MHz ( period = 27.100 ns )                    ; lpm_counter:\P1:CURRENT_CNT[1]_rtl_0|alt_counter_f10ke:wysi_counter|counter_cell[3]  ; lpm_counter:\P1:CURRENT_CNT[1]_rtl_0|alt_counter_f10ke:wysi_counter|counter_cell[5]  ; CLK_Y      ; CLK_Y    ; None                        ; None                      ; 23.100 ns               ;
; N/A                                     ; 36.90 MHz ( period = 27.100 ns )                    ; lpm_counter:\P1:CURRENT_CNT[1]_rtl_0|alt_counter_f10ke:wysi_counter|counter_cell[3]  ; lpm_counter:\P1:CURRENT_CNT[1]_rtl_0|alt_counter_f10ke:wysi_counter|counter_cell[4]  ; CLK_Y      ; CLK_Y    ; None                        ; None                      ; 23.100 ns               ;
; N/A                                     ; 36.90 MHz ( period = 27.100 ns )                    ; lpm_counter:\P1:CURRENT_CNT[1]_rtl_0|alt_counter_f10ke:wysi_counter|counter_cell[3]  ; lpm_counter:\P1:CURRENT_CNT[1]_rtl_0|alt_counter_f10ke:wysi_counter|counter_cell[3]  ; CLK_Y      ; CLK_Y    ; None                        ; None                      ; 23.100 ns               ;
; N/A                                     ; 36.90 MHz ( period = 27.100 ns )                    ; lpm_counter:\P1:CURRENT_CNT[1]_rtl_0|alt_counter_f10ke:wysi_counter|counter_cell[3]  ; lpm_counter:\P1:CURRENT_CNT[1]_rtl_0|alt_counter_f10ke:wysi_counter|counter_cell[2]  ; CLK_Y      ; CLK_Y    ; None                        ; None                      ; 23.100 ns               ;
; N/A                                     ; 36.90 MHz ( period = 27.100 ns )                    ; lpm_counter:\P1:CURRENT_CNT[1]_rtl_0|alt_counter_f10ke:wysi_counter|counter_cell[3]  ; lpm_counter:\P1:CURRENT_CNT[1]_rtl_0|alt_counter_f10ke:wysi_counter|counter_cell[1]  ; CLK_Y      ; CLK_Y    ; None                        ; None                      ; 23.100 ns               ;
; N/A                                     ; 36.90 MHz ( period = 27.100 ns )                    ; lpm_counter:\P1:CURRENT_CNT[1]_rtl_0|alt_counter_f10ke:wysi_counter|counter_cell[3]  ; lpm_counter:\P1:CURRENT_CNT[1]_rtl_0|alt_counter_f10ke:wysi_counter|counter_cell[0]  ; CLK_Y      ; CLK_Y    ; None                        ; None                      ; 23.100 ns               ;
; N/A                                     ; 37.59 MHz ( period = 26.600 ns )                    ; lpm_counter:\P1:CURRENT_CNT[1]_rtl_0|alt_counter_f10ke:wysi_counter|counter_cell[13] ; lpm_counter:\P1:CURRENT_CNT[1]_rtl_0|alt_counter_f10ke:wysi_counter|counter_cell[14] ; CLK_Y      ; CLK_Y    ; None                        ; None                      ; 22.600 ns               ;
; N/A                                     ; 37.59 MHz ( period = 26.600 ns )                    ; lpm_counter:\P1:CURRENT_CNT[1]_rtl_0|alt_counter_f10ke:wysi_counter|counter_cell[13] ; lpm_counter:\P1:CURRENT_CNT[1]_rtl_0|alt_counter_f10ke:wysi_counter|counter_cell[17] ; CLK_Y      ; CLK_Y    ; None                        ; None                      ; 22.600 ns               ;
; N/A                                     ; 37.59 MHz ( period = 26.600 ns )                    ; lpm_counter:\P1:CURRENT_CNT[1]_rtl_0|alt_counter_f10ke:wysi_counter|counter_cell[13] ; lpm_counter:\P1:CURRENT_CNT[1]_rtl_0|alt_counter_f10ke:wysi_counter|counter_cell[19] ; CLK_Y      ; CLK_Y    ; None                        ; None                      ; 22.600 ns               ;
; N/A                                     ; 37.59 MHz ( period = 26.600 ns )                    ; lpm_counter:\P1:CURRENT_CNT[1]_rtl_0|alt_counter_f10ke:wysi_counter|counter_cell[13] ; lpm_counter:\P1:CURRENT_CNT[1]_rtl_0|alt_counter_f10ke:wysi_counter|counter_cell[18] ; CLK_Y      ; CLK_Y    ; None                        ; None                      ; 22.600 ns               ;
; N/A                                     ; 37.59 MHz ( period = 26.600 ns )                    ; lpm_counter:\P1:CURRENT_CNT[1]_rtl_0|alt_counter_f10ke:wysi_counter|counter_cell[13] ; lpm_counter:\P1:CURRENT_CNT[1]_rtl_0|alt_counter_f10ke:wysi_counter|counter_cell[15] ; CLK_Y      ; CLK_Y    ; None                        ; None                      ; 22.600 ns               ;
; N/A                                     ; 37.59 MHz ( period = 26.600 ns )                    ; lpm_counter:\P1:CURRENT_CNT[1]_rtl_0|alt_counter_f10ke:wysi_counter|counter_cell[13] ; lpm_counter:\P1:CURRENT_CNT[1]_rtl_0|alt_counter_f10ke:wysi_counter|counter_cell[16] ; CLK_Y      ; CLK_Y    ; None                        ; None                      ; 22.600 ns               ;
; N/A                                     ; 37.74 MHz ( period = 26.500 ns )                    ; lpm_counter:\P1:CURRENT_CNT[1]_rtl_0|alt_counter_f10ke:wysi_counter|counter_cell[17] ; lpm_counter:\P1:CURRENT_CNT[1]_rtl_0|alt_counter_f10ke:wysi_counter|counter_cell[19] ; CLK_Y      ; CLK_Y    ; None                        ; None                      ; 22.500 ns               ;
; N/A                                     ; 37.74 MHz ( period = 26.500 ns )                    ; lpm_counter:\P1:CURRENT_CNT[1]_rtl_0|alt_counter_f10ke:wysi_counter|counter_cell[15] ; lpm_counter:\P1:CURRENT_CNT[1]_rtl_0|alt_counter_f10ke:wysi_counter|counter_cell[19] ; CLK_Y      ; CLK_Y    ; None                        ; None                      ; 22.500 ns               ;
; N/A                                     ; 37.74 MHz ( period = 26.500 ns )                    ; lpm_counter:\P1:CURRENT_CNT[1]_rtl_0|alt_counter_f10ke:wysi_counter|counter_cell[16] ; lpm_counter:\P1:CURRENT_CNT[1]_rtl_0|alt_counter_f10ke:wysi_counter|counter_cell[19] ; CLK_Y      ; CLK_Y    ; None                        ; None                      ; 22.500 ns               ;
; N/A                                     ; 37.74 MHz ( period = 26.500 ns )                    ; lpm_counter:\P1:CURRENT_CNT[1]_rtl_0|alt_counter_f10ke:wysi_counter|counter_cell[9]  ; lpm_counter:\P1:CURRENT_CNT[1]_rtl_0|alt_counter_f10ke:wysi_counter|counter_cell[18] ; CLK_Y      ; CLK_Y    ; None                        ; None                      ; 22.500 ns               ;
; N/A                                     ; 37.74 MHz ( period = 26.500 ns )                    ; lpm_counter:\P1:CURRENT_CNT[1]_rtl_0|alt_counter_f10ke:wysi_counter|counter_cell[17] ; lpm_counter:\P1:CURRENT_CNT[1]_rtl_0|alt_counter_f10ke:wysi_counter|counter_cell[18] ; CLK_Y      ; CLK_Y    ; None                        ; None                      ; 22.500 ns               ;
; N/A                                     ; 37.74 MHz ( period = 26.500 ns )                    ; lpm_counter:\P1:CURRENT_CNT[1]_rtl_0|alt_counter_f10ke:wysi_counter|counter_cell[15] ; lpm_counter:\P1:CURRENT_CNT[1]_rtl_0|alt_counter_f10ke:wysi_counter|counter_cell[18] ; CLK_Y      ; CLK_Y    ; None                        ; None                      ; 22.500 ns               ;
; N/A                                     ; 37.74 MHz ( period = 26.500 ns )                    ; lpm_counter:\P1:CURRENT_CNT[1]_rtl_0|alt_counter_f10ke:wysi_counter|counter_cell[16] ; lpm_counter:\P1:CURRENT_CNT[1]_rtl_0|alt_counter_f10ke:wysi_counter|counter_cell[18] ; CLK_Y      ; CLK_Y    ; None                        ; None                      ; 22.500 ns               ;
; N/A                                     ; 37.74 MHz ( period = 26.500 ns )                    ; lpm_counter:\P1:CURRENT_CNT[1]_rtl_0|alt_counter_f10ke:wysi_counter|counter_cell[9]  ; lpm_counter:\P1:CURRENT_CNT[1]_rtl_0|alt_counter_f10ke:wysi_counter|counter_cell[15] ; CLK_Y      ; CLK_Y    ; None                        ; None                      ; 22.500 ns               ;
; N/A                                     ; 37.74 MHz ( period = 26.500 ns )                    ; lpm_counter:\P1:CURRENT_CNT[1]_rtl_0|alt_counter_f10ke:wysi_counter|counter_cell[17] ; lpm_counter:\P1:CURRENT_CNT[1]_rtl_0|alt_counter_f10ke:wysi_counter|counter_cell[15] ; CLK_Y      ; CLK_Y    ; None                        ; None                      ; 22.500 ns               ;
; N/A                                     ; 37.74 MHz ( period = 26.500 ns )                    ; lpm_counter:\P1:CURRENT_CNT[1]_rtl_0|alt_counter_f10ke:wysi_counter|counter_cell[15] ; lpm_counter:\P1:CURRENT_CNT[1]_rtl_0|alt_counter_f10ke:wysi_counter|counter_cell[15] ; CLK_Y      ; CLK_Y    ; None                        ; None                      ; 22.500 ns               ;
; N/A                                     ; 37.74 MHz ( period = 26.500 ns )                    ; lpm_counter:\P1:CURRENT_CNT[1]_rtl_0|alt_counter_f10ke:wysi_counter|counter_cell[16] ; lpm_counter:\P1:CURRENT_CNT[1]_rtl_0|alt_counter_f10ke:wysi_counter|counter_cell[15] ; CLK_Y      ; CLK_Y    ; None                        ; None                      ; 22.500 ns               ;
; N/A                                     ; 37.74 MHz ( period = 26.500 ns )                    ; lpm_counter:\P1:CURRENT_CNT[1]_rtl_0|alt_counter_f10ke:wysi_counter|counter_cell[9]  ; lpm_counter:\P1:CURRENT_CNT[1]_rtl_0|alt_counter_f10ke:wysi_counter|counter_cell[16] ; CLK_Y      ; CLK_Y    ; None                        ; None                      ; 22.500 ns               ;
; N/A                                     ; 37.74 MHz ( period = 26.500 ns )                    ; lpm_counter:\P1:CURRENT_CNT[1]_rtl_0|alt_counter_f10ke:wysi_counter|counter_cell[17] ; lpm_counter:\P1:CURRENT_CNT[1]_rtl_0|alt_counter_f10ke:wysi_counter|counter_cell[16] ; CLK_Y      ; CLK_Y    ; None                        ; None                      ; 22.500 ns               ;
; N/A                                     ; 37.74 MHz ( period = 26.500 ns )                    ; lpm_counter:\P1:CURRENT_CNT[1]_rtl_0|alt_counter_f10ke:wysi_counter|counter_cell[15] ; lpm_counter:\P1:CURRENT_CNT[1]_rtl_0|alt_counter_f10ke:wysi_counter|counter_cell[16] ; CLK_Y      ; CLK_Y    ; None                        ; None                      ; 22.500 ns               ;
; Timing analysis restricted to 200 rows. ; To change the limit use Settings (Assignments menu) ;                                                                                      ;                                                                                      ;            ;          ;                             ;                           ;                         ;
+-----------------------------------------+-----------------------------------------------------+--------------------------------------------------------------------------------------+--------------------------------------------------------------------------------------+------------+----------+-----------------------------+---------------------------+-------------------------+


+-----------------------------------------------------------------+
; tco                                                             ;
+-------+--------------+------------+----------+-----+------------+
; Slack ; Required tco ; Actual tco ; From     ; To  ; From Clock ;
+-------+--------------+------------+----------+-----+------------+
; N/A   ; None         ; 20.400 ns  ; Q_Z~reg0 ; Q_Z ; CLK_Y      ;
+-------+--------------+------------+----------+-----+------------+


+--------------------------+
; Timing Analyzer Messages ;
+--------------------------+
Info: *******************************************************************
Info: Running Quartus II 64-Bit Classic Timing Analyzer
    Info: Version 9.0 Build 235 06/17/2009 Service Pack 2 SJ Full Version
    Info: Processing started: Tue Dec 17 21:38:52 2013
Info: Command: quartus_tan --read_settings_files=off --write_settings_files=off DESIGN3TG -c DESIGN3TG
Info: Parallel compilation is enabled and will use 4 of the 4 processors detected
Info: Started post-fitting delay annotation
Info: Delay annotation completed successfully
Warning: Found pins functioning as undefined clocks and/or memory enables
    Info: Assuming node "CLK_Y" is an undefined clock
Info: Clock "CLK_Y" has Internal fmax of 35.97 MHz between source register "lpm_counter:\P1:CURRENT_CNT[1]_rtl_0|alt_counter_f10ke:wysi_counter|counter_cell[2]" and destination register "lpm_counter:\P1:CURRENT_CNT[1]_rtl_0|alt_counter_f10ke:wysi_counter|counter_cell[14]" (period= 27.8 ns)
    Info: + Longest register to register delay is 23.800 ns
        Info: 1: + IC(0.000 ns) + CELL(0.000 ns) = 0.000 ns; Loc. = LC5_A2; Fanout = 4; REG Node = 'lpm_counter:\P1:CURRENT_CNT[1]_rtl_0|alt_counter_f10ke:wysi_counter|counter_cell[2]'
        Info: 2: + IC(0.500 ns) + CELL(2.700 ns) = 3.200 ns; Loc. = LC1_A2; Fanout = 1; COMB Node = 'P1~11'
        Info: 3: + IC(2.800 ns) + CELL(2.000 ns) = 8.000 ns; Loc. = LC3_A3; Fanout = 1; COMB Node = 'P1~24'
        Info: 4: + IC(0.000 ns) + CELL(2.000 ns) = 10.000 ns; Loc. = LC4_A3; Fanout = 2; COMB Node = 'P1~15'
        Info: 5: + IC(0.500 ns) + CELL(2.700 ns) = 13.200 ns; Loc. = LC6_A3; Fanout = 1; COMB Node = 'P1~6'
        Info: 6: + IC(2.800 ns) + CELL(2.700 ns) = 18.700 ns; Loc. = LC1_A5; Fanout = 20; COMB Node = 'CURRENT_CNT~40'
        Info: 7: + IC(3.100 ns) + CELL(2.000 ns) = 23.800 ns; Loc. = LC1_A6; Fanout = 5; REG Node = 'lpm_counter:\P1:CURRENT_CNT[1]_rtl_0|alt_counter_f10ke:wysi_counter|counter_cell[14]'
        Info: Total cell delay = 14.100 ns ( 59.24 % )
        Info: Total interconnect delay = 9.700 ns ( 40.76 % )
    Info: - Smallest clock skew is 0.000 ns
        Info: + Shortest clock path from clock "CLK_Y" to destination register is 7.000 ns
            Info: 1: + IC(0.000 ns) + CELL(2.900 ns) = 2.900 ns; Loc. = PIN_91; Fanout = 21; CLK Node = 'CLK_Y'
            Info: 2: + IC(4.100 ns) + CELL(0.000 ns) = 7.000 ns; Loc. = LC1_A6; Fanout = 5; REG Node = 'lpm_counter:\P1:CURRENT_CNT[1]_rtl_0|alt_counter_f10ke:wysi_counter|counter_cell[14]'
            Info: Total cell delay = 2.900 ns ( 41.43 % )
            Info: Total interconnect delay = 4.100 ns ( 58.57 % )
        Info: - Longest clock path from clock "CLK_Y" to source register is 7.000 ns
            Info: 1: + IC(0.000 ns) + CELL(2.900 ns) = 2.900 ns; Loc. = PIN_91; Fanout = 21; CLK Node = 'CLK_Y'
            Info: 2: + IC(4.100 ns) + CELL(0.000 ns) = 7.000 ns; Loc. = LC5_A2; Fanout = 4; REG Node = 'lpm_counter:\P1:CURRENT_CNT[1]_rtl_0|alt_counter_f10ke:wysi_counter|counter_cell[2]'
            Info: Total cell delay = 2.900 ns ( 41.43 % )
            Info: Total interconnect delay = 4.100 ns ( 58.57 % )
    Info: + Micro clock to output delay of source is 1.400 ns
    Info: + Micro setup delay of destination is 2.600 ns
Info: tco from clock "CLK_Y" to destination pin "Q_Z" through register "Q_Z~reg0" is 20.400 ns
    Info: + Longest clock path from clock "CLK_Y" to source register is 7.000 ns
        Info: 1: + IC(0.000 ns) + CELL(2.900 ns) = 2.900 ns; Loc. = PIN_91; Fanout = 21; CLK Node = 'CLK_Y'
        Info: 2: + IC(4.100 ns) + CELL(0.000 ns) = 7.000 ns; Loc. = LC7_A5; Fanout = 1; REG Node = 'Q_Z~reg0'
        Info: Total cell delay = 2.900 ns ( 41.43 % )
        Info: Total interconnect delay = 4.100 ns ( 58.57 % )
    Info: + Micro clock to output delay of source is 1.400 ns
    Info: + Longest register to pin delay is 12.000 ns
        Info: 1: + IC(0.000 ns) + CELL(0.000 ns) = 0.000 ns; Loc. = LC7_A5; Fanout = 1; REG Node = 'Q_Z~reg0'
        Info: 2: + IC(7.000 ns) + CELL(5.000 ns) = 12.000 ns; Loc. = PIN_45; Fanout = 0; PIN Node = 'Q_Z'
        Info: Total cell delay = 5.000 ns ( 41.67 % )
        Info: Total interconnect delay = 7.000 ns ( 58.33 % )
Info: Quartus II 64-Bit Classic Timing Analyzer was successful. 0 errors, 1 warning
    Info: Peak virtual memory: 293 megabytes
    Info: Processing ended: Tue Dec 17 21:38:53 2013
    Info: Elapsed time: 00:00:01
    Info: Total CPU time (on all processors): 00:00:00


