Simulator report for DESIGN3TG
Tue Dec 17 21:29:08 2013
Quartus II 64-Bit Version 9.0 Build 235 06/17/2009 Service Pack 2 SJ Full Version


---------------------
; Table of Contents ;
---------------------
  1. Legal Notice
  2. Simulator Summary
  3. Simulator Settings
  4. Simulation Waveforms
  5. Coverage Summary
  6. Complete 1/0-Value Coverage
  7. Missing 1-Value Coverage
  8. Missing 0-Value Coverage
  9. Simulator INI Usage
 10. Simulator Messages



----------------
; Legal Notice ;
----------------
Copyright (C) 1991-2009 Altera Corporation
Your use of Altera Corporation's design tools, logic functions 
and other software and tools, and its AMPP partner logic 
functions, and any output files from any of the foregoing 
(including device programming or simulation files), and any 
associated documentation or information are expressly subject 
to the terms and conditions of the Altera Program License 
Subscription Agreement, Altera MegaCore Function License 
Agreement, or other applicable license agreement, including, 
without limitation, that your use is for the sole purpose of 
programming logic devices manufactured by Altera and sold by 
Altera or its authorized distributors.  Please refer to the 
applicable agreement for further details.



+-----------------------------------------------+
; Simulator Summary                             ;
+-----------------------------+-----------------+
; Type                        ; Value           ;
+-----------------------------+-----------------+
; Simulation Start Time       ; 0 ps            ;
; Simulation End Time         ; 100.0 ms        ;
; Simulation Netlist Size     ; 36 nodes        ;
; Simulation Coverage         ;     100.00 %    ;
; Total Number of Transitions ; 22519205        ;
; Simulation Breakpoints      ; 0               ;
; Family                      ; FLEX10K         ;
; Device                      ; EPF10K70RC240-4 ;
+-----------------------------+-----------------+


+-------------------------------------------------------------------------------------------------------------------------+
; Simulator Settings                                                                                                      ;
+--------------------------------------------------------------------------------------------+------------+---------------+
; Option                                                                                     ; Setting    ; Default Value ;
+--------------------------------------------------------------------------------------------+------------+---------------+
; Simulation mode                                                                            ; Timing     ; Timing        ;
; Start time                                                                                 ; 0 ns       ; 0 ns          ;
; Simulation results format                                                                  ; CVWF       ;               ;
; Add pins automatically to simulation output waveforms                                      ; On         ; On            ;
; Check outputs                                                                              ; Off        ; Off           ;
; Report simulation coverage                                                                 ; On         ; On            ;
; Display complete 1/0 value coverage report                                                 ; On         ; On            ;
; Display missing 1-value coverage report                                                    ; On         ; On            ;
; Display missing 0-value coverage report                                                    ; On         ; On            ;
; Detect setup and hold time violations                                                      ; Off        ; Off           ;
; Detect glitches                                                                            ; Off        ; Off           ;
; Disable timing delays in Timing Simulation                                                 ; Off        ; Off           ;
; Generate Signal Activity File                                                              ; Off        ; Off           ;
; Generate VCD File for PowerPlay Power Analyzer                                             ; Off        ; Off           ;
; Group bus channels in simulation results                                                   ; Off        ; Off           ;
; Preserve fewer signal transitions to reduce memory requirements                            ; On         ; On            ;
; Trigger vector comparison with the specified mode                                          ; INPUT_EDGE ; INPUT_EDGE    ;
; Disable setup and hold time violations detection in input registers of bi-directional pins ; Off        ; Off           ;
; Overwrite Waveform Inputs With Simulation Outputs                                          ; On         ;               ;
; Perform Glitch Filtering in Timing Simulation                                              ; Auto       ; Auto          ;
+--------------------------------------------------------------------------------------------+------------+---------------+


+----------------------+
; Simulation Waveforms ;
+----------------------+
Waveform report data cannot be output to ASCII.
Please use Quartus II 64-Bit to view the waveform report data.


+--------------------------------------------------------------------+
; Coverage Summary                                                   ;
+-----------------------------------------------------+--------------+
; Type                                                ; Value        ;
+-----------------------------------------------------+--------------+
; Total coverage as a percentage                      ;     100.00 % ;
; Total nodes checked                                 ; 36           ;
; Total output ports checked                          ; 54           ;
; Total output ports with complete 1/0-value coverage ; 54           ;
; Total output ports with no 1/0-value coverage       ; 0            ;
; Total output ports with no 1-value coverage         ; 0            ;
; Total output ports with no 0-value coverage         ; 0            ;
+-----------------------------------------------------+--------------+


The following table displays output ports that toggle between 1 and 0 during simulation.
+---------------------------------------------------------------------------------------------------------------------------------------------------------------------------------------------------------------------------+
; Complete 1/0-Value Coverage                                                                                                                                                                                               ;
+-------------------------------------------------------------------------------------------------+------------------------------------------------------------------------------------------------------+------------------+
; Node Name                                                                                       ; Output Port Name                                                                                     ; Output Port Type ;
+-------------------------------------------------------------------------------------------------+------------------------------------------------------------------------------------------------------+------------------+
; |DESIGN3TG|Q_Z~reg0                                                                             ; |DESIGN3TG|Q_Z~reg0                                                                                  ; data_out0        ;
; |DESIGN3TG|lpm_counter:\P1:CURRENT_CNT[1]_rtl_0|alt_counter_f10ke:wysi_counter|counter_cell[17] ; |DESIGN3TG|lpm_counter:\P1:CURRENT_CNT[1]_rtl_0|alt_counter_f10ke:wysi_counter|counter_cell[17]      ; data_out0        ;
; |DESIGN3TG|lpm_counter:\P1:CURRENT_CNT[1]_rtl_0|alt_counter_f10ke:wysi_counter|counter_cell[14] ; |DESIGN3TG|lpm_counter:\P1:CURRENT_CNT[1]_rtl_0|alt_counter_f10ke:wysi_counter|counter_cell[14]      ; data_out0        ;
; |DESIGN3TG|lpm_counter:\P1:CURRENT_CNT[1]_rtl_0|alt_counter_f10ke:wysi_counter|counter_cell[14] ; |DESIGN3TG|lpm_counter:\P1:CURRENT_CNT[1]_rtl_0|alt_counter_f10ke:wysi_counter|counter_cell[14]~COUT ; cout             ;
; |DESIGN3TG|lpm_counter:\P1:CURRENT_CNT[1]_rtl_0|alt_counter_f10ke:wysi_counter|counter_cell[15] ; |DESIGN3TG|lpm_counter:\P1:CURRENT_CNT[1]_rtl_0|alt_counter_f10ke:wysi_counter|counter_cell[15]      ; data_out0        ;
; |DESIGN3TG|lpm_counter:\P1:CURRENT_CNT[1]_rtl_0|alt_counter_f10ke:wysi_counter|counter_cell[15] ; |DESIGN3TG|lpm_counter:\P1:CURRENT_CNT[1]_rtl_0|alt_counter_f10ke:wysi_counter|counter_cell[15]~COUT ; cout             ;
; |DESIGN3TG|lpm_counter:\P1:CURRENT_CNT[1]_rtl_0|alt_counter_f10ke:wysi_counter|counter_cell[16] ; |DESIGN3TG|lpm_counter:\P1:CURRENT_CNT[1]_rtl_0|alt_counter_f10ke:wysi_counter|counter_cell[16]      ; data_out0        ;
; |DESIGN3TG|lpm_counter:\P1:CURRENT_CNT[1]_rtl_0|alt_counter_f10ke:wysi_counter|counter_cell[16] ; |DESIGN3TG|lpm_counter:\P1:CURRENT_CNT[1]_rtl_0|alt_counter_f10ke:wysi_counter|counter_cell[16]~COUT ; cout             ;
; |DESIGN3TG|CURRENT_CNT~36                                                                       ; |DESIGN3TG|CURRENT_CNT~36                                                                            ; data_out0        ;
; |DESIGN3TG|lpm_counter:\P1:CURRENT_CNT[1]_rtl_0|alt_counter_f10ke:wysi_counter|counter_cell[4]  ; |DESIGN3TG|lpm_counter:\P1:CURRENT_CNT[1]_rtl_0|alt_counter_f10ke:wysi_counter|counter_cell[4]       ; data_out0        ;
; |DESIGN3TG|lpm_counter:\P1:CURRENT_CNT[1]_rtl_0|alt_counter_f10ke:wysi_counter|counter_cell[4]  ; |DESIGN3TG|lpm_counter:\P1:CURRENT_CNT[1]_rtl_0|alt_counter_f10ke:wysi_counter|counter_cell[4]~COUT  ; cout             ;
; |DESIGN3TG|lpm_counter:\P1:CURRENT_CNT[1]_rtl_0|alt_counter_f10ke:wysi_counter|counter_cell[3]  ; |DESIGN3TG|lpm_counter:\P1:CURRENT_CNT[1]_rtl_0|alt_counter_f10ke:wysi_counter|counter_cell[3]       ; data_out0        ;
; |DESIGN3TG|lpm_counter:\P1:CURRENT_CNT[1]_rtl_0|alt_counter_f10ke:wysi_counter|counter_cell[3]  ; |DESIGN3TG|lpm_counter:\P1:CURRENT_CNT[1]_rtl_0|alt_counter_f10ke:wysi_counter|counter_cell[3]~COUT  ; cout             ;
; |DESIGN3TG|lpm_counter:\P1:CURRENT_CNT[1]_rtl_0|alt_counter_f10ke:wysi_counter|counter_cell[2]  ; |DESIGN3TG|lpm_counter:\P1:CURRENT_CNT[1]_rtl_0|alt_counter_f10ke:wysi_counter|counter_cell[2]       ; data_out0        ;
; |DESIGN3TG|lpm_counter:\P1:CURRENT_CNT[1]_rtl_0|alt_counter_f10ke:wysi_counter|counter_cell[2]  ; |DESIGN3TG|lpm_counter:\P1:CURRENT_CNT[1]_rtl_0|alt_counter_f10ke:wysi_counter|counter_cell[2]~COUT  ; cout             ;
; |DESIGN3TG|lpm_counter:\P1:CURRENT_CNT[1]_rtl_0|alt_counter_f10ke:wysi_counter|counter_cell[0]  ; |DESIGN3TG|lpm_counter:\P1:CURRENT_CNT[1]_rtl_0|alt_counter_f10ke:wysi_counter|counter_cell[0]       ; data_out0        ;
; |DESIGN3TG|lpm_counter:\P1:CURRENT_CNT[1]_rtl_0|alt_counter_f10ke:wysi_counter|counter_cell[0]  ; |DESIGN3TG|lpm_counter:\P1:CURRENT_CNT[1]_rtl_0|alt_counter_f10ke:wysi_counter|counter_cell[0]~COUT  ; cout             ;
; |DESIGN3TG|lpm_counter:\P1:CURRENT_CNT[1]_rtl_0|alt_counter_f10ke:wysi_counter|counter_cell[1]  ; |DESIGN3TG|lpm_counter:\P1:CURRENT_CNT[1]_rtl_0|alt_counter_f10ke:wysi_counter|counter_cell[1]       ; data_out0        ;
; |DESIGN3TG|lpm_counter:\P1:CURRENT_CNT[1]_rtl_0|alt_counter_f10ke:wysi_counter|counter_cell[1]  ; |DESIGN3TG|lpm_counter:\P1:CURRENT_CNT[1]_rtl_0|alt_counter_f10ke:wysi_counter|counter_cell[1]~COUT  ; cout             ;
; |DESIGN3TG|LessThan2~1                                                                          ; |DESIGN3TG|LessThan2~1                                                                               ; data_out0        ;
; |DESIGN3TG|LessThan2~2                                                                          ; |DESIGN3TG|LessThan2~2                                                                               ; data_out0        ;
; |DESIGN3TG|lpm_counter:\P1:CURRENT_CNT[1]_rtl_0|alt_counter_f10ke:wysi_counter|counter_cell[13] ; |DESIGN3TG|lpm_counter:\P1:CURRENT_CNT[1]_rtl_0|alt_counter_f10ke:wysi_counter|counter_cell[13]      ; data_out0        ;
; |DESIGN3TG|lpm_counter:\P1:CURRENT_CNT[1]_rtl_0|alt_counter_f10ke:wysi_counter|counter_cell[13] ; |DESIGN3TG|lpm_counter:\P1:CURRENT_CNT[1]_rtl_0|alt_counter_f10ke:wysi_counter|counter_cell[13]~COUT ; cout             ;
; |DESIGN3TG|lpm_counter:\P1:CURRENT_CNT[1]_rtl_0|alt_counter_f10ke:wysi_counter|counter_cell[12] ; |DESIGN3TG|lpm_counter:\P1:CURRENT_CNT[1]_rtl_0|alt_counter_f10ke:wysi_counter|counter_cell[12]      ; data_out0        ;
; |DESIGN3TG|lpm_counter:\P1:CURRENT_CNT[1]_rtl_0|alt_counter_f10ke:wysi_counter|counter_cell[12] ; |DESIGN3TG|lpm_counter:\P1:CURRENT_CNT[1]_rtl_0|alt_counter_f10ke:wysi_counter|counter_cell[12]~COUT ; cout             ;
; |DESIGN3TG|lpm_counter:\P1:CURRENT_CNT[1]_rtl_0|alt_counter_f10ke:wysi_counter|counter_cell[11] ; |DESIGN3TG|lpm_counter:\P1:CURRENT_CNT[1]_rtl_0|alt_counter_f10ke:wysi_counter|counter_cell[11]      ; data_out0        ;
; |DESIGN3TG|lpm_counter:\P1:CURRENT_CNT[1]_rtl_0|alt_counter_f10ke:wysi_counter|counter_cell[11] ; |DESIGN3TG|lpm_counter:\P1:CURRENT_CNT[1]_rtl_0|alt_counter_f10ke:wysi_counter|counter_cell[11]~COUT ; cout             ;
; |DESIGN3TG|LessThan2~3                                                                          ; |DESIGN3TG|LessThan2~3                                                                               ; data_out0        ;
; |DESIGN3TG|lpm_counter:\P1:CURRENT_CNT[1]_rtl_0|alt_counter_f10ke:wysi_counter|counter_cell[7]  ; |DESIGN3TG|lpm_counter:\P1:CURRENT_CNT[1]_rtl_0|alt_counter_f10ke:wysi_counter|counter_cell[7]       ; data_out0        ;
; |DESIGN3TG|lpm_counter:\P1:CURRENT_CNT[1]_rtl_0|alt_counter_f10ke:wysi_counter|counter_cell[7]  ; |DESIGN3TG|lpm_counter:\P1:CURRENT_CNT[1]_rtl_0|alt_counter_f10ke:wysi_counter|counter_cell[7]~COUT  ; cout             ;
; |DESIGN3TG|lpm_counter:\P1:CURRENT_CNT[1]_rtl_0|alt_counter_f10ke:wysi_counter|counter_cell[10] ; |DESIGN3TG|lpm_counter:\P1:CURRENT_CNT[1]_rtl_0|alt_counter_f10ke:wysi_counter|counter_cell[10]      ; data_out0        ;
; |DESIGN3TG|lpm_counter:\P1:CURRENT_CNT[1]_rtl_0|alt_counter_f10ke:wysi_counter|counter_cell[10] ; |DESIGN3TG|lpm_counter:\P1:CURRENT_CNT[1]_rtl_0|alt_counter_f10ke:wysi_counter|counter_cell[10]~COUT ; cout             ;
; |DESIGN3TG|lpm_counter:\P1:CURRENT_CNT[1]_rtl_0|alt_counter_f10ke:wysi_counter|counter_cell[8]  ; |DESIGN3TG|lpm_counter:\P1:CURRENT_CNT[1]_rtl_0|alt_counter_f10ke:wysi_counter|counter_cell[8]       ; data_out0        ;
; |DESIGN3TG|lpm_counter:\P1:CURRENT_CNT[1]_rtl_0|alt_counter_f10ke:wysi_counter|counter_cell[8]  ; |DESIGN3TG|lpm_counter:\P1:CURRENT_CNT[1]_rtl_0|alt_counter_f10ke:wysi_counter|counter_cell[8]~COUT  ; cout             ;
; |DESIGN3TG|lpm_counter:\P1:CURRENT_CNT[1]_rtl_0|alt_counter_f10ke:wysi_counter|counter_cell[9]  ; |DESIGN3TG|lpm_counter:\P1:CURRENT_CNT[1]_rtl_0|alt_counter_f10ke:wysi_counter|counter_cell[9]       ; data_out0        ;
; |DESIGN3TG|lpm_counter:\P1:CURRENT_CNT[1]_rtl_0|alt_counter_f10ke:wysi_counter|counter_cell[9]  ; |DESIGN3TG|lpm_counter:\P1:CURRENT_CNT[1]_rtl_0|alt_counter_f10ke:wysi_counter|counter_cell[9]~COUT  ; cout             ;
; |DESIGN3TG|LessThan2~4                                                                          ; |DESIGN3TG|LessThan2~4                                                                               ; data_out0        ;
; |DESIGN3TG|LessThan2~4                                                                          ; |DESIGN3TG|LessThan2~11                                                                              ; cascout          ;
; |DESIGN3TG|LessThan2~5                                                                          ; |DESIGN3TG|LessThan2~5                                                                               ; data_out0        ;
; |DESIGN3TG|CURRENT_CNT~37                                                                       ; |DESIGN3TG|CURRENT_CNT~37                                                                            ; data_out0        ;
; |DESIGN3TG|LessThan0~1                                                                          ; |DESIGN3TG|LessThan0~1                                                                               ; data_out0        ;
; |DESIGN3TG|LessThan0~2                                                                          ; |DESIGN3TG|LessThan0~2                                                                               ; data_out0        ;
; |DESIGN3TG|lpm_counter:\P1:CURRENT_CNT[1]_rtl_0|alt_counter_f10ke:wysi_counter|counter_cell[6]  ; |DESIGN3TG|lpm_counter:\P1:CURRENT_CNT[1]_rtl_0|alt_counter_f10ke:wysi_counter|counter_cell[6]       ; data_out0        ;
; |DESIGN3TG|lpm_counter:\P1:CURRENT_CNT[1]_rtl_0|alt_counter_f10ke:wysi_counter|counter_cell[6]  ; |DESIGN3TG|lpm_counter:\P1:CURRENT_CNT[1]_rtl_0|alt_counter_f10ke:wysi_counter|counter_cell[6]~COUT  ; cout             ;
; |DESIGN3TG|lpm_counter:\P1:CURRENT_CNT[1]_rtl_0|alt_counter_f10ke:wysi_counter|counter_cell[5]  ; |DESIGN3TG|lpm_counter:\P1:CURRENT_CNT[1]_rtl_0|alt_counter_f10ke:wysi_counter|counter_cell[5]       ; data_out0        ;
; |DESIGN3TG|lpm_counter:\P1:CURRENT_CNT[1]_rtl_0|alt_counter_f10ke:wysi_counter|counter_cell[5]  ; |DESIGN3TG|lpm_counter:\P1:CURRENT_CNT[1]_rtl_0|alt_counter_f10ke:wysi_counter|counter_cell[5]~COUT  ; cout             ;
; |DESIGN3TG|LessThan2~10                                                                         ; |DESIGN3TG|LessThan2~10                                                                              ; data_out0        ;
; |DESIGN3TG|LessThan0~6                                                                          ; |DESIGN3TG|LessThan0~6                                                                               ; data_out0        ;
; |DESIGN3TG|LessThan0~15                                                                         ; |DESIGN3TG|LessThan0~15                                                                              ; data_out0        ;
; |DESIGN3TG|LessThan0~9                                                                          ; |DESIGN3TG|LessThan0~24                                                                              ; cascout          ;
; |DESIGN3TG|LessThan0~13                                                                         ; |DESIGN3TG|LessThan0~26                                                                              ; cascout          ;
; |DESIGN3TG|LessThan0~16                                                                         ; |DESIGN3TG|LessThan0~16                                                                              ; data_out0        ;
; |DESIGN3TG|CLK_Y                                                                                ; |DESIGN3TG|CLK_Y~corein                                                                              ; dataout          ;
; |DESIGN3TG|Q_Z                                                                                  ; |DESIGN3TG|Q_Z                                                                                       ; padio            ;
+-------------------------------------------------------------------------------------------------+------------------------------------------------------------------------------------------------------+------------------+


The following table displays output ports that do not toggle to 1 during simulation.
+-------------------------------------------------+
; Missing 1-Value Coverage                        ;
+-----------+------------------+------------------+
; Node Name ; Output Port Name ; Output Port Type ;
+-----------+------------------+------------------+


The following table displays output ports that do not toggle to 0 during simulation.
+-------------------------------------------------+
; Missing 0-Value Coverage                        ;
+-----------+------------------+------------------+
; Node Name ; Output Port Name ; Output Port Type ;
+-----------+------------------+------------------+


+---------------------+
; Simulator INI Usage ;
+--------+------------+
; Option ; Usage      ;
+--------+------------+


+--------------------+
; Simulator Messages ;
+--------------------+
Info: *******************************************************************
Info: Running Quartus II 64-Bit Simulator
    Info: Version 9.0 Build 235 06/17/2009 Service Pack 2 SJ Full Version
    Info: Processing started: Tue Dec 17 21:24:31 2013
Info: Command: quartus_sim --read_settings_files=on --write_settings_files=off DESIGN3TG -c DESIGN3TG
Info: Using vector source file "Z:/DESIGN3TG/DESIGN3TG.vwf"
Info: Overwriting simulation input file with simulation results
    Info: A backup of DESIGN3TG.vwf called DESIGN3TG.sim_ori.vwf has been created in the db folder
Warning: Ignored node in vector source file. Can't find corresponding node name "\P1:CURRENT_CNT[1]" in design.
Warning: Ignored node in vector source file. Can't find corresponding node name "\P1:CURRENT_CNT[2]" in design.
Warning: Ignored node in vector source file. Can't find corresponding node name "\P1:CURRENT_CNT[3]" in design.
Warning: Ignored node in vector source file. Can't find corresponding node name "\P1:CURRENT_CNT[4]" in design.
Warning: Ignored node in vector source file. Can't find corresponding node name "\P1:CURRENT_CNT[5]" in design.
Warning: Ignored node in vector source file. Can't find corresponding node name "\P1:CURRENT_CNT[6]" in design.
Warning: Ignored node in vector source file. Can't find corresponding node name "\P1:CURRENT_CNT[7]" in design.
Warning: Ignored node in vector source file. Can't find corresponding node name "\P1:CURRENT_CNT[8]" in design.
Warning: Ignored node in vector source file. Can't find corresponding node name "\P1:CURRENT_CNT[9]" in design.
Warning: Ignored node in vector source file. Can't find corresponding node name "\P1:CURRENT_CNT[10]" in design.
Warning: Ignored node in vector source file. Can't find corresponding node name "\P1:CURRENT_CNT[11]" in design.
Warning: Ignored node in vector source file. Can't find corresponding node name "\P1:CURRENT_CNT[12]" in design.
Warning: Ignored node in vector source file. Can't find corresponding node name "\P1:CURRENT_CNT[13]" in design.
Warning: Ignored node in vector source file. Can't find corresponding node name "\P1:CURRENT_CNT[14]" in design.
Warning: Ignored node in vector source file. Can't find corresponding node name "\P1:CURRENT_CNT[15]" in design.
Warning: Ignored node in vector source file. Can't find corresponding node name "\P1:CURRENT_CNT[16]" in design.
Warning: Ignored node in vector source file. Can't find corresponding node name "\P1:CURRENT_CNT[17]" in design.
Warning: Ignored node in vector source file. Can't find corresponding node name "\P1:CURRENT_CNT[18]" in design.
Info: Option to preserve fewer signal transitions to reduce memory requirements is enabled
    Info: Simulation has been partitioned into sub-simulations according to the maximum transition count determined by the engine. Transitions from memory will be flushed out to disk at the end of each sub-simulation to reduce memory requirements.
Info: Simulation partitioned into 1 sub-simulations
Info: Simulation coverage is     100.00 %
Info: Number of transitions in simulation is 22519205
Info: Vector file DESIGN3TG.vwf is saved in VWF text format. You can compress it into CVWF format in order to reduce file size. For more details please refer to the Quartus II Help.
Info: Quartus II 64-Bit Simulator was successful. 0 errors, 18 warnings
    Info: Peak virtual memory: 204 megabytes
    Info: Processing ended: Tue Dec 17 21:29:09 2013
    Info: Elapsed time: 00:04:38
    Info: Total CPU time (on all processors): 00:04:35


