Flow report for DESIGN1TG
Tue Dec 10 19:23:36 2013
Quartus II 64-Bit Version 9.0 Build 235 06/17/2009 Service Pack 2 SJ Full Version


---------------------
; Table of Contents ;
---------------------
  1. Legal Notice
  2. Flow Summary
  3. Flow Settings
  4. Flow Non-Default Global Settings
  5. Flow Elapsed Time
  6. Flow OS Summary
  7. Flow Log



----------------
; Legal Notice ;
----------------
Copyright (C) 1991-2009 Altera Corporation
Your use of Altera Corporation's design tools, logic functions 
and other software and tools, and its AMPP partner logic 
functions, and any output files from any of the foregoing 
(including device programming or simulation files), and any 
associated documentation or information are expressly subject 
to the terms and conditions of the Altera Program License 
Subscription Agreement, Altera MegaCore Function License 
Agreement, or other applicable license agreement, including, 
without limitation, that your use is for the sole purpose of 
programming logic devices manufactured by Altera and sold by 
Altera or its authorized distributors.  Please refer to the 
applicable agreement for further details.



+---------------------------------------------------------------------------+
; Flow Summary                                                              ;
+---------------------------+-----------------------------------------------+
; Flow Status               ; Successful - Tue Dec 10 19:23:36 2013         ;
; Quartus II 64-Bit Version ; 9.0 Build 235 06/17/2009 SP 2 SJ Full Version ;
; Revision Name             ; DESIGN1TG                                     ;
; Top-level Entity Name     ; DESIGN1TG                                     ;
; Family                    ; MAX7000S                                      ;
; Device                    ; EPM7128SLC84-7                                ;
; Timing Models             ; Final                                         ;
; Met timing requirements   ; Yes                                           ;
; Total macrocells          ; 8 / 128 ( 6 % )                               ;
; Total pins                ; 17 / 68 ( 25 % )                              ;
+---------------------------+-----------------------------------------------+


+-----------------------------------------+
; Flow Settings                           ;
+-------------------+---------------------+
; Option            ; Setting             ;
+-------------------+---------------------+
; Start date & time ; 12/10/2013 19:23:23 ;
; Main task         ; Compilation         ;
; Revision Name     ; DESIGN1TG           ;
+-------------------+---------------------+


+--------------------------------------------------------------------------------------------------------------------+
; Flow Non-Default Global Settings                                                                                   ;
+------------------------------------+--------------------------------+---------------+-------------+----------------+
; Assignment Name                    ; Value                          ; Default Value ; Entity Name ; Section Id     ;
+------------------------------------+--------------------------------+---------------+-------------+----------------+
; COMPILER_SIGNATURE_ID              ; 48549626312313.138672140204288 ; --            ; --          ; --             ;
; MAX_CORE_JUNCTION_TEMP             ; 85                             ; --            ; --          ; --             ;
; MIN_CORE_JUNCTION_TEMP             ; 0                              ; --            ; --          ; --             ;
; MISC_FILE                          ; Z:/DESIGN1TG/DESIGN1TG.dpf     ; --            ; --          ; --             ;
; USE_GENERATED_PHYSICAL_CONSTRAINTS ; Off                            ; --            ; --          ; eda_blast_fpga ;
+------------------------------------+--------------------------------+---------------+-------------+----------------+


+-----------------------------------------------------------------------------------------------------------------------------+
; Flow Elapsed Time                                                                                                           ;
+-------------------------+--------------+-------------------------+---------------------+------------------------------------+
; Module Name             ; Elapsed Time ; Average Processors Used ; Peak Virtual Memory ; Total CPU Time (on all processors) ;
+-------------------------+--------------+-------------------------+---------------------+------------------------------------+
; Analysis & Synthesis    ; 00:00:05     ; 1.0                     ; 368 MB              ; 00:00:01                           ;
; Fitter                  ; 00:00:01     ; 1.0                     ; 370 MB              ; 00:00:00                           ;
; Assembler               ; 00:00:01     ; 1.0                     ; 275 MB              ; 00:00:00                           ;
; Classic Timing Analyzer ; 00:00:01     ; 1.0                     ; 266 MB              ; 00:00:00                           ;
; Total                   ; 00:00:08     ; --                      ; --                  ; 00:00:01                           ;
+-------------------------+--------------+-------------------------+---------------------+------------------------------------+


+------------------------------------------------------------------------------------------+
; Flow OS Summary                                                                          ;
+-------------------------+------------------+---------------+------------+----------------+
; Module Name             ; Machine Hostname ; OS Name       ; OS Version ; Processor type ;
+-------------------------+------------------+---------------+------------+----------------+
; Analysis & Synthesis    ; PVDACD515-09     ; Windows Vista ; 6.1        ; x86_64         ;
; Fitter                  ; PVDACD515-09     ; Windows Vista ; 6.1        ; x86_64         ;
; Assembler               ; PVDACD515-09     ; Windows Vista ; 6.1        ; x86_64         ;
; Classic Timing Analyzer ; PVDACD515-09     ; Windows Vista ; 6.1        ; x86_64         ;
+-------------------------+------------------+---------------+------------+----------------+


------------
; Flow Log ;
------------
quartus_map --read_settings_files=on --write_settings_files=off DESIGN1TG -c DESIGN1TG
quartus_fit --read_settings_files=off --write_settings_files=off DESIGN1TG -c DESIGN1TG
quartus_asm --read_settings_files=off --write_settings_files=off DESIGN1TG -c DESIGN1TG
quartus_tan --read_settings_files=off --write_settings_files=off DESIGN1TG -c DESIGN1TG



