Classic Timing Analyzer report for DESIGN1TG
Tue Dec 10 19:23:36 2013
Quartus II 64-Bit Version 9.0 Build 235 06/17/2009 Service Pack 2 SJ Full Version


---------------------
; Table of Contents ;
---------------------
  1. Legal Notice
  2. Timing Analyzer Summary
  3. Timing Analyzer Settings
  4. Parallel Compilation
  5. tpd
  6. Timing Analyzer Messages



----------------
; Legal Notice ;
----------------
Copyright (C) 1991-2009 Altera Corporation
Your use of Altera Corporation's design tools, logic functions 
and other software and tools, and its AMPP partner logic 
functions, and any output files from any of the foregoing 
(including device programming or simulation files), and any 
associated documentation or information are expressly subject 
to the terms and conditions of the Altera Program License 
Subscription Agreement, Altera MegaCore Function License 
Agreement, or other applicable license agreement, including, 
without limitation, that your use is for the sole purpose of 
programming logic devices manufactured by Altera and sold by 
Altera or its authorized distributors.  Please refer to the 
applicable agreement for further details.



+---------------------------------------------------------------------------------------------------------------------------------------+
; Timing Analyzer Summary                                                                                                               ;
+------------------------------+-------+---------------+-------------+------------+--------------+------------+----------+--------------+
; Type                         ; Slack ; Required Time ; Actual Time ; From       ; To           ; From Clock ; To Clock ; Failed Paths ;
+------------------------------+-------+---------------+-------------+------------+--------------+------------+----------+--------------+
; Worst-case tpd               ; N/A   ; None          ; 7.500 ns    ; ASY_RST_LY ; B_HEX_LED_LZ ; --         ; --       ; 0            ;
; Total number of failed paths ;       ;               ;             ;            ;              ;            ;          ; 0            ;
+------------------------------+-------+---------------+-------------+------------+--------------+------------+----------+--------------+


+--------------------------------------------------------------------------------------------------------------------+
; Timing Analyzer Settings                                                                                           ;
+---------------------------------------------------------------------+--------------------+------+----+-------------+
; Option                                                              ; Setting            ; From ; To ; Entity Name ;
+---------------------------------------------------------------------+--------------------+------+----+-------------+
; Device Name                                                         ; EPM7128SLC84-7     ;      ;    ;             ;
; Timing Models                                                       ; Final              ;      ;    ;             ;
; Default hold multicycle                                             ; Same as Multicycle ;      ;    ;             ;
; Cut paths between unrelated clock domains                           ; On                 ;      ;    ;             ;
; Cut off read during write signal paths                              ; On                 ;      ;    ;             ;
; Cut off feedback from I/O pins                                      ; On                 ;      ;    ;             ;
; Report Combined Fast/Slow Timing                                    ; Off                ;      ;    ;             ;
; Ignore Clock Settings                                               ; Off                ;      ;    ;             ;
; Analyze latches as synchronous elements                             ; On                 ;      ;    ;             ;
; Enable Recovery/Removal analysis                                    ; Off                ;      ;    ;             ;
; Enable Clock Latency                                                ; Off                ;      ;    ;             ;
; Use TimeQuest Timing Analyzer                                       ; Off                ;      ;    ;             ;
; Minimum Core Junction Temperature                                   ; 0                  ;      ;    ;             ;
; Maximum Core Junction Temperature                                   ; 85                 ;      ;    ;             ;
; Number of source nodes to report per destination node               ; 10                 ;      ;    ;             ;
; Number of destination nodes to report                               ; 10                 ;      ;    ;             ;
; Number of paths to report                                           ; 200                ;      ;    ;             ;
; Report Minimum Timing Checks                                        ; Off                ;      ;    ;             ;
; Use Fast Timing Models                                              ; Off                ;      ;    ;             ;
; Report IO Paths Separately                                          ; Off                ;      ;    ;             ;
; Perform Multicorner Analysis                                        ; Off                ;      ;    ;             ;
; Reports the worst-case path for each clock domain and analysis      ; Off                ;      ;    ;             ;
; Removes common clock path pessimism (CCPP) during slack computation ; Off                ;      ;    ;             ;
; Output I/O Timing Endpoint                                          ; Near End           ;      ;    ;             ;
+---------------------------------------------------------------------+--------------------+------+----+-------------+


+------------------------------------------+
; Parallel Compilation                     ;
+----------------------------+-------------+
; Processors                 ; Number      ;
+----------------------------+-------------+
; Number detected on machine ; 4           ;
; Maximum allowed            ; 4           ;
;                            ;             ;
; Average used               ; 1.00        ;
; Maximum used               ; 1           ;
;                            ;             ;
; Usage by Processor         ; % Time Used ;
;     1 processor            ; 100.0%      ;
;     2-4 processors         ;   0.0%      ;
+----------------------------+-------------+


+-------------------------------------------------------------------------+
; tpd                                                                     ;
+-------+-------------------+-----------------+------------+--------------+
; Slack ; Required P2P Time ; Actual P2P Time ; From       ; To           ;
+-------+-------------------+-----------------+------------+--------------+
; N/A   ; None              ; 7.500 ns        ; D_Y        ; A_HEX_LED_LZ ;
; N/A   ; None              ; 7.500 ns        ; B_Y        ; A_HEX_LED_LZ ;
; N/A   ; None              ; 7.500 ns        ; A_Y        ; A_HEX_LED_LZ ;
; N/A   ; None              ; 7.500 ns        ; C_Y        ; A_HEX_LED_LZ ;
; N/A   ; None              ; 7.500 ns        ; ASY_RST_LY ; A_HEX_LED_LZ ;
; N/A   ; None              ; 7.500 ns        ; D_Y        ; G_HEX_LED_LZ ;
; N/A   ; None              ; 7.500 ns        ; B_Y        ; G_HEX_LED_LZ ;
; N/A   ; None              ; 7.500 ns        ; A_Y        ; G_HEX_LED_LZ ;
; N/A   ; None              ; 7.500 ns        ; C_Y        ; G_HEX_LED_LZ ;
; N/A   ; None              ; 7.500 ns        ; ASY_RST_LY ; G_HEX_LED_LZ ;
; N/A   ; None              ; 7.500 ns        ; D_Y        ; F_HEX_LED_LZ ;
; N/A   ; None              ; 7.500 ns        ; B_Y        ; F_HEX_LED_LZ ;
; N/A   ; None              ; 7.500 ns        ; A_Y        ; F_HEX_LED_LZ ;
; N/A   ; None              ; 7.500 ns        ; C_Y        ; F_HEX_LED_LZ ;
; N/A   ; None              ; 7.500 ns        ; ASY_RST_LY ; F_HEX_LED_LZ ;
; N/A   ; None              ; 7.500 ns        ; D_Y        ; D_HEX_LED_LZ ;
; N/A   ; None              ; 7.500 ns        ; B_Y        ; D_HEX_LED_LZ ;
; N/A   ; None              ; 7.500 ns        ; A_Y        ; D_HEX_LED_LZ ;
; N/A   ; None              ; 7.500 ns        ; C_Y        ; D_HEX_LED_LZ ;
; N/A   ; None              ; 7.500 ns        ; ASY_RST_LY ; D_HEX_LED_LZ ;
; N/A   ; None              ; 7.500 ns        ; D_Y        ; E_HEX_LED_LZ ;
; N/A   ; None              ; 7.500 ns        ; B_Y        ; E_HEX_LED_LZ ;
; N/A   ; None              ; 7.500 ns        ; A_Y        ; E_HEX_LED_LZ ;
; N/A   ; None              ; 7.500 ns        ; C_Y        ; E_HEX_LED_LZ ;
; N/A   ; None              ; 7.500 ns        ; ASY_RST_LY ; E_HEX_LED_LZ ;
; N/A   ; None              ; 7.500 ns        ; D_Y        ; C_HEX_LED_LZ ;
; N/A   ; None              ; 7.500 ns        ; B_Y        ; C_HEX_LED_LZ ;
; N/A   ; None              ; 7.500 ns        ; A_Y        ; C_HEX_LED_LZ ;
; N/A   ; None              ; 7.500 ns        ; C_Y        ; C_HEX_LED_LZ ;
; N/A   ; None              ; 7.500 ns        ; ASY_RST_LY ; C_HEX_LED_LZ ;
; N/A   ; None              ; 7.500 ns        ; D_Y        ; B_HEX_LED_LZ ;
; N/A   ; None              ; 7.500 ns        ; B_Y        ; B_HEX_LED_LZ ;
; N/A   ; None              ; 7.500 ns        ; A_Y        ; B_HEX_LED_LZ ;
; N/A   ; None              ; 7.500 ns        ; C_Y        ; B_HEX_LED_LZ ;
; N/A   ; None              ; 7.500 ns        ; ASY_RST_LY ; B_HEX_LED_LZ ;
+-------+-------------------+-----------------+------------+--------------+


+--------------------------+
; Timing Analyzer Messages ;
+--------------------------+
Info: *******************************************************************
Info: Running Quartus II 64-Bit Classic Timing Analyzer
    Info: Version 9.0 Build 235 06/17/2009 Service Pack 2 SJ Full Version
    Info: Processing started: Tue Dec 10 19:23:35 2013
Info: Command: quartus_tan --read_settings_files=off --write_settings_files=off DESIGN1TG -c DESIGN1TG
Info: Parallel compilation is enabled and will use 4 of the 4 processors detected
Info: Started post-fitting delay annotation
Info: Delay annotation completed successfully
Warning: Timing Analysis does not support the analysis of latches as synchronous elements for the currently selected device family
Info: Longest tpd from source pin "D_Y" to destination pin "A_HEX_LED_LZ" is 7.500 ns
    Info: 1: + IC(0.000 ns) + CELL(0.500 ns) = 0.500 ns; Loc. = PIN_52; Fanout = 21; PIN Node = 'D_Y'
    Info: 2: + IC(1.000 ns) + CELL(4.000 ns) = 5.500 ns; Loc. = LC107; Fanout = 1; COMB Node = 'A_HEX_LED_LZ~27'
    Info: 3: + IC(0.000 ns) + CELL(2.000 ns) = 7.500 ns; Loc. = PIN_69; Fanout = 0; PIN Node = 'A_HEX_LED_LZ'
    Info: Total cell delay = 6.500 ns ( 86.67 % )
    Info: Total interconnect delay = 1.000 ns ( 13.33 % )
Info: Quartus II 64-Bit Classic Timing Analyzer was successful. 0 errors, 1 warning
    Info: Peak virtual memory: 284 megabytes
    Info: Processing ended: Tue Dec 10 19:23:37 2013
    Info: Elapsed time: 00:00:02
    Info: Total CPU time (on all processors): 00:00:00


